Starting calculation at:2022-09-29 14:55:59.152784
Worked on folders:3to3/
batch_size:100
lines:128590
num_batches:1286
----------------------
----------------------
Appended amplitudes to ../../data.nosync/QCD_amplitudes_TreeLevel_3to3.txt
Appended simplified sqamplitudes to ../../data.nosync/QCD_sqamplitudes_TreeLevel_3to3.txt
Appended simplified sqamplitudes in prefix notation to ../../data.nosync/QCD_sqamplitudes_TreeLevel_3to3.txt
batch:0
started at:2022-09-29 14:55:59.152957
finished at:2022-09-29 14:56:56.146943
batch_start_index:0
batch_end_index:100
batch_size:100
----------------------
Appended amplitudes to ../../data.nosync/QCD_amplitudes_TreeLevel_3to3.txt
Appended simplified sqamplitudes to ../../data.nosync/QCD_sqamplitudes_TreeLevel_3to3.txt
Appended simplified sqamplitudes in prefix notation to ../../data.nosync/QCD_sqamplitudes_TreeLevel_3to3.txt
batch:1
started at:2022-09-29 14:56:56.147318
finished at:2022-09-29 14:58:21.416080
batch_start_index:100
batch_end_index:200
batch_size:100
----------------------
Appended amplitudes to ../../data.nosync/QCD_amplitudes_TreeLevel_3to3.txt
Appended simplified sqamplitudes to ../../data.nosync/QCD_sqamplitudes_TreeLevel_3to3.txt
Appended simplified sqamplitudes in prefix notation to ../../data.nosync/QCD_sqamplitudes_TreeLevel_3to3.txt
batch:2
started at:2022-09-29 14:58:21.418407
finished at:2022-09-29 14:59:35.786314
batch_start_index:200
batch_end_index:300
batch_size:100
----------------------
Appended amplitudes to ../../data.nosync/QCD_amplitudes_TreeLevel_3to3.txt
Appended simplified sqamplitudes to ../../data.nosync/QCD_sqamplitudes_TreeLevel_3to3.txt
Appended simplified sqamplitudes in prefix notation to ../../data.nosync/QCD_sqamplitudes_TreeLevel_3to3.txt
batch:3
started at:2022-09-29 14:59:35.786694
finished at:2022-09-29 15:00:44.555626
batch_start_index:300
batch_end_index:400
batch_size:100
----------------------
Appended amplitudes to ../../data.nosync/QCD_amplitudes_TreeLevel_3to3.txt
Appended simplified sqamplitudes to ../../data.nosync/QCD_sqamplitudes_TreeLevel_3to3.txt
Appended simplified sqamplitudes in prefix notation to ../../data.nosync/QCD_sqamplitudes_TreeLevel_3to3.txt
batch:4
started at:2022-09-29 15:00:44.556017
finished at:2022-09-29 15:02:01.596005
batch_start_index:400
batch_end_index:500
batch_size:100
----------------------
Appended amplitudes to ../../data.nosync/QCD_amplitudes_TreeLevel_3to3.txt
Appended simplified sqamplitudes to ../../data.nosync/QCD_sqamplitudes_TreeLevel_3to3.txt
Appended simplified sqamplitudes in prefix notation to ../../data.nosync/QCD_sqamplitudes_TreeLevel_3to3.txt
batch:5
started at:2022-09-29 15:02:01.596387
finished at:2022-09-29 15:03:16.320205
batch_start_index:500
batch_end_index:600
batch_size:100
----------------------
Appended amplitudes to ../../data.nosync/QCD_amplitudes_TreeLevel_3to3.txt
Appended simplified sqamplitudes to ../../data.nosync/QCD_sqamplitudes_TreeLevel_3to3.txt
Appended simplified sqamplitudes in prefix notation to ../../data.nosync/QCD_sqamplitudes_TreeLevel_3to3.txt
batch:6
started at:2022-09-29 15:03:16.320603
finished at:2022-09-29 15:04:28.724155
batch_start_index:600
batch_end_index:700
batch_size:100
----------------------
Appended amplitudes to ../../data.nosync/QCD_amplitudes_TreeLevel_3to3.txt
Appended simplified sqamplitudes to ../../data.nosync/QCD_sqamplitudes_TreeLevel_3to3.txt
Appended simplified sqamplitudes in prefix notation to ../../data.nosync/QCD_sqamplitudes_TreeLevel_3to3.txt
batch:7
started at:2022-09-29 15:04:28.724525
finished at:2022-09-29 15:05:53.641292
batch_start_index:700
batch_end_index:800
batch_size:100
----------------------
Appended amplitudes to ../../data.nosync/QCD_amplitudes_TreeLevel_3to3.txt
Appended simplified sqamplitudes to ../../data.nosync/QCD_sqamplitudes_TreeLevel_3to3.txt
Appended simplified sqamplitudes in prefix notation to ../../data.nosync/QCD_sqamplitudes_TreeLevel_3to3.txt
batch:8
started at:2022-09-29 15:05:53.641666
finished at:2022-09-29 15:10:36.510803
batch_start_index:800
batch_end_index:900
batch_size:100
----------------------
Appended amplitudes to ../../data.nosync/QCD_amplitudes_TreeLevel_3to3.txt
Appended simplified sqamplitudes to ../../data.nosync/QCD_sqamplitudes_TreeLevel_3to3.txt
Appended simplified sqamplitudes in prefix notation to ../../data.nosync/QCD_sqamplitudes_TreeLevel_3to3.txt
batch:9
started at:2022-09-29 15:10:36.511190
finished at:2022-09-29 15:12:05.664788
batch_start_index:900
batch_end_index:1000
batch_size:100
----------------------
Appended amplitudes to ../../data.nosync/QCD_amplitudes_TreeLevel_3to3.txt
Appended simplified sqamplitudes to ../../data.nosync/QCD_sqamplitudes_TreeLevel_3to3.txt
Appended simplified sqamplitudes in prefix notation to ../../data.nosync/QCD_sqamplitudes_TreeLevel_3to3.txt
batch:10
started at:2022-09-29 15:12:05.665182
finished at:2022-09-29 15:13:40.869725
batch_start_index:1000
batch_end_index:1100
batch_size:100
----------------------
Appended amplitudes to ../../data.nosync/QCD_amplitudes_TreeLevel_3to3.txt
Appended simplified sqamplitudes to ../../data.nosync/QCD_sqamplitudes_TreeLevel_3to3.txt
Appended simplified sqamplitudes in prefix notation to ../../data.nosync/QCD_sqamplitudes_TreeLevel_3to3.txt
batch:11
started at:2022-09-29 15:13:40.870122
finished at:2022-09-29 15:15:07.874267
batch_start_index:1100
batch_end_index:1200
batch_size:100
----------------------
Appended amplitudes to ../../data.nosync/QCD_amplitudes_TreeLevel_3to3.txt
Appended simplified sqamplitudes to ../../data.nosync/QCD_sqamplitudes_TreeLevel_3to3.txt
Appended simplified sqamplitudes in prefix notation to ../../data.nosync/QCD_sqamplitudes_TreeLevel_3to3.txt
batch:12
started at:2022-09-29 15:15:07.874654
finished at:2022-09-29 15:16:20.739936
batch_start_index:1200
batch_end_index:1300
batch_size:100
----------------------
Appended amplitudes to ../../data.nosync/QCD_amplitudes_TreeLevel_3to3.txt
Appended simplified sqamplitudes to ../../data.nosync/QCD_sqamplitudes_TreeLevel_3to3.txt
Appended simplified sqamplitudes in prefix notation to ../../data.nosync/QCD_sqamplitudes_TreeLevel_3to3.txt
batch:13
started at:2022-09-29 15:16:20.740319
finished at:2022-09-29 15:17:49.374348
batch_start_index:1300
batch_end_index:1400
batch_size:100
----------------------
Appended amplitudes to ../../data.nosync/QCD_amplitudes_TreeLevel_3to3.txt
Appended simplified sqamplitudes to ../../data.nosync/QCD_sqamplitudes_TreeLevel_3to3.txt
Appended simplified sqamplitudes in prefix notation to ../../data.nosync/QCD_sqamplitudes_TreeLevel_3to3.txt
batch:14
started at:2022-09-29 15:17:49.374742
finished at:2022-09-29 15:19:16.664022
batch_start_index:1400
batch_end_index:1500
batch_size:100
----------------------
Appended amplitudes to ../../data.nosync/QCD_amplitudes_TreeLevel_3to3.txt
Appended simplified sqamplitudes to ../../data.nosync/QCD_sqamplitudes_TreeLevel_3to3.txt
Appended simplified sqamplitudes in prefix notation to ../../data.nosync/QCD_sqamplitudes_TreeLevel_3to3.txt
batch:15
started at:2022-09-29 15:19:16.664412
finished at:2022-09-29 15:20:38.680499
batch_start_index:1500
batch_end_index:1600
batch_size:100
----------------------
Appended amplitudes to ../../data.nosync/QCD_amplitudes_TreeLevel_3to3.txt
Appended simplified sqamplitudes to ../../data.nosync/QCD_sqamplitudes_TreeLevel_3to3.txt
Appended simplified sqamplitudes in prefix notation to ../../data.nosync/QCD_sqamplitudes_TreeLevel_3to3.txt
batch:16
started at:2022-09-29 15:20:38.680892
finished at:2022-09-29 15:22:12.314569
batch_start_index:1600
batch_end_index:1700
batch_size:100
----------------------
Appended amplitudes to ../../data.nosync/QCD_amplitudes_TreeLevel_3to3.txt
Appended simplified sqamplitudes to ../../data.nosync/QCD_sqamplitudes_TreeLevel_3to3.txt
Appended simplified sqamplitudes in prefix notation to ../../data.nosync/QCD_sqamplitudes_TreeLevel_3to3.txt
batch:17
started at:2022-09-29 15:22:12.314936
finished at:2022-09-29 15:23:37.286943
batch_start_index:1700
batch_end_index:1800
batch_size:100
----------------------
Appended amplitudes to ../../data.nosync/QCD_amplitudes_TreeLevel_3to3.txt
Appended simplified sqamplitudes to ../../data.nosync/QCD_sqamplitudes_TreeLevel_3to3.txt
Appended simplified sqamplitudes in prefix notation to ../../data.nosync/QCD_sqamplitudes_TreeLevel_3to3.txt
batch:18
started at:2022-09-29 15:23:37.287329
finished at:2022-09-29 15:25:36.826655
batch_start_index:1800
batch_end_index:1900
batch_size:100
----------------------
Appended amplitudes to ../../data.nosync/QCD_amplitudes_TreeLevel_3to3.txt
Appended simplified sqamplitudes to ../../data.nosync/QCD_sqamplitudes_TreeLevel_3to3.txt
Appended simplified sqamplitudes in prefix notation to ../../data.nosync/QCD_sqamplitudes_TreeLevel_3to3.txt
batch:19
started at:2022-09-29 15:25:36.827319
finished at:2022-09-29 15:27:02.783849
batch_start_index:1900
batch_end_index:2000
batch_size:100
----------------------
Appended amplitudes to ../../data.nosync/QCD_amplitudes_TreeLevel_3to3.txt
Appended simplified sqamplitudes to ../../data.nosync/QCD_sqamplitudes_TreeLevel_3to3.txt
Appended simplified sqamplitudes in prefix notation to ../../data.nosync/QCD_sqamplitudes_TreeLevel_3to3.txt
batch:20
started at:2022-09-29 15:27:02.784259
finished at:2022-09-29 15:28:41.666392
batch_start_index:2000
batch_end_index:2100
batch_size:100
----------------------
Appended amplitudes to ../../data.nosync/QCD_amplitudes_TreeLevel_3to3.txt
Appended simplified sqamplitudes to ../../data.nosync/QCD_sqamplitudes_TreeLevel_3to3.txt
Appended simplified sqamplitudes in prefix notation to ../../data.nosync/QCD_sqamplitudes_TreeLevel_3to3.txt
batch:21
started at:2022-09-29 15:28:41.666785
finished at:2022-09-29 15:30:13.408392
batch_start_index:2100
batch_end_index:2200
batch_size:100
----------------------
Appended amplitudes to ../../data.nosync/QCD_amplitudes_TreeLevel_3to3.txt
Appended simplified sqamplitudes to ../../data.nosync/QCD_sqamplitudes_TreeLevel_3to3.txt
Appended simplified sqamplitudes in prefix notation to ../../data.nosync/QCD_sqamplitudes_TreeLevel_3to3.txt
batch:22
started at:2022-09-29 15:30:13.408808
finished at:2022-09-29 15:31:59.383092
batch_start_index:2200
batch_end_index:2300
batch_size:100
----------------------
Appended amplitudes to ../../data.nosync/QCD_amplitudes_TreeLevel_3to3.txt
Appended simplified sqamplitudes to ../../data.nosync/QCD_sqamplitudes_TreeLevel_3to3.txt
Appended simplified sqamplitudes in prefix notation to ../../data.nosync/QCD_sqamplitudes_TreeLevel_3to3.txt
batch:23
started at:2022-09-29 15:31:59.383468
finished at:2022-09-29 15:33:25.152021
batch_start_index:2300
batch_end_index:2400
batch_size:100
----------------------
Appended amplitudes to ../../data.nosync/QCD_amplitudes_TreeLevel_3to3.txt
Appended simplified sqamplitudes to ../../data.nosync/QCD_sqamplitudes_TreeLevel_3to3.txt
Appended simplified sqamplitudes in prefix notation to ../../data.nosync/QCD_sqamplitudes_TreeLevel_3to3.txt
batch:24
started at:2022-09-29 15:33:25.152419
finished at:2022-09-29 15:34:57.498745
batch_start_index:2400
batch_end_index:2500
batch_size:100
----------------------
Appended amplitudes to ../../data.nosync/QCD_amplitudes_TreeLevel_3to3.txt
Appended simplified sqamplitudes to ../../data.nosync/QCD_sqamplitudes_TreeLevel_3to3.txt
Appended simplified sqamplitudes in prefix notation to ../../data.nosync/QCD_sqamplitudes_TreeLevel_3to3.txt
batch:25
started at:2022-09-29 15:34:57.499135
finished at:2022-09-29 15:36:28.174459
batch_start_index:2500
batch_end_index:2600
batch_size:100
----------------------
Appended amplitudes to ../../data.nosync/QCD_amplitudes_TreeLevel_3to3.txt
Appended simplified sqamplitudes to ../../data.nosync/QCD_sqamplitudes_TreeLevel_3to3.txt
Appended simplified sqamplitudes in prefix notation to ../../data.nosync/QCD_sqamplitudes_TreeLevel_3to3.txt
batch:26
started at:2022-09-29 15:36:28.175141
finished at:2022-09-29 15:38:14.813712
batch_start_index:2600
batch_end_index:2700
batch_size:100
----------------------
Appended amplitudes to ../../data.nosync/QCD_amplitudes_TreeLevel_3to3.txt
Appended simplified sqamplitudes to ../../data.nosync/QCD_sqamplitudes_TreeLevel_3to3.txt
Appended simplified sqamplitudes in prefix notation to ../../data.nosync/QCD_sqamplitudes_TreeLevel_3to3.txt
batch:27
started at:2022-09-29 15:38:14.814146
finished at:2022-09-29 15:40:00.611140
batch_start_index:2700
batch_end_index:2800
batch_size:100
----------------------
Appended amplitudes to ../../data.nosync/QCD_amplitudes_TreeLevel_3to3.txt
Appended simplified sqamplitudes to ../../data.nosync/QCD_sqamplitudes_TreeLevel_3to3.txt
Appended simplified sqamplitudes in prefix notation to ../../data.nosync/QCD_sqamplitudes_TreeLevel_3to3.txt
batch:28
started at:2022-09-29 15:40:00.611546
finished at:2022-09-29 15:41:35.972806
batch_start_index:2800
batch_end_index:2900
batch_size:100
----------------------
Appended amplitudes to ../../data.nosync/QCD_amplitudes_TreeLevel_3to3.txt
Appended simplified sqamplitudes to ../../data.nosync/QCD_sqamplitudes_TreeLevel_3to3.txt
Appended simplified sqamplitudes in prefix notation to ../../data.nosync/QCD_sqamplitudes_TreeLevel_3to3.txt
batch:29
started at:2022-09-29 15:41:35.973208
finished at:2022-09-29 15:43:12.139465
batch_start_index:2900
batch_end_index:3000
batch_size:100
----------------------
Appended amplitudes to ../../data.nosync/QCD_amplitudes_TreeLevel_3to3.txt
Appended simplified sqamplitudes to ../../data.nosync/QCD_sqamplitudes_TreeLevel_3to3.txt
Appended simplified sqamplitudes in prefix notation to ../../data.nosync/QCD_sqamplitudes_TreeLevel_3to3.txt
batch:30
started at:2022-09-29 15:43:12.139968
finished at:2022-09-29 15:44:53.428363
batch_start_index:3000
batch_end_index:3100
batch_size:100
----------------------
Appended amplitudes to ../../data.nosync/QCD_amplitudes_TreeLevel_3to3.txt
Appended simplified sqamplitudes to ../../data.nosync/QCD_sqamplitudes_TreeLevel_3to3.txt
Appended simplified sqamplitudes in prefix notation to ../../data.nosync/QCD_sqamplitudes_TreeLevel_3to3.txt
batch:31
started at:2022-09-29 15:44:53.428806
finished at:2022-09-29 15:46:25.062547
batch_start_index:3100
batch_end_index:3200
batch_size:100
----------------------
Appended amplitudes to ../../data.nosync/QCD_amplitudes_TreeLevel_3to3.txt
Appended simplified sqamplitudes to ../../data.nosync/QCD_sqamplitudes_TreeLevel_3to3.txt
Appended simplified sqamplitudes in prefix notation to ../../data.nosync/QCD_sqamplitudes_TreeLevel_3to3.txt
batch:32
started at:2022-09-29 15:46:25.062946
finished at:2022-09-29 15:48:08.135035
batch_start_index:3200
batch_end_index:3300
batch_size:100
----------------------
Appended amplitudes to ../../data.nosync/QCD_amplitudes_TreeLevel_3to3.txt
Appended simplified sqamplitudes to ../../data.nosync/QCD_sqamplitudes_TreeLevel_3to3.txt
Appended simplified sqamplitudes in prefix notation to ../../data.nosync/QCD_sqamplitudes_TreeLevel_3to3.txt
batch:33
started at:2022-09-29 15:48:08.135419
finished at:2022-09-29 15:49:46.242159
batch_start_index:3300
batch_end_index:3400
batch_size:100
----------------------
Appended amplitudes to ../../data.nosync/QCD_amplitudes_TreeLevel_3to3.txt
Appended simplified sqamplitudes to ../../data.nosync/QCD_sqamplitudes_TreeLevel_3to3.txt
Appended simplified sqamplitudes in prefix notation to ../../data.nosync/QCD_sqamplitudes_TreeLevel_3to3.txt
batch:34
started at:2022-09-29 15:49:46.242554
finished at:2022-09-29 15:51:25.773517
batch_start_index:3400
batch_end_index:3500
batch_size:100
----------------------
Appended amplitudes to ../../data.nosync/QCD_amplitudes_TreeLevel_3to3.txt
Appended simplified sqamplitudes to ../../data.nosync/QCD_sqamplitudes_TreeLevel_3to3.txt
Appended simplified sqamplitudes in prefix notation to ../../data.nosync/QCD_sqamplitudes_TreeLevel_3to3.txt
batch:35
started at:2022-09-29 15:51:25.773922
finished at:2022-09-29 15:53:10.356979
batch_start_index:3500
batch_end_index:3600
batch_size:100
----------------------
Appended amplitudes to ../../data.nosync/QCD_amplitudes_TreeLevel_3to3.txt
Appended simplified sqamplitudes to ../../data.nosync/QCD_sqamplitudes_TreeLevel_3to3.txt
Appended simplified sqamplitudes in prefix notation to ../../data.nosync/QCD_sqamplitudes_TreeLevel_3to3.txt
batch:36
started at:2022-09-29 15:53:10.357355
finished at:2022-09-29 15:54:44.227837
batch_start_index:3600
batch_end_index:3700
batch_size:100
----------------------
Appended amplitudes to ../../data.nosync/QCD_amplitudes_TreeLevel_3to3.txt
Appended simplified sqamplitudes to ../../data.nosync/QCD_sqamplitudes_TreeLevel_3to3.txt
Appended simplified sqamplitudes in prefix notation to ../../data.nosync/QCD_sqamplitudes_TreeLevel_3to3.txt
batch:37
started at:2022-09-29 15:54:44.228308
finished at:2022-09-29 15:56:14.558875
batch_start_index:3700
batch_end_index:3800
batch_size:100
----------------------
Appended amplitudes to ../../data.nosync/QCD_amplitudes_TreeLevel_3to3.txt
Appended simplified sqamplitudes to ../../data.nosync/QCD_sqamplitudes_TreeLevel_3to3.txt
Appended simplified sqamplitudes in prefix notation to ../../data.nosync/QCD_sqamplitudes_TreeLevel_3to3.txt
batch:38
started at:2022-09-29 15:56:14.559319
finished at:2022-09-29 15:58:11.144496
batch_start_index:3800
batch_end_index:3900
batch_size:100
----------------------
Appended amplitudes to ../../data.nosync/QCD_amplitudes_TreeLevel_3to3.txt
Appended simplified sqamplitudes to ../../data.nosync/QCD_sqamplitudes_TreeLevel_3to3.txt
Appended simplified sqamplitudes in prefix notation to ../../data.nosync/QCD_sqamplitudes_TreeLevel_3to3.txt
batch:39
started at:2022-09-29 15:58:11.144897
finished at:2022-09-29 15:59:38.960317
batch_start_index:3900
batch_end_index:4000
batch_size:100
----------------------
Appended amplitudes to ../../data.nosync/QCD_amplitudes_TreeLevel_3to3.txt
Appended simplified sqamplitudes to ../../data.nosync/QCD_sqamplitudes_TreeLevel_3to3.txt
Appended simplified sqamplitudes in prefix notation to ../../data.nosync/QCD_sqamplitudes_TreeLevel_3to3.txt
batch:40
started at:2022-09-29 15:59:38.960839
finished at:2022-09-29 16:01:30.772751
batch_start_index:4000
batch_end_index:4100
batch_size:100
----------------------
