Starting calculation at:2022-10-06 11:06:38.004930
Worked on folders:2to3/
batch_size:5000
lines:129024
num_batches:26
----------------------
----------------------
Appended amplitudes to ../../raw_data.nosync/QED_amplitudes_TreeLevel_2to3.txt
Appended simplified sqamplitudes to ../../raw_data.nosync/QED_sqamplitudes_TreeLevel_2to3.txt
Appended simplified sqamplitudes in prefix notation to ../../raw_data.nosync/QED_sqamplitudes_TreeLevel_2to3_simplified_shortened_hybridprefix.txt
batch:0
started at:2022-10-06 11:06:38.005190
finished at:2022-10-06 11:15:04.523333
batch_start_index:0
batch_end_index:5000
batch_size:5000
----------------------
Appended amplitudes to ../../raw_data.nosync/QED_amplitudes_TreeLevel_2to3.txt
Appended simplified sqamplitudes to ../../raw_data.nosync/QED_sqamplitudes_TreeLevel_2to3.txt
Appended simplified sqamplitudes in prefix notation to ../../raw_data.nosync/QED_sqamplitudes_TreeLevel_2to3_simplified_shortened_hybridprefix.txt
batch:1
started at:2022-10-06 11:15:04.528737
finished at:2022-10-06 11:53:50.011911
batch_start_index:5000
batch_end_index:10000
batch_size:5000
----------------------
Appended amplitudes to ../../raw_data.nosync/QED_amplitudes_TreeLevel_2to3.txt
Appended simplified sqamplitudes to ../../raw_data.nosync/QED_sqamplitudes_TreeLevel_2to3.txt
Appended simplified sqamplitudes in prefix notation to ../../raw_data.nosync/QED_sqamplitudes_TreeLevel_2to3_simplified_shortened_hybridprefix.txt
batch:2
started at:2022-10-06 11:53:50.017233
finished at:2022-10-06 12:00:10.677130
batch_start_index:10000
batch_end_index:15000
batch_size:5000
----------------------
Appended amplitudes to ../../raw_data.nosync/QED_amplitudes_TreeLevel_2to3.txt
Appended simplified sqamplitudes to ../../raw_data.nosync/QED_sqamplitudes_TreeLevel_2to3.txt
Appended simplified sqamplitudes in prefix notation to ../../raw_data.nosync/QED_sqamplitudes_TreeLevel_2to3_simplified_shortened_hybridprefix.txt
batch:3
started at:2022-10-06 12:00:10.682733
finished at:2022-10-06 12:10:33.301915
batch_start_index:15000
batch_end_index:20000
batch_size:5000
----------------------
Appended amplitudes to ../../raw_data.nosync/QED_amplitudes_TreeLevel_2to3.txt
Appended simplified sqamplitudes to ../../raw_data.nosync/QED_sqamplitudes_TreeLevel_2to3.txt
Appended simplified sqamplitudes in prefix notation to ../../raw_data.nosync/QED_sqamplitudes_TreeLevel_2to3_simplified_shortened_hybridprefix.txt
batch:4
started at:2022-10-07 17:30:36.996755
finished at:2022-10-07 17:40:45.331462
batch_start_index:20000
batch_end_index:25000
batch_size:5000
----------------------
Appended amplitudes to ../../raw_data.nosync/QED_amplitudes_TreeLevel_2to3.txt
Appended simplified sqamplitudes to ../../raw_data.nosync/QED_sqamplitudes_TreeLevel_2to3.txt
Appended simplified sqamplitudes in prefix notation to ../../raw_data.nosync/QED_sqamplitudes_TreeLevel_2to3_simplified_shortened_hybridprefix.txt
batch:5
started at:2022-10-07 17:40:45.335766
finished at:2022-10-07 17:52:39.017798
batch_start_index:25000
batch_end_index:30000
batch_size:5000
----------------------
Appended amplitudes to ../../raw_data.nosync/QED_amplitudes_TreeLevel_2to3.txt
Appended simplified sqamplitudes to ../../raw_data.nosync/QED_sqamplitudes_TreeLevel_2to3.txt
Appended simplified sqamplitudes in prefix notation to ../../raw_data.nosync/QED_sqamplitudes_TreeLevel_2to3_simplified_shortened_hybridprefix.txt
batch:6
started at:2022-10-07 17:52:39.023846
finished at:2022-10-07 18:02:41.468019
batch_start_index:30000
batch_end_index:35000
batch_size:5000
----------------------
Appended amplitudes to ../../raw_data.nosync/QED_amplitudes_TreeLevel_2to3.txt
Appended simplified sqamplitudes to ../../raw_data.nosync/QED_sqamplitudes_TreeLevel_2to3.txt
Appended simplified sqamplitudes in prefix notation to ../../raw_data.nosync/QED_sqamplitudes_TreeLevel_2to3_simplified_shortened_hybridprefix.txt
batch:7
started at:2022-10-07 18:02:41.473651
finished at:2022-10-07 18:12:55.363753
batch_start_index:35000
batch_end_index:40000
batch_size:5000
----------------------
Appended amplitudes to ../../raw_data.nosync/QED_amplitudes_TreeLevel_2to3.txt
Appended simplified sqamplitudes to ../../raw_data.nosync/QED_sqamplitudes_TreeLevel_2to3.txt
Appended simplified sqamplitudes in prefix notation to ../../raw_data.nosync/QED_sqamplitudes_TreeLevel_2to3_simplified_shortened_hybridprefix.txt
batch:8
started at:2022-10-07 20:07:51.000813
finished at:2022-10-07 20:17:03.516754
batch_start_index:40000
batch_end_index:45000
batch_size:5000
----------------------
Appended amplitudes to ../../raw_data.nosync/QED_amplitudes_TreeLevel_2to3.txt
Appended simplified sqamplitudes to ../../raw_data.nosync/QED_sqamplitudes_TreeLevel_2to3.txt
Appended simplified sqamplitudes in prefix notation to ../../raw_data.nosync/QED_sqamplitudes_TreeLevel_2to3_simplified_shortened_hybridprefix.txt
batch:9
started at:2022-10-07 20:17:03.522675
finished at:2022-10-07 20:25:46.863887
batch_start_index:45000
batch_end_index:50000
batch_size:5000
----------------------
Appended amplitudes to ../../raw_data.nosync/QED_amplitudes_TreeLevel_2to3.txt
Appended simplified sqamplitudes to ../../raw_data.nosync/QED_sqamplitudes_TreeLevel_2to3.txt
Appended simplified sqamplitudes in prefix notation to ../../raw_data.nosync/QED_sqamplitudes_TreeLevel_2to3_simplified_shortened_hybridprefix.txt
batch:10
started at:2022-10-07 20:25:46.870160
finished at:2022-10-07 20:34:28.836273
batch_start_index:50000
batch_end_index:55000
batch_size:5000
----------------------
Appended amplitudes to ../../raw_data.nosync/QED_amplitudes_TreeLevel_2to3.txt
Appended simplified sqamplitudes to ../../raw_data.nosync/QED_sqamplitudes_TreeLevel_2to3.txt
Appended simplified sqamplitudes in prefix notation to ../../raw_data.nosync/QED_sqamplitudes_TreeLevel_2to3_simplified_shortened_hybridprefix.txt
batch:11
started at:2022-10-07 20:34:28.840757
finished at:2022-10-07 20:41:18.894928
batch_start_index:55000
batch_end_index:60000
batch_size:5000
----------------------
Appended amplitudes to ../../raw_data.nosync/QED_amplitudes_TreeLevel_2to3.txt
Appended simplified sqamplitudes to ../../raw_data.nosync/QED_sqamplitudes_TreeLevel_2to3.txt
Appended simplified sqamplitudes in prefix notation to ../../raw_data.nosync/QED_sqamplitudes_TreeLevel_2to3_simplified_shortened_hybridprefix.txt
batch:12
started at:2022-10-07 20:41:18.901178
finished at:2022-10-07 20:49:38.193204
batch_start_index:60000
batch_end_index:65000
batch_size:5000
----------------------
Appended amplitudes to ../../raw_data.nosync/QED_amplitudes_TreeLevel_2to3.txt
Appended simplified sqamplitudes to ../../raw_data.nosync/QED_sqamplitudes_TreeLevel_2to3.txt
Appended simplified sqamplitudes in prefix notation to ../../raw_data.nosync/QED_sqamplitudes_TreeLevel_2to3_simplified_shortened_hybridprefix.txt
batch:13
started at:2022-10-07 20:49:38.199900
finished at:2022-10-07 20:59:42.812197
batch_start_index:65000
batch_end_index:70000
batch_size:5000
----------------------
Appended amplitudes to ../../raw_data.nosync/QED_amplitudes_TreeLevel_2to3.txt
Appended simplified sqamplitudes to ../../raw_data.nosync/QED_sqamplitudes_TreeLevel_2to3.txt
Appended simplified sqamplitudes in prefix notation to ../../raw_data.nosync/QED_sqamplitudes_TreeLevel_2to3_simplified_shortened_hybridprefix.txt
batch:14
started at:2022-10-07 21:32:20.138727
finished at:2022-10-07 21:41:57.964686
batch_start_index:70000
batch_end_index:75000
batch_size:5000
----------------------
Appended amplitudes to ../../raw_data.nosync/QED_amplitudes_TreeLevel_2to3.txt
Appended simplified sqamplitudes to ../../raw_data.nosync/QED_sqamplitudes_TreeLevel_2to3.txt
Appended simplified sqamplitudes in prefix notation to ../../raw_data.nosync/QED_sqamplitudes_TreeLevel_2to3_simplified_shortened_hybridprefix.txt
batch:15
started at:2022-10-07 21:41:57.970400
finished at:2022-10-07 21:51:35.368755
batch_start_index:75000
batch_end_index:80000
batch_size:5000
----------------------
Appended amplitudes to ../../raw_data.nosync/QED_amplitudes_TreeLevel_2to3.txt
Appended simplified sqamplitudes to ../../raw_data.nosync/QED_sqamplitudes_TreeLevel_2to3.txt
Appended simplified sqamplitudes in prefix notation to ../../raw_data.nosync/QED_sqamplitudes_TreeLevel_2to3_simplified_shortened_hybridprefix.txt
batch:16
started at:2022-10-07 21:51:35.374276
finished at:2022-10-07 22:00:29.702781
batch_start_index:80000
batch_end_index:85000
batch_size:5000
----------------------
Appended amplitudes to ../../raw_data.nosync/QED_amplitudes_TreeLevel_2to3.txt
Appended simplified sqamplitudes to ../../raw_data.nosync/QED_sqamplitudes_TreeLevel_2to3.txt
Appended simplified sqamplitudes in prefix notation to ../../raw_data.nosync/QED_sqamplitudes_TreeLevel_2to3_simplified_shortened_hybridprefix.txt
batch:17
started at:2022-10-07 22:10:59.433293
finished at:2022-10-07 22:23:15.138636
batch_start_index:85000
batch_end_index:90000
batch_size:5000
----------------------
Appended amplitudes to ../../raw_data.nosync/QED_amplitudes_TreeLevel_2to3.txt
Appended simplified sqamplitudes to ../../raw_data.nosync/QED_sqamplitudes_TreeLevel_2to3.txt
Appended simplified sqamplitudes in prefix notation to ../../raw_data.nosync/QED_sqamplitudes_TreeLevel_2to3_simplified_shortened_hybridprefix.txt
batch:18
started at:2022-10-07 22:23:15.143934
finished at:2022-10-07 22:31:09.591296
batch_start_index:90000
batch_end_index:95000
batch_size:5000
----------------------
Appended amplitudes to ../../raw_data.nosync/QED_amplitudes_TreeLevel_2to3.txt
Appended simplified sqamplitudes to ../../raw_data.nosync/QED_sqamplitudes_TreeLevel_2to3.txt
Appended simplified sqamplitudes in prefix notation to ../../raw_data.nosync/QED_sqamplitudes_TreeLevel_2to3_simplified_shortened_hybridprefix.txt
batch:19
started at:2022-10-07 22:46:18.154508
finished at:2022-10-07 22:55:27.491968
batch_start_index:95000
batch_end_index:100000
batch_size:5000
----------------------
Appended amplitudes to ../../raw_data.nosync/QED_amplitudes_TreeLevel_2to3.txt
Appended simplified sqamplitudes to ../../raw_data.nosync/QED_sqamplitudes_TreeLevel_2to3.txt
Appended simplified sqamplitudes in prefix notation to ../../raw_data.nosync/QED_sqamplitudes_TreeLevel_2to3_simplified_shortened_hybridprefix.txt
batch:20
started at:2022-10-07 23:13:20.135430
finished at:2022-10-07 23:21:33.027196
batch_start_index:100000
batch_end_index:105000
batch_size:5000
----------------------
Appended amplitudes to ../../raw_data.nosync/QED_amplitudes_TreeLevel_2to3.txt
Appended simplified sqamplitudes to ../../raw_data.nosync/QED_sqamplitudes_TreeLevel_2to3.txt
Appended simplified sqamplitudes in prefix notation to ../../raw_data.nosync/QED_sqamplitudes_TreeLevel_2to3_simplified_shortened_hybridprefix.txt
batch:21
started at:2022-10-08 01:01:38.648199
finished at:2022-10-08 01:21:03.263207
batch_start_index:105000
batch_end_index:110000
batch_size:5000
----------------------
Appended amplitudes to ../../raw_data.nosync/QED_amplitudes_TreeLevel_2to3.txt
Appended simplified sqamplitudes to ../../raw_data.nosync/QED_sqamplitudes_TreeLevel_2to3.txt
Appended simplified sqamplitudes in prefix notation to ../../raw_data.nosync/QED_sqamplitudes_TreeLevel_2to3_simplified_shortened_hybridprefix.txt
batch:22
started at:2022-10-08 01:37:15.558479
finished at:2022-10-08 01:48:10.640791
batch_start_index:110000
batch_end_index:115000
batch_size:5000
----------------------
Appended amplitudes to ../../raw_data.nosync/QED_amplitudes_TreeLevel_2to3.txt
Appended simplified sqamplitudes to ../../raw_data.nosync/QED_sqamplitudes_TreeLevel_2to3.txt
Appended simplified sqamplitudes in prefix notation to ../../raw_data.nosync/QED_sqamplitudes_TreeLevel_2to3_simplified_shortened_hybridprefix.txt
batch:23
started at:2022-10-08 01:48:10.646554
finished at:2022-10-08 01:55:28.117879
batch_start_index:115000
batch_end_index:120000
batch_size:5000
----------------------
Appended amplitudes to ../../raw_data.nosync/QED_amplitudes_TreeLevel_2to3.txt
Appended simplified sqamplitudes to ../../raw_data.nosync/QED_sqamplitudes_TreeLevel_2to3.txt
Appended simplified sqamplitudes in prefix notation to ../../raw_data.nosync/QED_sqamplitudes_TreeLevel_2to3_simplified_shortened_hybridprefix.txt
batch:24
started at:2022-10-08 01:55:28.122037
finished at:2022-10-08 02:03:16.288674
batch_start_index:120000
batch_end_index:125000
batch_size:5000
----------------------
Appended amplitudes to ../../raw_data.nosync/QED_amplitudes_TreeLevel_2to3.txt
Appended simplified sqamplitudes to ../../raw_data.nosync/QED_sqamplitudes_TreeLevel_2to3.txt
Appended simplified sqamplitudes in prefix notation to ../../raw_data.nosync/QED_sqamplitudes_TreeLevel_2to3_simplified_shortened_hybridprefix.txt
batch:25
started at:2022-10-08 04:53:13.704637
finished at:2022-10-08 04:58:59.968610
batch_start_index:125000
batch_end_index:130000
batch_size:5000
----------------------
