Starting calculation at:2022-10-06 11:02:00.452071
Worked on folders:2to2/
batch_size:1000
lines:10944
num_batches:11
----------------------
----------------------
Appended amplitudes to ../../raw_data.nosync/QED_amplitudes_TreeLevel_2to2.txt
Appended simplified sqamplitudes to ../../raw_data.nosync/QED_sqamplitudes_TreeLevel_2to2.txt
Appended simplified sqamplitudes in prefix notation to ../../raw_data.nosync/QED_sqamplitudes_TreeLevel_2to2_simplified_shortened_hybridprefix.txt
batch:0
started at:2022-10-06 11:02:00.452227
finished at:2022-10-06 11:02:10.926601
batch_start_index:0
batch_end_index:1000
batch_size:1000
----------------------
Appended amplitudes to ../../raw_data.nosync/QED_amplitudes_TreeLevel_2to2.txt
Appended simplified sqamplitudes to ../../raw_data.nosync/QED_sqamplitudes_TreeLevel_2to2.txt
Appended simplified sqamplitudes in prefix notation to ../../raw_data.nosync/QED_sqamplitudes_TreeLevel_2to2_simplified_shortened_hybridprefix.txt
batch:1
started at:2022-10-06 11:02:10.927053
finished at:2022-10-06 11:02:21.305576
batch_start_index:1000
batch_end_index:2000
batch_size:1000
----------------------
Appended amplitudes to ../../raw_data.nosync/QED_amplitudes_TreeLevel_2to2.txt
Appended simplified sqamplitudes to ../../raw_data.nosync/QED_sqamplitudes_TreeLevel_2to2.txt
Appended simplified sqamplitudes in prefix notation to ../../raw_data.nosync/QED_sqamplitudes_TreeLevel_2to2_simplified_shortened_hybridprefix.txt
batch:2
started at:2022-10-06 11:02:21.306046
finished at:2022-10-06 11:02:31.935764
batch_start_index:2000
batch_end_index:3000
batch_size:1000
----------------------
Appended amplitudes to ../../raw_data.nosync/QED_amplitudes_TreeLevel_2to2.txt
Appended simplified sqamplitudes to ../../raw_data.nosync/QED_sqamplitudes_TreeLevel_2to2.txt
Appended simplified sqamplitudes in prefix notation to ../../raw_data.nosync/QED_sqamplitudes_TreeLevel_2to2_simplified_shortened_hybridprefix.txt
batch:3
started at:2022-10-06 11:02:31.936237
finished at:2022-10-06 11:02:41.851240
batch_start_index:3000
batch_end_index:4000
batch_size:1000
----------------------
Appended amplitudes to ../../raw_data.nosync/QED_amplitudes_TreeLevel_2to2.txt
Appended simplified sqamplitudes to ../../raw_data.nosync/QED_sqamplitudes_TreeLevel_2to2.txt
Appended simplified sqamplitudes in prefix notation to ../../raw_data.nosync/QED_sqamplitudes_TreeLevel_2to2_simplified_shortened_hybridprefix.txt
batch:4
started at:2022-10-06 11:02:41.851732
finished at:2022-10-06 11:02:52.835294
batch_start_index:4000
batch_end_index:5000
batch_size:1000
----------------------
Appended amplitudes to ../../raw_data.nosync/QED_amplitudes_TreeLevel_2to2.txt
Appended simplified sqamplitudes to ../../raw_data.nosync/QED_sqamplitudes_TreeLevel_2to2.txt
Appended simplified sqamplitudes in prefix notation to ../../raw_data.nosync/QED_sqamplitudes_TreeLevel_2to2_simplified_shortened_hybridprefix.txt
batch:5
started at:2022-10-06 11:02:52.835803
finished at:2022-10-06 11:03:04.005096
batch_start_index:5000
batch_end_index:6000
batch_size:1000
----------------------
Appended amplitudes to ../../raw_data.nosync/QED_amplitudes_TreeLevel_2to2.txt
Appended simplified sqamplitudes to ../../raw_data.nosync/QED_sqamplitudes_TreeLevel_2to2.txt
Appended simplified sqamplitudes in prefix notation to ../../raw_data.nosync/QED_sqamplitudes_TreeLevel_2to2_simplified_shortened_hybridprefix.txt
batch:6
started at:2022-10-06 11:03:04.005574
finished at:2022-10-06 11:03:15.537970
batch_start_index:6000
batch_end_index:7000
batch_size:1000
----------------------
Appended amplitudes to ../../raw_data.nosync/QED_amplitudes_TreeLevel_2to2.txt
Appended simplified sqamplitudes to ../../raw_data.nosync/QED_sqamplitudes_TreeLevel_2to2.txt
Appended simplified sqamplitudes in prefix notation to ../../raw_data.nosync/QED_sqamplitudes_TreeLevel_2to2_simplified_shortened_hybridprefix.txt
batch:7
started at:2022-10-06 11:03:15.538208
finished at:2022-10-06 11:03:26.309958
batch_start_index:7000
batch_end_index:8000
batch_size:1000
----------------------
Appended amplitudes to ../../raw_data.nosync/QED_amplitudes_TreeLevel_2to2.txt
Appended simplified sqamplitudes to ../../raw_data.nosync/QED_sqamplitudes_TreeLevel_2to2.txt
Appended simplified sqamplitudes in prefix notation to ../../raw_data.nosync/QED_sqamplitudes_TreeLevel_2to2_simplified_shortened_hybridprefix.txt
batch:8
started at:2022-10-06 11:03:26.310446
finished at:2022-10-06 11:03:37.638685
batch_start_index:8000
batch_end_index:9000
batch_size:1000
----------------------
Appended amplitudes to ../../raw_data.nosync/QED_amplitudes_TreeLevel_2to2.txt
Appended simplified sqamplitudes to ../../raw_data.nosync/QED_sqamplitudes_TreeLevel_2to2.txt
Appended simplified sqamplitudes in prefix notation to ../../raw_data.nosync/QED_sqamplitudes_TreeLevel_2to2_simplified_shortened_hybridprefix.txt
batch:9
started at:2022-10-06 11:03:37.639224
finished at:2022-10-06 11:03:49.835274
batch_start_index:9000
batch_end_index:10000
batch_size:1000
----------------------
Appended amplitudes to ../../raw_data.nosync/QED_amplitudes_TreeLevel_2to2.txt
Appended simplified sqamplitudes to ../../raw_data.nosync/QED_sqamplitudes_TreeLevel_2to2.txt
Appended simplified sqamplitudes in prefix notation to ../../raw_data.nosync/QED_sqamplitudes_TreeLevel_2to2_simplified_shortened_hybridprefix.txt
batch:10
started at:2022-10-06 11:03:49.835836
finished at:2022-10-06 11:04:01.782968
batch_start_index:10000
batch_end_index:11000
batch_size:1000
----------------------
