Starting calculation at:2022-09-25 19:57:05.099651
Worked on folders:2to2/
batch_size:100
lines:4032
num_batches:41
----------------------
----------------------
Appended amplitudes to ../../data.nosync/QCD_amplitudes_TreeLevel_2to2.txt
Appended simplified sqamplitudes to ../../data.nosync/QCD_sqamplitudes_TreeLevel_2to2.txt
Appended simplified sqamplitudes in prefix notation to ../../data.nosync/QCD_sqamplitudes_TreeLevel_2to2.txt
batch:0
started at:2022-09-25 19:57:05.099805
finished at:2022-09-25 19:57:08.610680
batch_start_index:0
batch_end_index:100
batch_size:100
----------------------
Appended amplitudes to ../../data.nosync/QCD_amplitudes_TreeLevel_2to2.txt
Appended simplified sqamplitudes to ../../data.nosync/QCD_sqamplitudes_TreeLevel_2to2.txt
Appended simplified sqamplitudes in prefix notation to ../../data.nosync/QCD_sqamplitudes_TreeLevel_2to2.txt
batch:1
started at:2022-09-25 19:57:08.610931
finished at:2022-09-25 19:57:12.420886
batch_start_index:100
batch_end_index:200
batch_size:100
----------------------
Appended amplitudes to ../../data.nosync/QCD_amplitudes_TreeLevel_2to2.txt
Appended simplified sqamplitudes to ../../data.nosync/QCD_sqamplitudes_TreeLevel_2to2.txt
Appended simplified sqamplitudes in prefix notation to ../../data.nosync/QCD_sqamplitudes_TreeLevel_2to2.txt
batch:2
started at:2022-09-25 19:57:12.421148
finished at:2022-09-25 19:57:16.370355
batch_start_index:200
batch_end_index:300
batch_size:100
----------------------
Appended amplitudes to ../../data.nosync/QCD_amplitudes_TreeLevel_2to2.txt
Appended simplified sqamplitudes to ../../data.nosync/QCD_sqamplitudes_TreeLevel_2to2.txt
Appended simplified sqamplitudes in prefix notation to ../../data.nosync/QCD_sqamplitudes_TreeLevel_2to2.txt
batch:3
started at:2022-09-25 19:57:16.370630
finished at:2022-09-25 19:57:20.675815
batch_start_index:300
batch_end_index:400
batch_size:100
----------------------
Appended amplitudes to ../../data.nosync/QCD_amplitudes_TreeLevel_2to2.txt
Appended simplified sqamplitudes to ../../data.nosync/QCD_sqamplitudes_TreeLevel_2to2.txt
Appended simplified sqamplitudes in prefix notation to ../../data.nosync/QCD_sqamplitudes_TreeLevel_2to2.txt
batch:4
started at:2022-09-25 19:57:20.676060
finished at:2022-09-25 19:57:24.110343
batch_start_index:400
batch_end_index:500
batch_size:100
----------------------
Appended amplitudes to ../../data.nosync/QCD_amplitudes_TreeLevel_2to2.txt
Appended simplified sqamplitudes to ../../data.nosync/QCD_sqamplitudes_TreeLevel_2to2.txt
Appended simplified sqamplitudes in prefix notation to ../../data.nosync/QCD_sqamplitudes_TreeLevel_2to2.txt
batch:5
started at:2022-09-25 19:57:24.110595
finished at:2022-09-25 19:57:27.617282
batch_start_index:500
batch_end_index:600
batch_size:100
----------------------
Appended amplitudes to ../../data.nosync/QCD_amplitudes_TreeLevel_2to2.txt
Appended simplified sqamplitudes to ../../data.nosync/QCD_sqamplitudes_TreeLevel_2to2.txt
Appended simplified sqamplitudes in prefix notation to ../../data.nosync/QCD_sqamplitudes_TreeLevel_2to2.txt
batch:6
started at:2022-09-25 19:57:27.617547
finished at:2022-09-25 19:57:31.239296
batch_start_index:600
batch_end_index:700
batch_size:100
----------------------
Appended amplitudes to ../../data.nosync/QCD_amplitudes_TreeLevel_2to2.txt
Appended simplified sqamplitudes to ../../data.nosync/QCD_sqamplitudes_TreeLevel_2to2.txt
Appended simplified sqamplitudes in prefix notation to ../../data.nosync/QCD_sqamplitudes_TreeLevel_2to2.txt
batch:7
started at:2022-09-25 19:57:31.239549
finished at:2022-09-25 19:57:34.584588
batch_start_index:700
batch_end_index:800
batch_size:100
----------------------
Appended amplitudes to ../../data.nosync/QCD_amplitudes_TreeLevel_2to2.txt
Appended simplified sqamplitudes to ../../data.nosync/QCD_sqamplitudes_TreeLevel_2to2.txt
Appended simplified sqamplitudes in prefix notation to ../../data.nosync/QCD_sqamplitudes_TreeLevel_2to2.txt
batch:8
started at:2022-09-25 19:57:34.584802
finished at:2022-09-25 19:57:37.972611
batch_start_index:800
batch_end_index:900
batch_size:100
----------------------
Appended amplitudes to ../../data.nosync/QCD_amplitudes_TreeLevel_2to2.txt
Appended simplified sqamplitudes to ../../data.nosync/QCD_sqamplitudes_TreeLevel_2to2.txt
Appended simplified sqamplitudes in prefix notation to ../../data.nosync/QCD_sqamplitudes_TreeLevel_2to2.txt
batch:9
started at:2022-09-25 19:57:37.972858
finished at:2022-09-25 19:57:41.521757
batch_start_index:900
batch_end_index:1000
batch_size:100
----------------------
Appended amplitudes to ../../data.nosync/QCD_amplitudes_TreeLevel_2to2.txt
Appended simplified sqamplitudes to ../../data.nosync/QCD_sqamplitudes_TreeLevel_2to2.txt
Appended simplified sqamplitudes in prefix notation to ../../data.nosync/QCD_sqamplitudes_TreeLevel_2to2.txt
batch:10
started at:2022-09-25 19:57:41.522010
finished at:2022-09-25 19:57:45.001217
batch_start_index:1000
batch_end_index:1100
batch_size:100
----------------------
Appended amplitudes to ../../data.nosync/QCD_amplitudes_TreeLevel_2to2.txt
Appended simplified sqamplitudes to ../../data.nosync/QCD_sqamplitudes_TreeLevel_2to2.txt
Appended simplified sqamplitudes in prefix notation to ../../data.nosync/QCD_sqamplitudes_TreeLevel_2to2.txt
batch:11
started at:2022-09-25 19:57:45.001460
finished at:2022-09-25 19:57:48.423927
batch_start_index:1100
batch_end_index:1200
batch_size:100
----------------------
Appended amplitudes to ../../data.nosync/QCD_amplitudes_TreeLevel_2to2.txt
Appended simplified sqamplitudes to ../../data.nosync/QCD_sqamplitudes_TreeLevel_2to2.txt
Appended simplified sqamplitudes in prefix notation to ../../data.nosync/QCD_sqamplitudes_TreeLevel_2to2.txt
batch:12
started at:2022-09-25 19:57:48.424148
finished at:2022-09-25 19:57:51.829792
batch_start_index:1200
batch_end_index:1300
batch_size:100
----------------------
Appended amplitudes to ../../data.nosync/QCD_amplitudes_TreeLevel_2to2.txt
Appended simplified sqamplitudes to ../../data.nosync/QCD_sqamplitudes_TreeLevel_2to2.txt
Appended simplified sqamplitudes in prefix notation to ../../data.nosync/QCD_sqamplitudes_TreeLevel_2to2.txt
batch:13
started at:2022-09-25 19:57:51.830023
finished at:2022-09-25 19:57:55.304855
batch_start_index:1300
batch_end_index:1400
batch_size:100
----------------------
Appended amplitudes to ../../data.nosync/QCD_amplitudes_TreeLevel_2to2.txt
Appended simplified sqamplitudes to ../../data.nosync/QCD_sqamplitudes_TreeLevel_2to2.txt
Appended simplified sqamplitudes in prefix notation to ../../data.nosync/QCD_sqamplitudes_TreeLevel_2to2.txt
batch:14
started at:2022-09-25 19:57:55.305075
finished at:2022-09-25 19:57:58.710916
batch_start_index:1400
batch_end_index:1500
batch_size:100
----------------------
Appended amplitudes to ../../data.nosync/QCD_amplitudes_TreeLevel_2to2.txt
Appended simplified sqamplitudes to ../../data.nosync/QCD_sqamplitudes_TreeLevel_2to2.txt
Appended simplified sqamplitudes in prefix notation to ../../data.nosync/QCD_sqamplitudes_TreeLevel_2to2.txt
batch:15
started at:2022-09-25 19:57:58.711135
finished at:2022-09-25 19:58:01.844649
batch_start_index:1500
batch_end_index:1600
batch_size:100
----------------------
Appended amplitudes to ../../data.nosync/QCD_amplitudes_TreeLevel_2to2.txt
Appended simplified sqamplitudes to ../../data.nosync/QCD_sqamplitudes_TreeLevel_2to2.txt
Appended simplified sqamplitudes in prefix notation to ../../data.nosync/QCD_sqamplitudes_TreeLevel_2to2.txt
batch:16
started at:2022-09-25 19:58:01.844903
finished at:2022-09-25 19:58:05.159513
batch_start_index:1600
batch_end_index:1700
batch_size:100
----------------------
Appended amplitudes to ../../data.nosync/QCD_amplitudes_TreeLevel_2to2.txt
Appended simplified sqamplitudes to ../../data.nosync/QCD_sqamplitudes_TreeLevel_2to2.txt
Appended simplified sqamplitudes in prefix notation to ../../data.nosync/QCD_sqamplitudes_TreeLevel_2to2.txt
batch:17
started at:2022-09-25 19:58:05.159761
finished at:2022-09-25 19:58:08.720743
batch_start_index:1700
batch_end_index:1800
batch_size:100
----------------------
Appended amplitudes to ../../data.nosync/QCD_amplitudes_TreeLevel_2to2.txt
Appended simplified sqamplitudes to ../../data.nosync/QCD_sqamplitudes_TreeLevel_2to2.txt
Appended simplified sqamplitudes in prefix notation to ../../data.nosync/QCD_sqamplitudes_TreeLevel_2to2.txt
batch:18
started at:2022-09-25 19:58:08.720960
finished at:2022-09-25 19:58:12.025545
batch_start_index:1800
batch_end_index:1900
batch_size:100
----------------------
Appended amplitudes to ../../data.nosync/QCD_amplitudes_TreeLevel_2to2.txt
Appended simplified sqamplitudes to ../../data.nosync/QCD_sqamplitudes_TreeLevel_2to2.txt
Appended simplified sqamplitudes in prefix notation to ../../data.nosync/QCD_sqamplitudes_TreeLevel_2to2.txt
batch:19
started at:2022-09-25 19:58:12.025758
finished at:2022-09-25 19:58:15.349563
batch_start_index:1900
batch_end_index:2000
batch_size:100
----------------------
Appended amplitudes to ../../data.nosync/QCD_amplitudes_TreeLevel_2to2.txt
Appended simplified sqamplitudes to ../../data.nosync/QCD_sqamplitudes_TreeLevel_2to2.txt
Appended simplified sqamplitudes in prefix notation to ../../data.nosync/QCD_sqamplitudes_TreeLevel_2to2.txt
batch:20
started at:2022-09-25 19:58:15.349785
finished at:2022-09-25 19:58:19.516556
batch_start_index:2000
batch_end_index:2100
batch_size:100
----------------------
Appended amplitudes to ../../data.nosync/QCD_amplitudes_TreeLevel_2to2.txt
Appended simplified sqamplitudes to ../../data.nosync/QCD_sqamplitudes_TreeLevel_2to2.txt
Appended simplified sqamplitudes in prefix notation to ../../data.nosync/QCD_sqamplitudes_TreeLevel_2to2.txt
batch:21
started at:2022-09-25 19:58:19.516790
finished at:2022-09-25 19:58:22.736608
batch_start_index:2100
batch_end_index:2200
batch_size:100
----------------------
Appended amplitudes to ../../data.nosync/QCD_amplitudes_TreeLevel_2to2.txt
Appended simplified sqamplitudes to ../../data.nosync/QCD_sqamplitudes_TreeLevel_2to2.txt
Appended simplified sqamplitudes in prefix notation to ../../data.nosync/QCD_sqamplitudes_TreeLevel_2to2.txt
batch:22
started at:2022-09-25 19:58:22.736833
finished at:2022-09-25 19:58:25.917354
batch_start_index:2200
batch_end_index:2300
batch_size:100
----------------------
Appended amplitudes to ../../data.nosync/QCD_amplitudes_TreeLevel_2to2.txt
Appended simplified sqamplitudes to ../../data.nosync/QCD_sqamplitudes_TreeLevel_2to2.txt
Appended simplified sqamplitudes in prefix notation to ../../data.nosync/QCD_sqamplitudes_TreeLevel_2to2.txt
batch:23
started at:2022-09-25 19:58:25.917592
finished at:2022-09-25 19:58:29.293451
batch_start_index:2300
batch_end_index:2400
batch_size:100
----------------------
Appended amplitudes to ../../data.nosync/QCD_amplitudes_TreeLevel_2to2.txt
Appended simplified sqamplitudes to ../../data.nosync/QCD_sqamplitudes_TreeLevel_2to2.txt
Appended simplified sqamplitudes in prefix notation to ../../data.nosync/QCD_sqamplitudes_TreeLevel_2to2.txt
batch:24
started at:2022-09-25 19:58:29.293657
finished at:2022-09-25 19:58:32.706438
batch_start_index:2400
batch_end_index:2500
batch_size:100
----------------------
Appended amplitudes to ../../data.nosync/QCD_amplitudes_TreeLevel_2to2.txt
Appended simplified sqamplitudes to ../../data.nosync/QCD_sqamplitudes_TreeLevel_2to2.txt
Appended simplified sqamplitudes in prefix notation to ../../data.nosync/QCD_sqamplitudes_TreeLevel_2to2.txt
batch:25
started at:2022-09-25 19:58:32.706650
finished at:2022-09-25 19:58:36.123854
batch_start_index:2500
batch_end_index:2600
batch_size:100
----------------------
Appended amplitudes to ../../data.nosync/QCD_amplitudes_TreeLevel_2to2.txt
Appended simplified sqamplitudes to ../../data.nosync/QCD_sqamplitudes_TreeLevel_2to2.txt
Appended simplified sqamplitudes in prefix notation to ../../data.nosync/QCD_sqamplitudes_TreeLevel_2to2.txt
batch:26
started at:2022-09-25 19:58:36.124072
finished at:2022-09-25 19:58:39.297047
batch_start_index:2600
batch_end_index:2700
batch_size:100
----------------------
Appended amplitudes to ../../data.nosync/QCD_amplitudes_TreeLevel_2to2.txt
Appended simplified sqamplitudes to ../../data.nosync/QCD_sqamplitudes_TreeLevel_2to2.txt
Appended simplified sqamplitudes in prefix notation to ../../data.nosync/QCD_sqamplitudes_TreeLevel_2to2.txt
batch:27
started at:2022-09-25 19:58:39.297288
finished at:2022-09-25 19:58:42.650553
batch_start_index:2700
batch_end_index:2800
batch_size:100
----------------------
Appended amplitudes to ../../data.nosync/QCD_amplitudes_TreeLevel_2to2.txt
Appended simplified sqamplitudes to ../../data.nosync/QCD_sqamplitudes_TreeLevel_2to2.txt
Appended simplified sqamplitudes in prefix notation to ../../data.nosync/QCD_sqamplitudes_TreeLevel_2to2.txt
batch:28
started at:2022-09-25 19:58:42.650795
finished at:2022-09-25 19:58:46.089431
batch_start_index:2800
batch_end_index:2900
batch_size:100
----------------------
Appended amplitudes to ../../data.nosync/QCD_amplitudes_TreeLevel_2to2.txt
Appended simplified sqamplitudes to ../../data.nosync/QCD_sqamplitudes_TreeLevel_2to2.txt
Appended simplified sqamplitudes in prefix notation to ../../data.nosync/QCD_sqamplitudes_TreeLevel_2to2.txt
batch:29
started at:2022-09-25 19:58:46.089677
finished at:2022-09-25 19:58:49.509853
batch_start_index:2900
batch_end_index:3000
batch_size:100
----------------------
Appended amplitudes to ../../data.nosync/QCD_amplitudes_TreeLevel_2to2.txt
Appended simplified sqamplitudes to ../../data.nosync/QCD_sqamplitudes_TreeLevel_2to2.txt
Appended simplified sqamplitudes in prefix notation to ../../data.nosync/QCD_sqamplitudes_TreeLevel_2to2.txt
batch:30
started at:2022-09-25 19:58:49.510092
finished at:2022-09-25 19:58:52.973703
batch_start_index:3000
batch_end_index:3100
batch_size:100
----------------------
Appended amplitudes to ../../data.nosync/QCD_amplitudes_TreeLevel_2to2.txt
Appended simplified sqamplitudes to ../../data.nosync/QCD_sqamplitudes_TreeLevel_2to2.txt
Appended simplified sqamplitudes in prefix notation to ../../data.nosync/QCD_sqamplitudes_TreeLevel_2to2.txt
batch:31
started at:2022-09-25 19:58:52.973939
finished at:2022-09-25 19:58:56.156517
batch_start_index:3100
batch_end_index:3200
batch_size:100
----------------------
Appended amplitudes to ../../data.nosync/QCD_amplitudes_TreeLevel_2to2.txt
Appended simplified sqamplitudes to ../../data.nosync/QCD_sqamplitudes_TreeLevel_2to2.txt
Appended simplified sqamplitudes in prefix notation to ../../data.nosync/QCD_sqamplitudes_TreeLevel_2to2.txt
batch:32
started at:2022-09-25 19:58:56.156736
finished at:2022-09-25 19:58:59.390584
batch_start_index:3200
batch_end_index:3300
batch_size:100
----------------------
Appended amplitudes to ../../data.nosync/QCD_amplitudes_TreeLevel_2to2.txt
Appended simplified sqamplitudes to ../../data.nosync/QCD_sqamplitudes_TreeLevel_2to2.txt
Appended simplified sqamplitudes in prefix notation to ../../data.nosync/QCD_sqamplitudes_TreeLevel_2to2.txt
batch:33
started at:2022-09-25 19:58:59.390817
finished at:2022-09-25 19:59:02.621108
batch_start_index:3300
batch_end_index:3400
batch_size:100
----------------------
Appended amplitudes to ../../data.nosync/QCD_amplitudes_TreeLevel_2to2.txt
Appended simplified sqamplitudes to ../../data.nosync/QCD_sqamplitudes_TreeLevel_2to2.txt
Appended simplified sqamplitudes in prefix notation to ../../data.nosync/QCD_sqamplitudes_TreeLevel_2to2.txt
batch:34
started at:2022-09-25 19:59:02.621316
finished at:2022-09-25 19:59:05.977066
batch_start_index:3400
batch_end_index:3500
batch_size:100
----------------------
Appended amplitudes to ../../data.nosync/QCD_amplitudes_TreeLevel_2to2.txt
Appended simplified sqamplitudes to ../../data.nosync/QCD_sqamplitudes_TreeLevel_2to2.txt
Appended simplified sqamplitudes in prefix notation to ../../data.nosync/QCD_sqamplitudes_TreeLevel_2to2.txt
batch:35
started at:2022-09-25 19:59:05.977300
finished at:2022-09-25 19:59:09.196058
batch_start_index:3500
batch_end_index:3600
batch_size:100
----------------------
Appended amplitudes to ../../data.nosync/QCD_amplitudes_TreeLevel_2to2.txt
Appended simplified sqamplitudes to ../../data.nosync/QCD_sqamplitudes_TreeLevel_2to2.txt
Appended simplified sqamplitudes in prefix notation to ../../data.nosync/QCD_sqamplitudes_TreeLevel_2to2.txt
batch:36
started at:2022-09-25 19:59:09.196334
finished at:2022-09-25 19:59:12.712555
batch_start_index:3600
batch_end_index:3700
batch_size:100
----------------------
Appended amplitudes to ../../data.nosync/QCD_amplitudes_TreeLevel_2to2.txt
Appended simplified sqamplitudes to ../../data.nosync/QCD_sqamplitudes_TreeLevel_2to2.txt
Appended simplified sqamplitudes in prefix notation to ../../data.nosync/QCD_sqamplitudes_TreeLevel_2to2.txt
batch:37
started at:2022-09-25 19:59:12.712786
finished at:2022-09-25 19:59:16.979505
batch_start_index:3700
batch_end_index:3800
batch_size:100
----------------------
Appended amplitudes to ../../data.nosync/QCD_amplitudes_TreeLevel_2to2.txt
Appended simplified sqamplitudes to ../../data.nosync/QCD_sqamplitudes_TreeLevel_2to2.txt
Appended simplified sqamplitudes in prefix notation to ../../data.nosync/QCD_sqamplitudes_TreeLevel_2to2.txt
batch:38
started at:2022-09-25 19:59:16.979735
finished at:2022-09-25 19:59:20.259645
batch_start_index:3800
batch_end_index:3900
batch_size:100
----------------------
Appended amplitudes to ../../data.nosync/QCD_amplitudes_TreeLevel_2to2.txt
Appended simplified sqamplitudes to ../../data.nosync/QCD_sqamplitudes_TreeLevel_2to2.txt
Appended simplified sqamplitudes in prefix notation to ../../data.nosync/QCD_sqamplitudes_TreeLevel_2to2.txt
batch:39
started at:2022-09-25 19:59:20.259851
finished at:2022-09-25 19:59:23.630370
batch_start_index:3900
batch_end_index:4000
batch_size:100
----------------------
Appended amplitudes to ../../data.nosync/QCD_amplitudes_TreeLevel_2to2.txt
Appended simplified sqamplitudes to ../../data.nosync/QCD_sqamplitudes_TreeLevel_2to2.txt
Appended simplified sqamplitudes in prefix notation to ../../data.nosync/QCD_sqamplitudes_TreeLevel_2to2.txt
batch:40
started at:2022-09-25 19:59:23.630578
finished at:2022-09-25 19:59:26.351200
batch_start_index:4000
batch_end_index:4100
batch_size:100
----------------------
