Starting calculation at:2022-08-14 13:43:54.052094
Worked on folders:3to2/
batch_size:1000
lines:129024
num_batches:130
----------------------
----------------------
Appended amplitudes to ../data.nosync/QED_amplitudes_TreeLevel_3to2.txt
Appended simplified sqamplitudes to ../data.nosync/QED_sqamplitudes_TreeLevel_3to2_simplified.txt
Appended simplified sqamplitudes in prefix notation to ../data.nosync/QED_sqamplitudes_TreeLevel_3to2_simplified_shortened_hybridprefix.txt
batch:0
started at:2022-08-14 13:43:54.052319
finished at:2022-08-14 13:48:33.063012
batch_start_index:0
batch_end_index:1000
batch_size:1000
----------------------
Appended amplitudes to ../data.nosync/QED_amplitudes_TreeLevel_3to2.txt
Appended simplified sqamplitudes to ../data.nosync/QED_sqamplitudes_TreeLevel_3to2_simplified.txt
Appended simplified sqamplitudes in prefix notation to ../data.nosync/QED_sqamplitudes_TreeLevel_3to2_simplified_shortened_hybridprefix.txt
batch:1
started at:2022-08-14 13:48:33.064417
finished at:2022-08-14 13:53:00.275698
batch_start_index:1000
batch_end_index:2000
batch_size:1000
----------------------
Appended amplitudes to ../data.nosync/QED_amplitudes_TreeLevel_3to2.txt
Appended simplified sqamplitudes to ../data.nosync/QED_sqamplitudes_TreeLevel_3to2_simplified.txt
Appended simplified sqamplitudes in prefix notation to ../data.nosync/QED_sqamplitudes_TreeLevel_3to2_simplified_shortened_hybridprefix.txt
batch:2
started at:2022-08-14 13:53:00.276990
finished at:2022-08-14 13:57:49.220140
batch_start_index:2000
batch_end_index:3000
batch_size:1000
----------------------
Appended amplitudes to ../data.nosync/QED_amplitudes_TreeLevel_3to2.txt
Appended simplified sqamplitudes to ../data.nosync/QED_sqamplitudes_TreeLevel_3to2_simplified.txt
Appended simplified sqamplitudes in prefix notation to ../data.nosync/QED_sqamplitudes_TreeLevel_3to2_simplified_shortened_hybridprefix.txt
batch:3
started at:2022-08-14 13:57:49.221411
finished at:2022-08-14 13:58:52.440510
batch_start_index:3000
batch_end_index:4000
batch_size:1000
----------------------
Appended amplitudes to ../data.nosync/QED_amplitudes_TreeLevel_3to2.txt
Appended simplified sqamplitudes to ../data.nosync/QED_sqamplitudes_TreeLevel_3to2_simplified.txt
Appended simplified sqamplitudes in prefix notation to ../data.nosync/QED_sqamplitudes_TreeLevel_3to2_simplified_shortened_hybridprefix.txt
batch:4
started at:2022-08-14 13:58:52.441969
finished at:2022-08-14 14:02:16.238742
batch_start_index:4000
batch_end_index:5000
batch_size:1000
----------------------
Appended amplitudes to ../data.nosync/QED_amplitudes_TreeLevel_3to2.txt
Appended simplified sqamplitudes to ../data.nosync/QED_sqamplitudes_TreeLevel_3to2_simplified.txt
Appended simplified sqamplitudes in prefix notation to ../data.nosync/QED_sqamplitudes_TreeLevel_3to2_simplified_shortened_hybridprefix.txt
batch:5
started at:2022-08-14 14:02:16.240072
finished at:2022-08-14 14:03:22.404717
batch_start_index:5000
batch_end_index:6000
batch_size:1000
----------------------
Appended amplitudes to ../data.nosync/QED_amplitudes_TreeLevel_3to2.txt
Appended simplified sqamplitudes to ../data.nosync/QED_sqamplitudes_TreeLevel_3to2_simplified.txt
Appended simplified sqamplitudes in prefix notation to ../data.nosync/QED_sqamplitudes_TreeLevel_3to2_simplified_shortened_hybridprefix.txt
batch:6
started at:2022-08-14 14:03:22.406159
finished at:2022-08-14 14:05:32.117300
batch_start_index:6000
batch_end_index:7000
batch_size:1000
----------------------
Appended amplitudes to ../data.nosync/QED_amplitudes_TreeLevel_3to2.txt
Appended simplified sqamplitudes to ../data.nosync/QED_sqamplitudes_TreeLevel_3to2_simplified.txt
Appended simplified sqamplitudes in prefix notation to ../data.nosync/QED_sqamplitudes_TreeLevel_3to2_simplified_shortened_hybridprefix.txt
batch:7
started at:2022-08-14 14:05:32.118708
finished at:2022-08-14 14:10:29.110505
batch_start_index:7000
batch_end_index:8000
batch_size:1000
----------------------
Appended amplitudes to ../data.nosync/QED_amplitudes_TreeLevel_3to2.txt
Appended simplified sqamplitudes to ../data.nosync/QED_sqamplitudes_TreeLevel_3to2_simplified.txt
Appended simplified sqamplitudes in prefix notation to ../data.nosync/QED_sqamplitudes_TreeLevel_3to2_simplified_shortened_hybridprefix.txt
batch:8
started at:2022-08-14 14:10:29.111811
finished at:2022-08-14 14:15:24.574360
batch_start_index:8000
batch_end_index:9000
batch_size:1000
----------------------
Appended amplitudes to ../data.nosync/QED_amplitudes_TreeLevel_3to2.txt
Appended simplified sqamplitudes to ../data.nosync/QED_sqamplitudes_TreeLevel_3to2_simplified.txt
Appended simplified sqamplitudes in prefix notation to ../data.nosync/QED_sqamplitudes_TreeLevel_3to2_simplified_shortened_hybridprefix.txt
batch:9
started at:2022-08-14 14:15:24.575680
finished at:2022-08-14 14:16:24.710494
batch_start_index:9000
batch_end_index:10000
batch_size:1000
----------------------
Appended amplitudes to ../data.nosync/QED_amplitudes_TreeLevel_3to2.txt
Appended simplified sqamplitudes to ../data.nosync/QED_sqamplitudes_TreeLevel_3to2_simplified.txt
Appended simplified sqamplitudes in prefix notation to ../data.nosync/QED_sqamplitudes_TreeLevel_3to2_simplified_shortened_hybridprefix.txt
batch:10
started at:2022-08-14 14:16:24.711823
finished at:2022-08-14 14:21:27.133267
batch_start_index:10000
batch_end_index:11000
batch_size:1000
----------------------
Appended amplitudes to ../data.nosync/QED_amplitudes_TreeLevel_3to2.txt
Appended simplified sqamplitudes to ../data.nosync/QED_sqamplitudes_TreeLevel_3to2_simplified.txt
Appended simplified sqamplitudes in prefix notation to ../data.nosync/QED_sqamplitudes_TreeLevel_3to2_simplified_shortened_hybridprefix.txt
batch:11
started at:2022-08-14 14:21:27.134597
finished at:2022-08-14 14:22:27.137325
batch_start_index:11000
batch_end_index:12000
batch_size:1000
----------------------
Appended amplitudes to ../data.nosync/QED_amplitudes_TreeLevel_3to2.txt
Appended simplified sqamplitudes to ../data.nosync/QED_sqamplitudes_TreeLevel_3to2_simplified.txt
Appended simplified sqamplitudes in prefix notation to ../data.nosync/QED_sqamplitudes_TreeLevel_3to2_simplified_shortened_hybridprefix.txt
batch:12
started at:2022-08-14 14:22:27.138777
finished at:2022-08-14 14:27:08.195642
batch_start_index:12000
batch_end_index:13000
batch_size:1000
----------------------
Appended amplitudes to ../data.nosync/QED_amplitudes_TreeLevel_3to2.txt
Appended simplified sqamplitudes to ../data.nosync/QED_sqamplitudes_TreeLevel_3to2_simplified.txt
Appended simplified sqamplitudes in prefix notation to ../data.nosync/QED_sqamplitudes_TreeLevel_3to2_simplified_shortened_hybridprefix.txt
batch:13
started at:2022-08-14 14:27:08.196942
finished at:2022-08-14 14:35:54.260020
batch_start_index:13000
batch_end_index:14000
batch_size:1000
----------------------
Appended amplitudes to ../data.nosync/QED_amplitudes_TreeLevel_3to2.txt
Appended simplified sqamplitudes to ../data.nosync/QED_sqamplitudes_TreeLevel_3to2_simplified.txt
Appended simplified sqamplitudes in prefix notation to ../data.nosync/QED_sqamplitudes_TreeLevel_3to2_simplified_shortened_hybridprefix.txt
batch:14
started at:2022-08-14 14:35:54.261653
finished at:2022-08-14 14:36:57.669246
batch_start_index:14000
batch_end_index:15000
batch_size:1000
----------------------
Appended amplitudes to ../data.nosync/QED_amplitudes_TreeLevel_3to2.txt
Appended simplified sqamplitudes to ../data.nosync/QED_sqamplitudes_TreeLevel_3to2_simplified.txt
Appended simplified sqamplitudes in prefix notation to ../data.nosync/QED_sqamplitudes_TreeLevel_3to2_simplified_shortened_hybridprefix.txt
batch:15
started at:2022-08-14 14:36:57.670643
finished at:2022-08-14 14:41:26.756210
batch_start_index:15000
batch_end_index:16000
batch_size:1000
----------------------
Appended amplitudes to ../data.nosync/QED_amplitudes_TreeLevel_3to2.txt
Appended simplified sqamplitudes to ../data.nosync/QED_sqamplitudes_TreeLevel_3to2_simplified.txt
Appended simplified sqamplitudes in prefix notation to ../data.nosync/QED_sqamplitudes_TreeLevel_3to2_simplified_shortened_hybridprefix.txt
batch:16
started at:2022-08-14 14:41:26.757766
finished at:2022-08-14 14:46:08.857923
batch_start_index:16000
batch_end_index:17000
batch_size:1000
----------------------
Appended amplitudes to ../data.nosync/QED_amplitudes_TreeLevel_3to2.txt
Appended simplified sqamplitudes to ../data.nosync/QED_sqamplitudes_TreeLevel_3to2_simplified.txt
Appended simplified sqamplitudes in prefix notation to ../data.nosync/QED_sqamplitudes_TreeLevel_3to2_simplified_shortened_hybridprefix.txt
batch:17
started at:2022-08-14 14:46:08.859391
finished at:2022-08-14 14:47:13.597576
batch_start_index:17000
batch_end_index:18000
batch_size:1000
----------------------
Appended amplitudes to ../data.nosync/QED_amplitudes_TreeLevel_3to2.txt
Appended simplified sqamplitudes to ../data.nosync/QED_sqamplitudes_TreeLevel_3to2_simplified.txt
Appended simplified sqamplitudes in prefix notation to ../data.nosync/QED_sqamplitudes_TreeLevel_3to2_simplified_shortened_hybridprefix.txt
batch:18
started at:2022-08-14 14:47:13.599024
finished at:2022-08-14 14:48:17.970801
batch_start_index:18000
batch_end_index:19000
batch_size:1000
----------------------
Appended amplitudes to ../data.nosync/QED_amplitudes_TreeLevel_3to2.txt
Appended simplified sqamplitudes to ../data.nosync/QED_sqamplitudes_TreeLevel_3to2_simplified.txt
Appended simplified sqamplitudes in prefix notation to ../data.nosync/QED_sqamplitudes_TreeLevel_3to2_simplified_shortened_hybridprefix.txt
batch:19
started at:2022-08-14 14:48:17.972203
finished at:2022-08-14 14:52:48.572534
batch_start_index:19000
batch_end_index:20000
batch_size:1000
----------------------
Appended amplitudes to ../data.nosync/QED_amplitudes_TreeLevel_3to2.txt
Appended simplified sqamplitudes to ../data.nosync/QED_sqamplitudes_TreeLevel_3to2_simplified.txt
Appended simplified sqamplitudes in prefix notation to ../data.nosync/QED_sqamplitudes_TreeLevel_3to2_simplified_shortened_hybridprefix.txt
batch:20
started at:2022-08-14 14:52:48.573892
finished at:2022-08-14 14:57:34.541383
batch_start_index:20000
batch_end_index:21000
batch_size:1000
----------------------
Appended amplitudes to ../data.nosync/QED_amplitudes_TreeLevel_3to2.txt
Appended simplified sqamplitudes to ../data.nosync/QED_sqamplitudes_TreeLevel_3to2_simplified.txt
Appended simplified sqamplitudes in prefix notation to ../data.nosync/QED_sqamplitudes_TreeLevel_3to2_simplified_shortened_hybridprefix.txt
batch:21
started at:2022-08-14 14:57:34.542328
finished at:2022-08-14 15:02:38.773402
batch_start_index:21000
batch_end_index:22000
batch_size:1000
----------------------
Appended amplitudes to ../data.nosync/QED_amplitudes_TreeLevel_3to2.txt
Appended simplified sqamplitudes to ../data.nosync/QED_sqamplitudes_TreeLevel_3to2_simplified.txt
Appended simplified sqamplitudes in prefix notation to ../data.nosync/QED_sqamplitudes_TreeLevel_3to2_simplified_shortened_hybridprefix.txt
batch:22
started at:2022-08-14 15:02:38.774774
finished at:2022-08-14 15:07:37.606657
batch_start_index:22000
batch_end_index:23000
batch_size:1000
----------------------
Appended amplitudes to ../data.nosync/QED_amplitudes_TreeLevel_3to2.txt
Appended simplified sqamplitudes to ../data.nosync/QED_sqamplitudes_TreeLevel_3to2_simplified.txt
Appended simplified sqamplitudes in prefix notation to ../data.nosync/QED_sqamplitudes_TreeLevel_3to2_simplified_shortened_hybridprefix.txt
batch:23
started at:2022-08-14 15:07:37.608001
finished at:2022-08-14 15:08:36.063272
batch_start_index:23000
batch_end_index:24000
batch_size:1000
----------------------
Appended amplitudes to ../data.nosync/QED_amplitudes_TreeLevel_3to2.txt
Appended simplified sqamplitudes to ../data.nosync/QED_sqamplitudes_TreeLevel_3to2_simplified.txt
Appended simplified sqamplitudes in prefix notation to ../data.nosync/QED_sqamplitudes_TreeLevel_3to2_simplified_shortened_hybridprefix.txt
batch:24
started at:2022-08-14 15:08:36.064782
finished at:2022-08-14 15:09:32.306992
batch_start_index:24000
batch_end_index:25000
batch_size:1000
----------------------
Appended amplitudes to ../data.nosync/QED_amplitudes_TreeLevel_3to2.txt
Appended simplified sqamplitudes to ../data.nosync/QED_sqamplitudes_TreeLevel_3to2_simplified.txt
Appended simplified sqamplitudes in prefix notation to ../data.nosync/QED_sqamplitudes_TreeLevel_3to2_simplified_shortened_hybridprefix.txt
batch:25
started at:2022-08-14 15:09:32.308528
finished at:2022-08-14 15:10:32.578100
batch_start_index:25000
batch_end_index:26000
batch_size:1000
----------------------
Appended amplitudes to ../data.nosync/QED_amplitudes_TreeLevel_3to2.txt
Appended simplified sqamplitudes to ../data.nosync/QED_sqamplitudes_TreeLevel_3to2_simplified.txt
Appended simplified sqamplitudes in prefix notation to ../data.nosync/QED_sqamplitudes_TreeLevel_3to2_simplified_shortened_hybridprefix.txt
batch:26
started at:2022-08-14 15:10:32.579579
finished at:2022-08-14 15:11:33.005260
batch_start_index:26000
batch_end_index:27000
batch_size:1000
----------------------
Appended amplitudes to ../data.nosync/QED_amplitudes_TreeLevel_3to2.txt
Appended simplified sqamplitudes to ../data.nosync/QED_sqamplitudes_TreeLevel_3to2_simplified.txt
Appended simplified sqamplitudes in prefix notation to ../data.nosync/QED_sqamplitudes_TreeLevel_3to2_simplified_shortened_hybridprefix.txt
batch:27
started at:2022-08-14 15:11:33.006820
finished at:2022-08-14 15:12:48.338097
batch_start_index:27000
batch_end_index:28000
batch_size:1000
----------------------
Appended amplitudes to ../data.nosync/QED_amplitudes_TreeLevel_3to2.txt
Appended simplified sqamplitudes to ../data.nosync/QED_sqamplitudes_TreeLevel_3to2_simplified.txt
Appended simplified sqamplitudes in prefix notation to ../data.nosync/QED_sqamplitudes_TreeLevel_3to2_simplified_shortened_hybridprefix.txt
batch:28
started at:2022-08-14 15:12:48.339652
finished at:2022-08-14 15:17:50.114263
batch_start_index:28000
batch_end_index:29000
batch_size:1000
----------------------
Appended amplitudes to ../data.nosync/QED_amplitudes_TreeLevel_3to2.txt
Appended simplified sqamplitudes to ../data.nosync/QED_sqamplitudes_TreeLevel_3to2_simplified.txt
Appended simplified sqamplitudes in prefix notation to ../data.nosync/QED_sqamplitudes_TreeLevel_3to2_simplified_shortened_hybridprefix.txt
batch:29
started at:2022-08-14 15:17:50.115238
finished at:2022-08-14 15:18:40.071689
batch_start_index:29000
batch_end_index:30000
batch_size:1000
----------------------
Appended amplitudes to ../data.nosync/QED_amplitudes_TreeLevel_3to2.txt
Appended simplified sqamplitudes to ../data.nosync/QED_sqamplitudes_TreeLevel_3to2_simplified.txt
Appended simplified sqamplitudes in prefix notation to ../data.nosync/QED_sqamplitudes_TreeLevel_3to2_simplified_shortened_hybridprefix.txt
batch:30
started at:2022-08-14 15:18:40.073157
finished at:2022-08-14 15:23:38.678655
batch_start_index:30000
batch_end_index:31000
batch_size:1000
----------------------
Appended amplitudes to ../data.nosync/QED_amplitudes_TreeLevel_3to2.txt
Appended simplified sqamplitudes to ../data.nosync/QED_sqamplitudes_TreeLevel_3to2_simplified.txt
Appended simplified sqamplitudes in prefix notation to ../data.nosync/QED_sqamplitudes_TreeLevel_3to2_simplified_shortened_hybridprefix.txt
batch:31
started at:2022-08-14 15:23:38.680048
finished at:2022-08-14 15:28:08.646705
batch_start_index:31000
batch_end_index:32000
batch_size:1000
----------------------
Appended amplitudes to ../data.nosync/QED_amplitudes_TreeLevel_3to2.txt
Appended simplified sqamplitudes to ../data.nosync/QED_sqamplitudes_TreeLevel_3to2_simplified.txt
Appended simplified sqamplitudes in prefix notation to ../data.nosync/QED_sqamplitudes_TreeLevel_3to2_simplified_shortened_hybridprefix.txt
batch:32
started at:2022-08-14 15:28:08.648051
finished at:2022-08-14 15:29:23.754304
batch_start_index:32000
batch_end_index:33000
batch_size:1000
----------------------
Appended amplitudes to ../data.nosync/QED_amplitudes_TreeLevel_3to2.txt
Appended simplified sqamplitudes to ../data.nosync/QED_sqamplitudes_TreeLevel_3to2_simplified.txt
Appended simplified sqamplitudes in prefix notation to ../data.nosync/QED_sqamplitudes_TreeLevel_3to2_simplified_shortened_hybridprefix.txt
batch:33
started at:2022-08-14 15:29:23.755707
finished at:2022-08-14 15:30:22.414021
batch_start_index:33000
batch_end_index:34000
batch_size:1000
----------------------
Appended amplitudes to ../data.nosync/QED_amplitudes_TreeLevel_3to2.txt
Appended simplified sqamplitudes to ../data.nosync/QED_sqamplitudes_TreeLevel_3to2_simplified.txt
Appended simplified sqamplitudes in prefix notation to ../data.nosync/QED_sqamplitudes_TreeLevel_3to2_simplified_shortened_hybridprefix.txt
batch:34
started at:2022-08-14 15:30:22.415459
finished at:2022-08-14 15:31:15.469000
batch_start_index:34000
batch_end_index:35000
batch_size:1000
----------------------
Appended amplitudes to ../data.nosync/QED_amplitudes_TreeLevel_3to2.txt
Appended simplified sqamplitudes to ../data.nosync/QED_sqamplitudes_TreeLevel_3to2_simplified.txt
Appended simplified sqamplitudes in prefix notation to ../data.nosync/QED_sqamplitudes_TreeLevel_3to2_simplified_shortened_hybridprefix.txt
batch:35
started at:2022-08-14 15:31:15.470550
finished at:2022-08-14 15:32:19.177862
batch_start_index:35000
batch_end_index:36000
batch_size:1000
----------------------
Appended amplitudes to ../data.nosync/QED_amplitudes_TreeLevel_3to2.txt
Appended simplified sqamplitudes to ../data.nosync/QED_sqamplitudes_TreeLevel_3to2_simplified.txt
Appended simplified sqamplitudes in prefix notation to ../data.nosync/QED_sqamplitudes_TreeLevel_3to2_simplified_shortened_hybridprefix.txt
batch:36
started at:2022-08-14 15:32:19.179356
finished at:2022-08-14 15:36:57.916886
batch_start_index:36000
batch_end_index:37000
batch_size:1000
----------------------
Appended amplitudes to ../data.nosync/QED_amplitudes_TreeLevel_3to2.txt
Appended simplified sqamplitudes to ../data.nosync/QED_sqamplitudes_TreeLevel_3to2_simplified.txt
Appended simplified sqamplitudes in prefix notation to ../data.nosync/QED_sqamplitudes_TreeLevel_3to2_simplified_shortened_hybridprefix.txt
batch:37
started at:2022-08-14 15:36:57.918354
finished at:2022-08-14 15:41:27.284420
batch_start_index:37000
batch_end_index:38000
batch_size:1000
----------------------
Appended amplitudes to ../data.nosync/QED_amplitudes_TreeLevel_3to2.txt
Appended simplified sqamplitudes to ../data.nosync/QED_sqamplitudes_TreeLevel_3to2_simplified.txt
Appended simplified sqamplitudes in prefix notation to ../data.nosync/QED_sqamplitudes_TreeLevel_3to2_simplified_shortened_hybridprefix.txt
batch:38
started at:2022-08-14 15:41:27.285761
finished at:2022-08-14 15:46:08.943571
batch_start_index:38000
batch_end_index:39000
batch_size:1000
----------------------
Appended amplitudes to ../data.nosync/QED_amplitudes_TreeLevel_3to2.txt
Appended simplified sqamplitudes to ../data.nosync/QED_sqamplitudes_TreeLevel_3to2_simplified.txt
Appended simplified sqamplitudes in prefix notation to ../data.nosync/QED_sqamplitudes_TreeLevel_3to2_simplified_shortened_hybridprefix.txt
batch:39
started at:2022-08-14 15:46:08.944883
finished at:2022-08-14 15:50:35.314851
batch_start_index:39000
batch_end_index:40000
batch_size:1000
----------------------
Appended amplitudes to ../data.nosync/QED_amplitudes_TreeLevel_3to2.txt
Appended simplified sqamplitudes to ../data.nosync/QED_sqamplitudes_TreeLevel_3to2_simplified.txt
Appended simplified sqamplitudes in prefix notation to ../data.nosync/QED_sqamplitudes_TreeLevel_3to2_simplified_shortened_hybridprefix.txt
batch:40
started at:2022-08-14 15:50:35.316222
finished at:2022-08-14 15:55:24.671524
batch_start_index:40000
batch_end_index:41000
batch_size:1000
----------------------
Appended amplitudes to ../data.nosync/QED_amplitudes_TreeLevel_3to2.txt
Appended simplified sqamplitudes to ../data.nosync/QED_sqamplitudes_TreeLevel_3to2_simplified.txt
Appended simplified sqamplitudes in prefix notation to ../data.nosync/QED_sqamplitudes_TreeLevel_3to2_simplified_shortened_hybridprefix.txt
batch:41
started at:2022-08-14 15:55:24.672882
finished at:2022-08-14 15:56:23.903491
batch_start_index:41000
batch_end_index:42000
batch_size:1000
----------------------
Appended amplitudes to ../data.nosync/QED_amplitudes_TreeLevel_3to2.txt
Appended simplified sqamplitudes to ../data.nosync/QED_sqamplitudes_TreeLevel_3to2_simplified.txt
Appended simplified sqamplitudes in prefix notation to ../data.nosync/QED_sqamplitudes_TreeLevel_3to2_simplified_shortened_hybridprefix.txt
batch:42
started at:2022-08-14 15:56:23.905031
finished at:2022-08-14 16:01:09.099110
batch_start_index:42000
batch_end_index:43000
batch_size:1000
----------------------
Appended amplitudes to ../data.nosync/QED_amplitudes_TreeLevel_3to2.txt
Appended simplified sqamplitudes to ../data.nosync/QED_sqamplitudes_TreeLevel_3to2_simplified.txt
Appended simplified sqamplitudes in prefix notation to ../data.nosync/QED_sqamplitudes_TreeLevel_3to2_simplified_shortened_hybridprefix.txt
batch:43
started at:2022-08-14 16:01:09.100503
finished at:2022-08-14 16:05:37.750117
batch_start_index:43000
batch_end_index:44000
batch_size:1000
----------------------
Appended amplitudes to ../data.nosync/QED_amplitudes_TreeLevel_3to2.txt
Appended simplified sqamplitudes to ../data.nosync/QED_sqamplitudes_TreeLevel_3to2_simplified.txt
Appended simplified sqamplitudes in prefix notation to ../data.nosync/QED_sqamplitudes_TreeLevel_3to2_simplified_shortened_hybridprefix.txt
batch:44
started at:2022-08-14 17:24:34.086160
finished at:2022-08-14 17:28:19.752638
batch_start_index:44000
batch_end_index:45000
batch_size:1000
----------------------
Appended amplitudes to ../data.nosync/QED_amplitudes_TreeLevel_3to2.txt
Appended simplified sqamplitudes to ../data.nosync/QED_sqamplitudes_TreeLevel_3to2_simplified.txt
Appended simplified sqamplitudes in prefix notation to ../data.nosync/QED_sqamplitudes_TreeLevel_3to2_simplified_shortened_hybridprefix.txt
batch:45
started at:2022-08-14 17:28:19.753948
finished at:2022-08-14 17:29:23.951427
batch_start_index:45000
batch_end_index:46000
batch_size:1000
----------------------
Appended amplitudes to ../data.nosync/QED_amplitudes_TreeLevel_3to2.txt
Appended simplified sqamplitudes to ../data.nosync/QED_sqamplitudes_TreeLevel_3to2_simplified.txt
Appended simplified sqamplitudes in prefix notation to ../data.nosync/QED_sqamplitudes_TreeLevel_3to2_simplified_shortened_hybridprefix.txt
batch:46
started at:2022-08-14 17:29:23.952846
finished at:2022-08-14 17:34:17.249257
batch_start_index:46000
batch_end_index:47000
batch_size:1000
----------------------
Appended amplitudes to ../data.nosync/QED_amplitudes_TreeLevel_3to2.txt
Appended simplified sqamplitudes to ../data.nosync/QED_sqamplitudes_TreeLevel_3to2_simplified.txt
Appended simplified sqamplitudes in prefix notation to ../data.nosync/QED_sqamplitudes_TreeLevel_3to2_simplified_shortened_hybridprefix.txt
batch:47
started at:2022-08-14 17:34:17.250571
finished at:2022-08-14 17:38:58.389768
batch_start_index:47000
batch_end_index:48000
batch_size:1000
----------------------
Appended amplitudes to ../data.nosync/QED_amplitudes_TreeLevel_3to2.txt
Appended simplified sqamplitudes to ../data.nosync/QED_sqamplitudes_TreeLevel_3to2_simplified.txt
Appended simplified sqamplitudes in prefix notation to ../data.nosync/QED_sqamplitudes_TreeLevel_3to2_simplified_shortened_hybridprefix.txt
batch:48
started at:2022-08-14 17:38:58.391091
finished at:2022-08-14 17:43:37.998334
batch_start_index:48000
batch_end_index:49000
batch_size:1000
----------------------
Appended amplitudes to ../data.nosync/QED_amplitudes_TreeLevel_3to2.txt
Appended simplified sqamplitudes to ../data.nosync/QED_sqamplitudes_TreeLevel_3to2_simplified.txt
Appended simplified sqamplitudes in prefix notation to ../data.nosync/QED_sqamplitudes_TreeLevel_3to2_simplified_shortened_hybridprefix.txt
batch:49
started at:2022-08-14 17:43:37.999752
finished at:2022-08-14 17:45:44.769533
batch_start_index:49000
batch_end_index:50000
batch_size:1000
----------------------
Appended amplitudes to ../data.nosync/QED_amplitudes_TreeLevel_3to2.txt
Appended simplified sqamplitudes to ../data.nosync/QED_sqamplitudes_TreeLevel_3to2_simplified.txt
Appended simplified sqamplitudes in prefix notation to ../data.nosync/QED_sqamplitudes_TreeLevel_3to2_simplified_shortened_hybridprefix.txt
batch:50
started at:2022-08-14 17:45:44.771034
finished at:2022-08-14 17:46:50.731460
batch_start_index:50000
batch_end_index:51000
batch_size:1000
----------------------
Appended amplitudes to ../data.nosync/QED_amplitudes_TreeLevel_3to2.txt
Appended simplified sqamplitudes to ../data.nosync/QED_sqamplitudes_TreeLevel_3to2_simplified.txt
Appended simplified sqamplitudes in prefix notation to ../data.nosync/QED_sqamplitudes_TreeLevel_3to2_simplified_shortened_hybridprefix.txt
batch:51
started at:2022-08-14 17:46:50.732837
finished at:2022-08-14 17:51:25.161017
batch_start_index:51000
batch_end_index:52000
batch_size:1000
----------------------
Appended amplitudes to ../data.nosync/QED_amplitudes_TreeLevel_3to2.txt
Appended simplified sqamplitudes to ../data.nosync/QED_sqamplitudes_TreeLevel_3to2_simplified.txt
Appended simplified sqamplitudes in prefix notation to ../data.nosync/QED_sqamplitudes_TreeLevel_3to2_simplified_shortened_hybridprefix.txt
batch:52
started at:2022-08-14 17:51:25.162364
finished at:2022-08-14 17:52:29.786696
batch_start_index:52000
batch_end_index:53000
batch_size:1000
----------------------
Appended amplitudes to ../data.nosync/QED_amplitudes_TreeLevel_3to2.txt
Appended simplified sqamplitudes to ../data.nosync/QED_sqamplitudes_TreeLevel_3to2_simplified.txt
Appended simplified sqamplitudes in prefix notation to ../data.nosync/QED_sqamplitudes_TreeLevel_3to2_simplified_shortened_hybridprefix.txt
batch:53
started at:2022-08-14 17:52:29.788154
finished at:2022-08-14 17:56:54.910773
batch_start_index:53000
batch_end_index:54000
batch_size:1000
----------------------
Appended amplitudes to ../data.nosync/QED_amplitudes_TreeLevel_3to2.txt
Appended simplified sqamplitudes to ../data.nosync/QED_sqamplitudes_TreeLevel_3to2_simplified.txt
Appended simplified sqamplitudes in prefix notation to ../data.nosync/QED_sqamplitudes_TreeLevel_3to2_simplified_shortened_hybridprefix.txt
batch:54
started at:2022-08-14 17:56:54.912152
finished at:2022-08-14 17:57:57.880039
batch_start_index:54000
batch_end_index:55000
batch_size:1000
----------------------
Appended amplitudes to ../data.nosync/QED_amplitudes_TreeLevel_3to2.txt
Appended simplified sqamplitudes to ../data.nosync/QED_sqamplitudes_TreeLevel_3to2_simplified.txt
Appended simplified sqamplitudes in prefix notation to ../data.nosync/QED_sqamplitudes_TreeLevel_3to2_simplified_shortened_hybridprefix.txt
batch:55
started at:2022-08-14 17:57:57.881327
finished at:2022-08-14 17:59:48.767455
batch_start_index:55000
batch_end_index:56000
batch_size:1000
----------------------
Appended amplitudes to ../data.nosync/QED_amplitudes_TreeLevel_3to2.txt
Appended simplified sqamplitudes to ../data.nosync/QED_sqamplitudes_TreeLevel_3to2_simplified.txt
Appended simplified sqamplitudes in prefix notation to ../data.nosync/QED_sqamplitudes_TreeLevel_3to2_simplified_shortened_hybridprefix.txt
batch:56
started at:2022-08-14 17:59:48.768716
finished at:2022-08-14 18:01:46.724240
batch_start_index:56000
batch_end_index:57000
batch_size:1000
----------------------
Appended amplitudes to ../data.nosync/QED_amplitudes_TreeLevel_3to2.txt
Appended simplified sqamplitudes to ../data.nosync/QED_sqamplitudes_TreeLevel_3to2_simplified.txt
Appended simplified sqamplitudes in prefix notation to ../data.nosync/QED_sqamplitudes_TreeLevel_3to2_simplified_shortened_hybridprefix.txt
batch:57
started at:2022-08-14 18:01:46.725506
finished at:2022-08-14 18:06:27.601408
batch_start_index:57000
batch_end_index:58000
batch_size:1000
----------------------
Appended amplitudes to ../data.nosync/QED_amplitudes_TreeLevel_3to2.txt
Appended simplified sqamplitudes to ../data.nosync/QED_sqamplitudes_TreeLevel_3to2_simplified.txt
Appended simplified sqamplitudes in prefix notation to ../data.nosync/QED_sqamplitudes_TreeLevel_3to2_simplified_shortened_hybridprefix.txt
batch:58
started at:2022-08-14 18:06:27.602986
finished at:2022-08-14 18:07:41.442858
batch_start_index:58000
batch_end_index:59000
batch_size:1000
----------------------
Appended amplitudes to ../data.nosync/QED_amplitudes_TreeLevel_3to2.txt
Appended simplified sqamplitudes to ../data.nosync/QED_sqamplitudes_TreeLevel_3to2_simplified.txt
Appended simplified sqamplitudes in prefix notation to ../data.nosync/QED_sqamplitudes_TreeLevel_3to2_simplified_shortened_hybridprefix.txt
batch:59
started at:2022-08-14 18:07:41.444467
finished at:2022-08-14 18:12:13.698777
batch_start_index:59000
batch_end_index:60000
batch_size:1000
----------------------
Appended amplitudes to ../data.nosync/QED_amplitudes_TreeLevel_3to2.txt
Appended simplified sqamplitudes to ../data.nosync/QED_sqamplitudes_TreeLevel_3to2_simplified.txt
Appended simplified sqamplitudes in prefix notation to ../data.nosync/QED_sqamplitudes_TreeLevel_3to2_simplified_shortened_hybridprefix.txt
batch:60
started at:2022-08-14 18:12:13.700183
finished at:2022-08-14 18:13:11.693418
batch_start_index:60000
batch_end_index:61000
batch_size:1000
----------------------
Appended amplitudes to ../data.nosync/QED_amplitudes_TreeLevel_3to2.txt
Appended simplified sqamplitudes to ../data.nosync/QED_sqamplitudes_TreeLevel_3to2_simplified.txt
Appended simplified sqamplitudes in prefix notation to ../data.nosync/QED_sqamplitudes_TreeLevel_3to2_simplified_shortened_hybridprefix.txt
batch:61
started at:2022-08-14 18:13:11.694958
finished at:2022-08-14 18:17:29.467343
batch_start_index:61000
batch_end_index:62000
batch_size:1000
----------------------
Appended amplitudes to ../data.nosync/QED_amplitudes_TreeLevel_3to2.txt
Appended simplified sqamplitudes to ../data.nosync/QED_sqamplitudes_TreeLevel_3to2_simplified.txt
Appended simplified sqamplitudes in prefix notation to ../data.nosync/QED_sqamplitudes_TreeLevel_3to2_simplified_shortened_hybridprefix.txt
batch:62
started at:2022-08-14 18:17:29.468693
finished at:2022-08-14 18:18:33.331375
batch_start_index:62000
batch_end_index:63000
batch_size:1000
----------------------
Appended amplitudes to ../data.nosync/QED_amplitudes_TreeLevel_3to2.txt
Appended simplified sqamplitudes to ../data.nosync/QED_sqamplitudes_TreeLevel_3to2_simplified.txt
Appended simplified sqamplitudes in prefix notation to ../data.nosync/QED_sqamplitudes_TreeLevel_3to2_simplified_shortened_hybridprefix.txt
batch:63
started at:2022-08-14 18:18:33.332912
finished at:2022-08-14 18:23:44.662703
batch_start_index:63000
batch_end_index:64000
batch_size:1000
----------------------
Appended amplitudes to ../data.nosync/QED_amplitudes_TreeLevel_3to2.txt
Appended simplified sqamplitudes to ../data.nosync/QED_sqamplitudes_TreeLevel_3to2_simplified.txt
Appended simplified sqamplitudes in prefix notation to ../data.nosync/QED_sqamplitudes_TreeLevel_3to2_simplified_shortened_hybridprefix.txt
batch:64
started at:2022-08-14 18:23:44.664083
finished at:2022-08-14 18:27:20.948889
batch_start_index:64000
batch_end_index:65000
batch_size:1000
----------------------
Appended amplitudes to ../data.nosync/QED_amplitudes_TreeLevel_3to2.txt
Appended simplified sqamplitudes to ../data.nosync/QED_sqamplitudes_TreeLevel_3to2_simplified.txt
Appended simplified sqamplitudes in prefix notation to ../data.nosync/QED_sqamplitudes_TreeLevel_3to2_simplified_shortened_hybridprefix.txt
batch:65
started at:2022-08-14 18:27:20.950166
finished at:2022-08-14 18:28:21.909225
batch_start_index:65000
batch_end_index:66000
batch_size:1000
----------------------
Appended amplitudes to ../data.nosync/QED_amplitudes_TreeLevel_3to2.txt
Appended simplified sqamplitudes to ../data.nosync/QED_sqamplitudes_TreeLevel_3to2_simplified.txt
Appended simplified sqamplitudes in prefix notation to ../data.nosync/QED_sqamplitudes_TreeLevel_3to2_simplified_shortened_hybridprefix.txt
batch:66
started at:2022-08-14 18:28:21.910569
finished at:2022-08-14 18:33:30.055772
batch_start_index:66000
batch_end_index:67000
batch_size:1000
----------------------
Appended amplitudes to ../data.nosync/QED_amplitudes_TreeLevel_3to2.txt
Appended simplified sqamplitudes to ../data.nosync/QED_sqamplitudes_TreeLevel_3to2_simplified.txt
Appended simplified sqamplitudes in prefix notation to ../data.nosync/QED_sqamplitudes_TreeLevel_3to2_simplified_shortened_hybridprefix.txt
batch:67
started at:2022-08-14 18:33:30.056959
finished at:2022-08-14 18:38:01.562082
batch_start_index:67000
batch_end_index:68000
batch_size:1000
----------------------
Appended amplitudes to ../data.nosync/QED_amplitudes_TreeLevel_3to2.txt
Appended simplified sqamplitudes to ../data.nosync/QED_sqamplitudes_TreeLevel_3to2_simplified.txt
Appended simplified sqamplitudes in prefix notation to ../data.nosync/QED_sqamplitudes_TreeLevel_3to2_simplified_shortened_hybridprefix.txt
batch:68
started at:2022-08-14 18:38:01.563433
finished at:2022-08-14 18:42:55.067812
batch_start_index:68000
batch_end_index:69000
batch_size:1000
----------------------
Appended amplitudes to ../data.nosync/QED_amplitudes_TreeLevel_3to2.txt
Appended simplified sqamplitudes to ../data.nosync/QED_sqamplitudes_TreeLevel_3to2_simplified.txt
Appended simplified sqamplitudes in prefix notation to ../data.nosync/QED_sqamplitudes_TreeLevel_3to2_simplified_shortened_hybridprefix.txt
batch:69
started at:2022-08-14 18:42:55.069216
finished at:2022-08-14 18:44:31.328987
batch_start_index:69000
batch_end_index:70000
batch_size:1000
----------------------
Appended amplitudes to ../data.nosync/QED_amplitudes_TreeLevel_3to2.txt
Appended simplified sqamplitudes to ../data.nosync/QED_sqamplitudes_TreeLevel_3to2_simplified.txt
Appended simplified sqamplitudes in prefix notation to ../data.nosync/QED_sqamplitudes_TreeLevel_3to2_simplified_shortened_hybridprefix.txt
batch:70
started at:2022-08-14 18:44:31.330377
finished at:2022-08-14 18:45:41.854171
batch_start_index:70000
batch_end_index:71000
batch_size:1000
----------------------
Appended amplitudes to ../data.nosync/QED_amplitudes_TreeLevel_3to2.txt
Appended simplified sqamplitudes to ../data.nosync/QED_sqamplitudes_TreeLevel_3to2_simplified.txt
Appended simplified sqamplitudes in prefix notation to ../data.nosync/QED_sqamplitudes_TreeLevel_3to2_simplified_shortened_hybridprefix.txt
batch:71
started at:2022-08-14 18:45:41.855712
finished at:2022-08-14 18:50:41.575859
batch_start_index:71000
batch_end_index:72000
batch_size:1000
----------------------
Appended amplitudes to ../data.nosync/QED_amplitudes_TreeLevel_3to2.txt
Appended simplified sqamplitudes to ../data.nosync/QED_sqamplitudes_TreeLevel_3to2_simplified.txt
Appended simplified sqamplitudes in prefix notation to ../data.nosync/QED_sqamplitudes_TreeLevel_3to2_simplified_shortened_hybridprefix.txt
batch:72
started at:2022-08-14 18:50:41.577374
finished at:2022-08-14 18:51:46.585309
batch_start_index:72000
batch_end_index:73000
batch_size:1000
----------------------
Appended amplitudes to ../data.nosync/QED_amplitudes_TreeLevel_3to2.txt
Appended simplified sqamplitudes to ../data.nosync/QED_sqamplitudes_TreeLevel_3to2_simplified.txt
Appended simplified sqamplitudes in prefix notation to ../data.nosync/QED_sqamplitudes_TreeLevel_3to2_simplified_shortened_hybridprefix.txt
batch:73
started at:2022-08-14 18:51:46.586732
finished at:2022-08-14 18:56:45.476612
batch_start_index:73000
batch_end_index:74000
batch_size:1000
----------------------
Appended amplitudes to ../data.nosync/QED_amplitudes_TreeLevel_3to2.txt
Appended simplified sqamplitudes to ../data.nosync/QED_sqamplitudes_TreeLevel_3to2_simplified.txt
Appended simplified sqamplitudes in prefix notation to ../data.nosync/QED_sqamplitudes_TreeLevel_3to2_simplified_shortened_hybridprefix.txt
batch:74
started at:2022-08-14 18:56:45.477997
finished at:2022-08-14 19:01:38.188076
batch_start_index:74000
batch_end_index:75000
batch_size:1000
----------------------
Appended amplitudes to ../data.nosync/QED_amplitudes_TreeLevel_3to2.txt
Appended simplified sqamplitudes to ../data.nosync/QED_sqamplitudes_TreeLevel_3to2_simplified.txt
Appended simplified sqamplitudes in prefix notation to ../data.nosync/QED_sqamplitudes_TreeLevel_3to2_simplified_shortened_hybridprefix.txt
batch:75
started at:2022-08-14 19:01:38.189498
finished at:2022-08-14 19:02:38.294260
batch_start_index:75000
batch_end_index:76000
batch_size:1000
----------------------
Appended amplitudes to ../data.nosync/QED_amplitudes_TreeLevel_3to2.txt
Appended simplified sqamplitudes to ../data.nosync/QED_sqamplitudes_TreeLevel_3to2_simplified.txt
Appended simplified sqamplitudes in prefix notation to ../data.nosync/QED_sqamplitudes_TreeLevel_3to2_simplified_shortened_hybridprefix.txt
batch:76
started at:2022-08-14 19:02:38.295669
finished at:2022-08-14 19:07:24.200330
batch_start_index:76000
batch_end_index:77000
batch_size:1000
----------------------
Appended amplitudes to ../data.nosync/QED_amplitudes_TreeLevel_3to2.txt
Appended simplified sqamplitudes to ../data.nosync/QED_sqamplitudes_TreeLevel_3to2_simplified.txt
Appended simplified sqamplitudes in prefix notation to ../data.nosync/QED_sqamplitudes_TreeLevel_3to2_simplified_shortened_hybridprefix.txt
batch:77
started at:2022-08-14 19:07:24.201820
finished at:2022-08-14 19:12:11.722354
batch_start_index:77000
batch_end_index:78000
batch_size:1000
----------------------
Appended amplitudes to ../data.nosync/QED_amplitudes_TreeLevel_3to2.txt
Appended simplified sqamplitudes to ../data.nosync/QED_sqamplitudes_TreeLevel_3to2_simplified.txt
Appended simplified sqamplitudes in prefix notation to ../data.nosync/QED_sqamplitudes_TreeLevel_3to2_simplified_shortened_hybridprefix.txt
batch:78
started at:2022-08-14 19:12:11.723841
finished at:2022-08-14 19:16:59.942550
batch_start_index:78000
batch_end_index:79000
batch_size:1000
----------------------
Appended amplitudes to ../data.nosync/QED_amplitudes_TreeLevel_3to2.txt
Appended simplified sqamplitudes to ../data.nosync/QED_sqamplitudes_TreeLevel_3to2_simplified.txt
Appended simplified sqamplitudes in prefix notation to ../data.nosync/QED_sqamplitudes_TreeLevel_3to2_simplified_shortened_hybridprefix.txt
batch:79
started at:2022-08-14 19:16:59.943922
finished at:2022-08-14 19:21:45.981958
batch_start_index:79000
batch_end_index:80000
batch_size:1000
----------------------
Appended amplitudes to ../data.nosync/QED_amplitudes_TreeLevel_3to2.txt
Appended simplified sqamplitudes to ../data.nosync/QED_sqamplitudes_TreeLevel_3to2_simplified.txt
Appended simplified sqamplitudes in prefix notation to ../data.nosync/QED_sqamplitudes_TreeLevel_3to2_simplified_shortened_hybridprefix.txt
batch:80
started at:2022-08-14 19:21:45.983422
finished at:2022-08-14 19:22:50.485487
batch_start_index:80000
batch_end_index:81000
batch_size:1000
----------------------
Appended amplitudes to ../data.nosync/QED_amplitudes_TreeLevel_3to2.txt
Appended simplified sqamplitudes to ../data.nosync/QED_sqamplitudes_TreeLevel_3to2_simplified.txt
Appended simplified sqamplitudes in prefix notation to ../data.nosync/QED_sqamplitudes_TreeLevel_3to2_simplified_shortened_hybridprefix.txt
batch:81
started at:2022-08-14 19:22:50.486861
finished at:2022-08-14 19:27:25.744108
batch_start_index:81000
batch_end_index:82000
batch_size:1000
----------------------
Appended amplitudes to ../data.nosync/QED_amplitudes_TreeLevel_3to2.txt
Appended simplified sqamplitudes to ../data.nosync/QED_sqamplitudes_TreeLevel_3to2_simplified.txt
Appended simplified sqamplitudes in prefix notation to ../data.nosync/QED_sqamplitudes_TreeLevel_3to2_simplified_shortened_hybridprefix.txt
batch:82
started at:2022-08-14 20:26:11.387873
finished at:2022-08-14 20:30:47.127333
batch_start_index:82000
batch_end_index:83000
batch_size:1000
----------------------
Appended amplitudes to ../data.nosync/QED_amplitudes_TreeLevel_3to2.txt
Appended simplified sqamplitudes to ../data.nosync/QED_sqamplitudes_TreeLevel_3to2_simplified.txt
Appended simplified sqamplitudes in prefix notation to ../data.nosync/QED_sqamplitudes_TreeLevel_3to2_simplified_shortened_hybridprefix.txt
batch:83
started at:2022-08-14 20:30:47.128754
finished at:2022-08-14 20:33:34.833942
batch_start_index:83000
batch_end_index:84000
batch_size:1000
----------------------
Appended amplitudes to ../data.nosync/QED_amplitudes_TreeLevel_3to2.txt
Appended simplified sqamplitudes to ../data.nosync/QED_sqamplitudes_TreeLevel_3to2_simplified.txt
Appended simplified sqamplitudes in prefix notation to ../data.nosync/QED_sqamplitudes_TreeLevel_3to2_simplified_shortened_hybridprefix.txt
batch:84
started at:2022-08-14 20:33:34.835396
finished at:2022-08-14 20:38:28.109638
batch_start_index:84000
batch_end_index:85000
batch_size:1000
----------------------
Appended amplitudes to ../data.nosync/QED_amplitudes_TreeLevel_3to2.txt
Appended simplified sqamplitudes to ../data.nosync/QED_sqamplitudes_TreeLevel_3to2_simplified.txt
Appended simplified sqamplitudes in prefix notation to ../data.nosync/QED_sqamplitudes_TreeLevel_3to2_simplified_shortened_hybridprefix.txt
batch:85
started at:2022-08-14 21:00:04.396921
finished at:2022-08-14 21:01:15.692076
batch_start_index:85000
batch_end_index:86000
batch_size:1000
----------------------
Appended amplitudes to ../data.nosync/QED_amplitudes_TreeLevel_3to2.txt
Appended simplified sqamplitudes to ../data.nosync/QED_sqamplitudes_TreeLevel_3to2_simplified.txt
Appended simplified sqamplitudes in prefix notation to ../data.nosync/QED_sqamplitudes_TreeLevel_3to2_simplified_shortened_hybridprefix.txt
batch:86
started at:2022-08-14 21:01:15.693480
finished at:2022-08-14 21:06:03.889412
batch_start_index:86000
batch_end_index:87000
batch_size:1000
----------------------
Appended amplitudes to ../data.nosync/QED_amplitudes_TreeLevel_3to2.txt
Appended simplified sqamplitudes to ../data.nosync/QED_sqamplitudes_TreeLevel_3to2_simplified.txt
Appended simplified sqamplitudes in prefix notation to ../data.nosync/QED_sqamplitudes_TreeLevel_3to2_simplified_shortened_hybridprefix.txt
batch:87
started at:2022-08-14 21:06:03.890766
finished at:2022-08-14 21:10:44.778197
batch_start_index:87000
batch_end_index:88000
batch_size:1000
----------------------
Appended amplitudes to ../data.nosync/QED_amplitudes_TreeLevel_3to2.txt
Appended simplified sqamplitudes to ../data.nosync/QED_sqamplitudes_TreeLevel_3to2_simplified.txt
Appended simplified sqamplitudes in prefix notation to ../data.nosync/QED_sqamplitudes_TreeLevel_3to2_simplified_shortened_hybridprefix.txt
batch:88
started at:2022-08-14 21:10:44.779537
finished at:2022-08-14 21:11:41.578206
batch_start_index:88000
batch_end_index:89000
batch_size:1000
----------------------
Appended amplitudes to ../data.nosync/QED_amplitudes_TreeLevel_3to2.txt
Appended simplified sqamplitudes to ../data.nosync/QED_sqamplitudes_TreeLevel_3to2_simplified.txt
Appended simplified sqamplitudes in prefix notation to ../data.nosync/QED_sqamplitudes_TreeLevel_3to2_simplified_shortened_hybridprefix.txt
batch:89
started at:2022-08-14 21:34:07.239142
finished at:2022-08-14 21:37:59.252408
batch_start_index:89000
batch_end_index:90000
batch_size:1000
----------------------
Appended amplitudes to ../data.nosync/QED_amplitudes_TreeLevel_3to2.txt
Appended simplified sqamplitudes to ../data.nosync/QED_sqamplitudes_TreeLevel_3to2_simplified.txt
Appended simplified sqamplitudes in prefix notation to ../data.nosync/QED_sqamplitudes_TreeLevel_3to2_simplified_shortened_hybridprefix.txt
batch:90
started at:2022-08-14 21:37:59.253855
finished at:2022-08-14 21:39:04.390097
batch_start_index:90000
batch_end_index:91000
batch_size:1000
----------------------
Appended amplitudes to ../data.nosync/QED_amplitudes_TreeLevel_3to2.txt
Appended simplified sqamplitudes to ../data.nosync/QED_sqamplitudes_TreeLevel_3to2_simplified.txt
Appended simplified sqamplitudes in prefix notation to ../data.nosync/QED_sqamplitudes_TreeLevel_3to2_simplified_shortened_hybridprefix.txt
batch:91
started at:2022-08-14 21:39:04.391459
finished at:2022-08-14 21:39:57.905539
batch_start_index:91000
batch_end_index:92000
batch_size:1000
----------------------
Appended amplitudes to ../data.nosync/QED_amplitudes_TreeLevel_3to2.txt
Appended simplified sqamplitudes to ../data.nosync/QED_sqamplitudes_TreeLevel_3to2_simplified.txt
Appended simplified sqamplitudes in prefix notation to ../data.nosync/QED_sqamplitudes_TreeLevel_3to2_simplified_shortened_hybridprefix.txt
batch:92
started at:2022-08-14 21:39:57.906930
finished at:2022-08-14 21:41:25.524510
batch_start_index:92000
batch_end_index:93000
batch_size:1000
----------------------
Appended amplitudes to ../data.nosync/QED_amplitudes_TreeLevel_3to2.txt
Appended simplified sqamplitudes to ../data.nosync/QED_sqamplitudes_TreeLevel_3to2_simplified.txt
Appended simplified sqamplitudes in prefix notation to ../data.nosync/QED_sqamplitudes_TreeLevel_3to2_simplified_shortened_hybridprefix.txt
batch:93
started at:2022-08-14 21:41:25.525842
finished at:2022-08-14 21:42:30.184975
batch_start_index:93000
batch_end_index:94000
batch_size:1000
----------------------
Appended amplitudes to ../data.nosync/QED_amplitudes_TreeLevel_3to2.txt
Appended simplified sqamplitudes to ../data.nosync/QED_sqamplitudes_TreeLevel_3to2_simplified.txt
Appended simplified sqamplitudes in prefix notation to ../data.nosync/QED_sqamplitudes_TreeLevel_3to2_simplified_shortened_hybridprefix.txt
batch:94
started at:2022-08-14 21:42:30.186474
finished at:2022-08-14 21:47:27.906770
batch_start_index:94000
batch_end_index:95000
batch_size:1000
----------------------
Appended amplitudes to ../data.nosync/QED_amplitudes_TreeLevel_3to2.txt
Appended simplified sqamplitudes to ../data.nosync/QED_sqamplitudes_TreeLevel_3to2_simplified.txt
Appended simplified sqamplitudes in prefix notation to ../data.nosync/QED_sqamplitudes_TreeLevel_3to2_simplified_shortened_hybridprefix.txt
batch:95
started at:2022-08-14 21:47:27.908137
finished at:2022-08-14 21:48:25.485871
batch_start_index:95000
batch_end_index:96000
batch_size:1000
----------------------
Appended amplitudes to ../data.nosync/QED_amplitudes_TreeLevel_3to2.txt
Appended simplified sqamplitudes to ../data.nosync/QED_sqamplitudes_TreeLevel_3to2_simplified.txt
Appended simplified sqamplitudes in prefix notation to ../data.nosync/QED_sqamplitudes_TreeLevel_3to2_simplified_shortened_hybridprefix.txt
batch:96
started at:2022-08-14 21:48:25.487339
finished at:2022-08-14 21:49:29.888597
batch_start_index:96000
batch_end_index:97000
batch_size:1000
----------------------
Appended amplitudes to ../data.nosync/QED_amplitudes_TreeLevel_3to2.txt
Appended simplified sqamplitudes to ../data.nosync/QED_sqamplitudes_TreeLevel_3to2_simplified.txt
Appended simplified sqamplitudes in prefix notation to ../data.nosync/QED_sqamplitudes_TreeLevel_3to2_simplified_shortened_hybridprefix.txt
batch:97
started at:2022-08-14 21:49:29.890120
finished at:2022-08-14 21:50:35.484001
batch_start_index:97000
batch_end_index:98000
batch_size:1000
----------------------
Appended amplitudes to ../data.nosync/QED_amplitudes_TreeLevel_3to2.txt
Appended simplified sqamplitudes to ../data.nosync/QED_sqamplitudes_TreeLevel_3to2_simplified.txt
Appended simplified sqamplitudes in prefix notation to ../data.nosync/QED_sqamplitudes_TreeLevel_3to2_simplified_shortened_hybridprefix.txt
batch:98
started at:2022-08-14 22:46:20.603619
finished at:2022-08-14 22:50:49.130650
batch_start_index:98000
batch_end_index:99000
batch_size:1000
----------------------
Appended amplitudes to ../data.nosync/QED_amplitudes_TreeLevel_3to2.txt
Appended simplified sqamplitudes to ../data.nosync/QED_sqamplitudes_TreeLevel_3to2_simplified.txt
Appended simplified sqamplitudes in prefix notation to ../data.nosync/QED_sqamplitudes_TreeLevel_3to2_simplified_shortened_hybridprefix.txt
batch:99
started at:2022-08-14 22:50:49.131995
finished at:2022-08-14 22:51:49.010638
batch_start_index:99000
batch_end_index:100000
batch_size:1000
----------------------
Appended amplitudes to ../data.nosync/QED_amplitudes_TreeLevel_3to2.txt
Appended simplified sqamplitudes to ../data.nosync/QED_sqamplitudes_TreeLevel_3to2_simplified.txt
Appended simplified sqamplitudes in prefix notation to ../data.nosync/QED_sqamplitudes_TreeLevel_3to2_simplified_shortened_hybridprefix.txt
batch:100
started at:2022-08-14 22:51:49.012025
finished at:2022-08-14 22:52:49.398557
batch_start_index:100000
batch_end_index:101000
batch_size:1000
----------------------
Appended amplitudes to ../data.nosync/QED_amplitudes_TreeLevel_3to2.txt
Appended simplified sqamplitudes to ../data.nosync/QED_sqamplitudes_TreeLevel_3to2_simplified.txt
Appended simplified sqamplitudes in prefix notation to ../data.nosync/QED_sqamplitudes_TreeLevel_3to2_simplified_shortened_hybridprefix.txt
batch:101
started at:2022-08-14 22:52:49.400016
finished at:2022-08-14 22:58:18.771217
batch_start_index:101000
batch_end_index:102000
batch_size:1000
----------------------
Appended amplitudes to ../data.nosync/QED_amplitudes_TreeLevel_3to2.txt
Appended simplified sqamplitudes to ../data.nosync/QED_sqamplitudes_TreeLevel_3to2_simplified.txt
Appended simplified sqamplitudes in prefix notation to ../data.nosync/QED_sqamplitudes_TreeLevel_3to2_simplified_shortened_hybridprefix.txt
batch:102
started at:2022-08-14 22:58:18.772557
finished at:2022-08-14 22:59:14.744306
batch_start_index:102000
batch_end_index:103000
batch_size:1000
----------------------
Appended amplitudes to ../data.nosync/QED_amplitudes_TreeLevel_3to2.txt
Appended simplified sqamplitudes to ../data.nosync/QED_sqamplitudes_TreeLevel_3to2_simplified.txt
Appended simplified sqamplitudes in prefix notation to ../data.nosync/QED_sqamplitudes_TreeLevel_3to2_simplified_shortened_hybridprefix.txt
batch:103
started at:2022-08-14 22:59:14.745627
finished at:2022-08-14 23:03:23.127034
batch_start_index:103000
batch_end_index:104000
batch_size:1000
----------------------
Appended amplitudes to ../data.nosync/QED_amplitudes_TreeLevel_3to2.txt
Appended simplified sqamplitudes to ../data.nosync/QED_sqamplitudes_TreeLevel_3to2_simplified.txt
Appended simplified sqamplitudes in prefix notation to ../data.nosync/QED_sqamplitudes_TreeLevel_3to2_simplified_shortened_hybridprefix.txt
batch:104
started at:2022-08-14 23:03:23.128498
finished at:2022-08-14 23:06:39.711859
batch_start_index:104000
batch_end_index:105000
batch_size:1000
----------------------
Appended amplitudes to ../data.nosync/QED_amplitudes_TreeLevel_3to2.txt
Appended simplified sqamplitudes to ../data.nosync/QED_sqamplitudes_TreeLevel_3to2_simplified.txt
Appended simplified sqamplitudes in prefix notation to ../data.nosync/QED_sqamplitudes_TreeLevel_3to2_simplified_shortened_hybridprefix.txt
batch:105
started at:2022-08-14 23:06:39.713189
finished at:2022-08-14 23:07:31.132997
batch_start_index:105000
batch_end_index:106000
batch_size:1000
----------------------
Appended amplitudes to ../data.nosync/QED_amplitudes_TreeLevel_3to2.txt
Appended simplified sqamplitudes to ../data.nosync/QED_sqamplitudes_TreeLevel_3to2_simplified.txt
Appended simplified sqamplitudes in prefix notation to ../data.nosync/QED_sqamplitudes_TreeLevel_3to2_simplified_shortened_hybridprefix.txt
batch:106
started at:2022-08-14 23:56:09.879985
finished at:2022-08-14 23:56:58.847491
batch_start_index:106000
batch_end_index:107000
batch_size:1000
----------------------
Appended amplitudes to ../data.nosync/QED_amplitudes_TreeLevel_3to2.txt
Appended simplified sqamplitudes to ../data.nosync/QED_sqamplitudes_TreeLevel_3to2_simplified.txt
Appended simplified sqamplitudes in prefix notation to ../data.nosync/QED_sqamplitudes_TreeLevel_3to2_simplified_shortened_hybridprefix.txt
batch:107
started at:2022-08-14 23:56:58.848757
finished at:2022-08-15 00:01:27.863518
batch_start_index:107000
batch_end_index:108000
batch_size:1000
----------------------
Appended amplitudes to ../data.nosync/QED_amplitudes_TreeLevel_3to2.txt
Appended simplified sqamplitudes to ../data.nosync/QED_sqamplitudes_TreeLevel_3to2_simplified.txt
Appended simplified sqamplitudes in prefix notation to ../data.nosync/QED_sqamplitudes_TreeLevel_3to2_simplified_shortened_hybridprefix.txt
batch:108
started at:2022-08-15 00:01:27.864877
finished at:2022-08-15 00:04:52.138465
batch_start_index:108000
batch_end_index:109000
batch_size:1000
----------------------
Appended amplitudes to ../data.nosync/QED_amplitudes_TreeLevel_3to2.txt
Appended simplified sqamplitudes to ../data.nosync/QED_sqamplitudes_TreeLevel_3to2_simplified.txt
Appended simplified sqamplitudes in prefix notation to ../data.nosync/QED_sqamplitudes_TreeLevel_3to2_simplified_shortened_hybridprefix.txt
batch:109
started at:2022-08-15 00:04:52.139834
finished at:2022-08-15 00:06:13.274516
batch_start_index:109000
batch_end_index:110000
batch_size:1000
----------------------
Appended amplitudes to ../data.nosync/QED_amplitudes_TreeLevel_3to2.txt
Appended simplified sqamplitudes to ../data.nosync/QED_sqamplitudes_TreeLevel_3to2_simplified.txt
Appended simplified sqamplitudes in prefix notation to ../data.nosync/QED_sqamplitudes_TreeLevel_3to2_simplified_shortened_hybridprefix.txt
batch:110
started at:2022-08-15 00:06:13.275489
finished at:2022-08-15 00:07:12.986993
batch_start_index:110000
batch_end_index:111000
batch_size:1000
----------------------
Appended amplitudes to ../data.nosync/QED_amplitudes_TreeLevel_3to2.txt
Appended simplified sqamplitudes to ../data.nosync/QED_sqamplitudes_TreeLevel_3to2_simplified.txt
Appended simplified sqamplitudes in prefix notation to ../data.nosync/QED_sqamplitudes_TreeLevel_3to2_simplified_shortened_hybridprefix.txt
batch:111
started at:2022-08-15 00:07:12.988427
finished at:2022-08-15 00:11:56.528310
batch_start_index:111000
batch_end_index:112000
batch_size:1000
----------------------
Appended amplitudes to ../data.nosync/QED_amplitudes_TreeLevel_3to2.txt
Appended simplified sqamplitudes to ../data.nosync/QED_sqamplitudes_TreeLevel_3to2_simplified.txt
Appended simplified sqamplitudes in prefix notation to ../data.nosync/QED_sqamplitudes_TreeLevel_3to2_simplified_shortened_hybridprefix.txt
batch:112
started at:2022-08-15 00:11:56.529658
finished at:2022-08-15 00:15:44.714040
batch_start_index:112000
batch_end_index:113000
batch_size:1000
----------------------
Appended amplitudes to ../data.nosync/QED_amplitudes_TreeLevel_3to2.txt
Appended simplified sqamplitudes to ../data.nosync/QED_sqamplitudes_TreeLevel_3to2_simplified.txt
Appended simplified sqamplitudes in prefix notation to ../data.nosync/QED_sqamplitudes_TreeLevel_3to2_simplified_shortened_hybridprefix.txt
batch:113
started at:2022-08-15 00:15:44.715402
finished at:2022-08-15 00:16:37.573500
batch_start_index:113000
batch_end_index:114000
batch_size:1000
----------------------
Appended amplitudes to ../data.nosync/QED_amplitudes_TreeLevel_3to2.txt
Appended simplified sqamplitudes to ../data.nosync/QED_sqamplitudes_TreeLevel_3to2_simplified.txt
Appended simplified sqamplitudes in prefix notation to ../data.nosync/QED_sqamplitudes_TreeLevel_3to2_simplified_shortened_hybridprefix.txt
batch:114
started at:2022-08-15 00:16:37.574902
finished at:2022-08-15 00:17:40.964646
batch_start_index:114000
batch_end_index:115000
batch_size:1000
----------------------
Appended amplitudes to ../data.nosync/QED_amplitudes_TreeLevel_3to2.txt
Appended simplified sqamplitudes to ../data.nosync/QED_sqamplitudes_TreeLevel_3to2_simplified.txt
Appended simplified sqamplitudes in prefix notation to ../data.nosync/QED_sqamplitudes_TreeLevel_3to2_simplified_shortened_hybridprefix.txt
batch:115
started at:2022-08-15 00:17:40.966034
finished at:2022-08-15 00:18:43.790849
batch_start_index:115000
batch_end_index:116000
batch_size:1000
----------------------
Appended amplitudes to ../data.nosync/QED_amplitudes_TreeLevel_3to2.txt
Appended simplified sqamplitudes to ../data.nosync/QED_sqamplitudes_TreeLevel_3to2_simplified.txt
Appended simplified sqamplitudes in prefix notation to ../data.nosync/QED_sqamplitudes_TreeLevel_3to2_simplified_shortened_hybridprefix.txt
batch:116
started at:2022-08-15 00:18:43.792158
finished at:2022-08-15 00:23:38.578406
batch_start_index:116000
batch_end_index:117000
batch_size:1000
----------------------
Appended amplitudes to ../data.nosync/QED_amplitudes_TreeLevel_3to2.txt
Appended simplified sqamplitudes to ../data.nosync/QED_sqamplitudes_TreeLevel_3to2_simplified.txt
Appended simplified sqamplitudes in prefix notation to ../data.nosync/QED_sqamplitudes_TreeLevel_3to2_simplified_shortened_hybridprefix.txt
batch:117
started at:2022-08-15 00:23:38.579291
finished at:2022-08-15 00:28:02.245849
batch_start_index:117000
batch_end_index:118000
batch_size:1000
----------------------
Appended amplitudes to ../data.nosync/QED_amplitudes_TreeLevel_3to2.txt
Appended simplified sqamplitudes to ../data.nosync/QED_sqamplitudes_TreeLevel_3to2_simplified.txt
Appended simplified sqamplitudes in prefix notation to ../data.nosync/QED_sqamplitudes_TreeLevel_3to2_simplified_shortened_hybridprefix.txt
batch:118
started at:2022-08-15 00:28:02.247147
finished at:2022-08-15 00:32:46.194389
batch_start_index:118000
batch_end_index:119000
batch_size:1000
----------------------
Appended amplitudes to ../data.nosync/QED_amplitudes_TreeLevel_3to2.txt
Appended simplified sqamplitudes to ../data.nosync/QED_sqamplitudes_TreeLevel_3to2_simplified.txt
Appended simplified sqamplitudes in prefix notation to ../data.nosync/QED_sqamplitudes_TreeLevel_3to2_simplified_shortened_hybridprefix.txt
batch:119
started at:2022-08-15 00:32:46.195668
finished at:2022-08-15 00:33:40.421552
batch_start_index:119000
batch_end_index:120000
batch_size:1000
----------------------
Appended amplitudes to ../data.nosync/QED_amplitudes_TreeLevel_3to2.txt
Appended simplified sqamplitudes to ../data.nosync/QED_sqamplitudes_TreeLevel_3to2_simplified.txt
Appended simplified sqamplitudes in prefix notation to ../data.nosync/QED_sqamplitudes_TreeLevel_3to2_simplified_shortened_hybridprefix.txt
batch:120
started at:2022-08-15 00:33:40.422877
finished at:2022-08-15 00:34:35.524155
batch_start_index:120000
batch_end_index:121000
batch_size:1000
----------------------
Appended amplitudes to ../data.nosync/QED_amplitudes_TreeLevel_3to2.txt
Appended simplified sqamplitudes to ../data.nosync/QED_sqamplitudes_TreeLevel_3to2_simplified.txt
Appended simplified sqamplitudes in prefix notation to ../data.nosync/QED_sqamplitudes_TreeLevel_3to2_simplified_shortened_hybridprefix.txt
batch:121
started at:2022-08-15 00:34:35.525466
finished at:2022-08-15 00:35:53.310079
batch_start_index:121000
batch_end_index:122000
batch_size:1000
----------------------
Appended amplitudes to ../data.nosync/QED_amplitudes_TreeLevel_3to2.txt
Appended simplified sqamplitudes to ../data.nosync/QED_sqamplitudes_TreeLevel_3to2_simplified.txt
Appended simplified sqamplitudes in prefix notation to ../data.nosync/QED_sqamplitudes_TreeLevel_3to2_simplified_shortened_hybridprefix.txt
batch:122
started at:2022-08-15 00:35:53.311435
finished at:2022-08-15 00:40:36.003952
batch_start_index:122000
batch_end_index:123000
batch_size:1000
----------------------
Appended amplitudes to ../data.nosync/QED_amplitudes_TreeLevel_3to2.txt
Appended simplified sqamplitudes to ../data.nosync/QED_sqamplitudes_TreeLevel_3to2_simplified.txt
Appended simplified sqamplitudes in prefix notation to ../data.nosync/QED_sqamplitudes_TreeLevel_3to2_simplified_shortened_hybridprefix.txt
batch:123
started at:2022-08-15 08:48:02.721899
finished at:2022-08-15 08:48:57.797295
batch_start_index:123000
batch_end_index:124000
batch_size:1000
----------------------
Appended amplitudes to ../data.nosync/QED_amplitudes_TreeLevel_3to2.txt
Appended simplified sqamplitudes to ../data.nosync/QED_sqamplitudes_TreeLevel_3to2_simplified.txt
Appended simplified sqamplitudes in prefix notation to ../data.nosync/QED_sqamplitudes_TreeLevel_3to2_simplified_shortened_hybridprefix.txt
batch:124
started at:2022-08-15 08:48:57.798909
finished at:2022-08-15 08:50:01.555535
batch_start_index:124000
batch_end_index:125000
batch_size:1000
----------------------
Appended amplitudes to ../data.nosync/QED_amplitudes_TreeLevel_3to2.txt
Appended simplified sqamplitudes to ../data.nosync/QED_sqamplitudes_TreeLevel_3to2_simplified.txt
Appended simplified sqamplitudes in prefix notation to ../data.nosync/QED_sqamplitudes_TreeLevel_3to2_simplified_shortened_hybridprefix.txt
batch:125
started at:2022-08-15 08:50:01.557144
finished at:2022-08-15 08:54:22.150449
batch_start_index:125000
batch_end_index:126000
batch_size:1000
----------------------
Appended amplitudes to ../data.nosync/QED_amplitudes_TreeLevel_3to2.txt
Appended simplified sqamplitudes to ../data.nosync/QED_sqamplitudes_TreeLevel_3to2_simplified.txt
Appended simplified sqamplitudes in prefix notation to ../data.nosync/QED_sqamplitudes_TreeLevel_3to2_simplified_shortened_hybridprefix.txt
batch:126
started at:2022-08-15 08:54:22.152134
finished at:2022-08-15 08:57:47.500334
batch_start_index:126000
batch_end_index:127000
batch_size:1000
----------------------
Appended amplitudes to ../data.nosync/QED_amplitudes_TreeLevel_3to2.txt
Appended simplified sqamplitudes to ../data.nosync/QED_sqamplitudes_TreeLevel_3to2_simplified.txt
Appended simplified sqamplitudes in prefix notation to ../data.nosync/QED_sqamplitudes_TreeLevel_3to2_simplified_shortened_hybridprefix.txt
batch:127
started at:2022-08-15 08:57:47.501987
finished at:2022-08-15 08:59:50.359017
batch_start_index:127000
batch_end_index:128000
batch_size:1000
----------------------
Appended amplitudes to ../data.nosync/QED_amplitudes_TreeLevel_3to2.txt
Appended simplified sqamplitudes to ../data.nosync/QED_sqamplitudes_TreeLevel_3to2_simplified.txt
Appended simplified sqamplitudes in prefix notation to ../data.nosync/QED_sqamplitudes_TreeLevel_3to2_simplified_shortened_hybridprefix.txt
batch:128
started at:2022-08-15 08:59:50.360757
finished at:2022-08-15 09:00:48.654721
batch_start_index:128000
batch_end_index:129000
batch_size:1000
----------------------
Appended amplitudes to ../data.nosync/QED_amplitudes_TreeLevel_3to2.txt
Appended simplified sqamplitudes to ../data.nosync/QED_sqamplitudes_TreeLevel_3to2_simplified.txt
Appended simplified sqamplitudes in prefix notation to ../data.nosync/QED_sqamplitudes_TreeLevel_3to2_simplified_shortened_hybridprefix.txt
batch:129
started at:2022-08-15 09:00:48.655477
finished at:2022-08-15 09:00:51.589973
batch_start_index:129000
batch_end_index:130000
batch_size:1000
----------------------
