Starting calculation at:2022-09-26 09:49:25.696361
Worked on folders:2to3/
batch_size:1000
lines:129024
num_batches:130
----------------------
----------------------
Appended amplitudes to ../../data.nosync/QED_amplitudes_TreeLevel_2to3.txt
Appended simplified sqamplitudes to ../../data.nosync/QED_sqamplitudes_TreeLevel_2to3.txt
Appended simplified sqamplitudes in prefix notation to ../../data.nosync/QED_sqamplitudes_TreeLevel_2to3_simplified_shortened_hybridprefix.txt
batch:0
started at:2022-09-26 09:49:25.696560
finished at:2022-09-26 09:55:13.496337
batch_start_index:0
batch_end_index:1000
batch_size:1000
----------------------
Appended amplitudes to ../../data.nosync/QED_amplitudes_TreeLevel_2to3.txt
Appended simplified sqamplitudes to ../../data.nosync/QED_sqamplitudes_TreeLevel_2to3.txt
Appended simplified sqamplitudes in prefix notation to ../../data.nosync/QED_sqamplitudes_TreeLevel_2to3_simplified_shortened_hybridprefix.txt
batch:1
started at:2022-09-26 09:55:13.500089
finished at:2022-09-26 10:00:14.024096
batch_start_index:1000
batch_end_index:2000
batch_size:1000
----------------------
Appended amplitudes to ../../data.nosync/QED_amplitudes_TreeLevel_2to3.txt
Appended simplified sqamplitudes to ../../data.nosync/QED_sqamplitudes_TreeLevel_2to3.txt
Appended simplified sqamplitudes in prefix notation to ../../data.nosync/QED_sqamplitudes_TreeLevel_2to3_simplified_shortened_hybridprefix.txt
batch:2
started at:2022-09-26 10:00:14.025427
finished at:2022-09-26 10:04:47.057654
batch_start_index:2000
batch_end_index:3000
batch_size:1000
----------------------
Appended amplitudes to ../../data.nosync/QED_amplitudes_TreeLevel_2to3.txt
Appended simplified sqamplitudes to ../../data.nosync/QED_sqamplitudes_TreeLevel_2to3.txt
Appended simplified sqamplitudes in prefix notation to ../../data.nosync/QED_sqamplitudes_TreeLevel_2to3_simplified_shortened_hybridprefix.txt
batch:3
started at:2022-09-26 10:04:47.058973
finished at:2022-09-26 10:09:45.809384
batch_start_index:3000
batch_end_index:4000
batch_size:1000
----------------------
Appended amplitudes to ../../data.nosync/QED_amplitudes_TreeLevel_2to3.txt
Appended simplified sqamplitudes to ../../data.nosync/QED_sqamplitudes_TreeLevel_2to3.txt
Appended simplified sqamplitudes in prefix notation to ../../data.nosync/QED_sqamplitudes_TreeLevel_2to3_simplified_shortened_hybridprefix.txt
batch:4
started at:2022-09-26 10:09:45.810795
finished at:2022-09-26 10:10:48.550497
batch_start_index:4000
batch_end_index:5000
batch_size:1000
----------------------
Appended amplitudes to ../../data.nosync/QED_amplitudes_TreeLevel_2to3.txt
Appended simplified sqamplitudes to ../../data.nosync/QED_sqamplitudes_TreeLevel_2to3.txt
Appended simplified sqamplitudes in prefix notation to ../../data.nosync/QED_sqamplitudes_TreeLevel_2to3_simplified_shortened_hybridprefix.txt
batch:5
started at:2022-09-26 10:10:48.551793
finished at:2022-09-26 10:11:55.449599
batch_start_index:5000
batch_end_index:6000
batch_size:1000
----------------------
Appended amplitudes to ../../data.nosync/QED_amplitudes_TreeLevel_2to3.txt
Appended simplified sqamplitudes to ../../data.nosync/QED_sqamplitudes_TreeLevel_2to3.txt
Appended simplified sqamplitudes in prefix notation to ../../data.nosync/QED_sqamplitudes_TreeLevel_2to3_simplified_shortened_hybridprefix.txt
batch:6
started at:2022-09-26 10:11:55.450879
finished at:2022-09-26 10:12:58.099450
batch_start_index:6000
batch_end_index:7000
batch_size:1000
----------------------
Appended amplitudes to ../../data.nosync/QED_amplitudes_TreeLevel_2to3.txt
Appended simplified sqamplitudes to ../../data.nosync/QED_sqamplitudes_TreeLevel_2to3.txt
Appended simplified sqamplitudes in prefix notation to ../../data.nosync/QED_sqamplitudes_TreeLevel_2to3_simplified_shortened_hybridprefix.txt
batch:7
started at:2022-09-26 10:12:58.100742
finished at:2022-09-26 10:14:01.007260
batch_start_index:7000
batch_end_index:8000
batch_size:1000
----------------------
Appended amplitudes to ../../data.nosync/QED_amplitudes_TreeLevel_2to3.txt
Appended simplified sqamplitudes to ../../data.nosync/QED_sqamplitudes_TreeLevel_2to3.txt
Appended simplified sqamplitudes in prefix notation to ../../data.nosync/QED_sqamplitudes_TreeLevel_2to3_simplified_shortened_hybridprefix.txt
batch:8
started at:2022-09-26 10:14:01.008651
finished at:2022-09-26 10:18:53.668524
batch_start_index:8000
batch_end_index:9000
batch_size:1000
----------------------
Appended amplitudes to ../../data.nosync/QED_amplitudes_TreeLevel_2to3.txt
Appended simplified sqamplitudes to ../../data.nosync/QED_sqamplitudes_TreeLevel_2to3.txt
Appended simplified sqamplitudes in prefix notation to ../../data.nosync/QED_sqamplitudes_TreeLevel_2to3_simplified_shortened_hybridprefix.txt
batch:9
started at:2022-09-26 10:18:53.669848
finished at:2022-09-26 10:22:43.663578
batch_start_index:9000
batch_end_index:10000
batch_size:1000
----------------------
Appended amplitudes to ../../data.nosync/QED_amplitudes_TreeLevel_2to3.txt
Appended simplified sqamplitudes to ../../data.nosync/QED_sqamplitudes_TreeLevel_2to3.txt
Appended simplified sqamplitudes in prefix notation to ../../data.nosync/QED_sqamplitudes_TreeLevel_2to3_simplified_shortened_hybridprefix.txt
batch:10
started at:2022-09-26 10:22:43.664914
finished at:2022-09-26 10:27:41.619019
batch_start_index:10000
batch_end_index:11000
batch_size:1000
----------------------
Appended amplitudes to ../../data.nosync/QED_amplitudes_TreeLevel_2to3.txt
Appended simplified sqamplitudes to ../../data.nosync/QED_sqamplitudes_TreeLevel_2to3.txt
Appended simplified sqamplitudes in prefix notation to ../../data.nosync/QED_sqamplitudes_TreeLevel_2to3_simplified_shortened_hybridprefix.txt
batch:11
started at:2022-09-26 10:27:41.620361
finished at:2022-09-26 10:32:27.353163
batch_start_index:11000
batch_end_index:12000
batch_size:1000
----------------------
Appended amplitudes to ../../data.nosync/QED_amplitudes_TreeLevel_2to3.txt
Appended simplified sqamplitudes to ../../data.nosync/QED_sqamplitudes_TreeLevel_2to3.txt
Appended simplified sqamplitudes in prefix notation to ../../data.nosync/QED_sqamplitudes_TreeLevel_2to3_simplified_shortened_hybridprefix.txt
batch:12
started at:2022-09-26 10:32:27.354507
finished at:2022-09-26 10:33:32.997409
batch_start_index:12000
batch_end_index:13000
batch_size:1000
----------------------
Appended amplitudes to ../../data.nosync/QED_amplitudes_TreeLevel_2to3.txt
Appended simplified sqamplitudes to ../../data.nosync/QED_sqamplitudes_TreeLevel_2to3.txt
Appended simplified sqamplitudes in prefix notation to ../../data.nosync/QED_sqamplitudes_TreeLevel_2to3_simplified_shortened_hybridprefix.txt
batch:13
started at:2022-09-26 10:33:32.998704
finished at:2022-09-26 10:38:32.713099
batch_start_index:13000
batch_end_index:14000
batch_size:1000
----------------------
Appended amplitudes to ../../data.nosync/QED_amplitudes_TreeLevel_2to3.txt
Appended simplified sqamplitudes to ../../data.nosync/QED_sqamplitudes_TreeLevel_2to3.txt
Appended simplified sqamplitudes in prefix notation to ../../data.nosync/QED_sqamplitudes_TreeLevel_2to3_simplified_shortened_hybridprefix.txt
batch:14
started at:2022-09-26 10:38:32.714531
finished at:2022-09-26 10:43:03.157779
batch_start_index:14000
batch_end_index:15000
batch_size:1000
----------------------
Appended amplitudes to ../../data.nosync/QED_amplitudes_TreeLevel_2to3.txt
Appended simplified sqamplitudes to ../../data.nosync/QED_sqamplitudes_TreeLevel_2to3.txt
Appended simplified sqamplitudes in prefix notation to ../../data.nosync/QED_sqamplitudes_TreeLevel_2to3_simplified_shortened_hybridprefix.txt
batch:15
started at:2022-09-26 10:43:03.159159
finished at:2022-09-26 10:47:46.451349
batch_start_index:15000
batch_end_index:16000
batch_size:1000
----------------------
Appended amplitudes to ../../data.nosync/QED_amplitudes_TreeLevel_2to3.txt
Appended simplified sqamplitudes to ../../data.nosync/QED_sqamplitudes_TreeLevel_2to3.txt
Appended simplified sqamplitudes in prefix notation to ../../data.nosync/QED_sqamplitudes_TreeLevel_2to3_simplified_shortened_hybridprefix.txt
batch:16
started at:2022-09-26 10:47:46.452780
finished at:2022-09-26 10:52:41.928502
batch_start_index:16000
batch_end_index:17000
batch_size:1000
----------------------
Appended amplitudes to ../../data.nosync/QED_amplitudes_TreeLevel_2to3.txt
Appended simplified sqamplitudes to ../../data.nosync/QED_sqamplitudes_TreeLevel_2to3.txt
Appended simplified sqamplitudes in prefix notation to ../../data.nosync/QED_sqamplitudes_TreeLevel_2to3_simplified_shortened_hybridprefix.txt
batch:17
started at:2022-09-26 10:52:41.929909
finished at:2022-09-26 10:56:08.274157
batch_start_index:17000
batch_end_index:18000
batch_size:1000
----------------------
Appended amplitudes to ../../data.nosync/QED_amplitudes_TreeLevel_2to3.txt
Appended simplified sqamplitudes to ../../data.nosync/QED_sqamplitudes_TreeLevel_2to3.txt
Appended simplified sqamplitudes in prefix notation to ../../data.nosync/QED_sqamplitudes_TreeLevel_2to3_simplified_shortened_hybridprefix.txt
batch:18
started at:2022-09-26 10:56:08.275521
finished at:2022-09-26 10:57:11.751388
batch_start_index:18000
batch_end_index:19000
batch_size:1000
----------------------
Appended amplitudes to ../../data.nosync/QED_amplitudes_TreeLevel_2to3.txt
Appended simplified sqamplitudes to ../../data.nosync/QED_sqamplitudes_TreeLevel_2to3.txt
Appended simplified sqamplitudes in prefix notation to ../../data.nosync/QED_sqamplitudes_TreeLevel_2to3_simplified_shortened_hybridprefix.txt
batch:19
started at:2022-09-26 10:57:11.752819
finished at:2022-09-26 11:02:08.405126
batch_start_index:19000
batch_end_index:20000
batch_size:1000
----------------------
Appended amplitudes to ../../data.nosync/QED_amplitudes_TreeLevel_2to3.txt
Appended simplified sqamplitudes to ../../data.nosync/QED_sqamplitudes_TreeLevel_2to3.txt
Appended simplified sqamplitudes in prefix notation to ../../data.nosync/QED_sqamplitudes_TreeLevel_2to3_simplified_shortened_hybridprefix.txt
batch:20
started at:2022-09-26 11:02:08.406411
finished at:2022-09-26 11:03:13.942543
batch_start_index:20000
batch_end_index:21000
batch_size:1000
----------------------
Appended amplitudes to ../../data.nosync/QED_amplitudes_TreeLevel_2to3.txt
Appended simplified sqamplitudes to ../../data.nosync/QED_sqamplitudes_TreeLevel_2to3.txt
Appended simplified sqamplitudes in prefix notation to ../../data.nosync/QED_sqamplitudes_TreeLevel_2to3_simplified_shortened_hybridprefix.txt
batch:21
started at:2022-09-26 11:03:13.943929
finished at:2022-09-26 11:04:22.893008
batch_start_index:21000
batch_end_index:22000
batch_size:1000
----------------------
Appended amplitudes to ../../data.nosync/QED_amplitudes_TreeLevel_2to3.txt
Appended simplified sqamplitudes to ../../data.nosync/QED_sqamplitudes_TreeLevel_2to3.txt
Appended simplified sqamplitudes in prefix notation to ../../data.nosync/QED_sqamplitudes_TreeLevel_2to3_simplified_shortened_hybridprefix.txt
batch:22
started at:2022-09-26 11:04:22.894377
finished at:2022-09-26 11:07:24.579876
batch_start_index:22000
batch_end_index:23000
batch_size:1000
----------------------
Appended amplitudes to ../../data.nosync/QED_amplitudes_TreeLevel_2to3.txt
Appended simplified sqamplitudes to ../../data.nosync/QED_sqamplitudes_TreeLevel_2to3.txt
Appended simplified sqamplitudes in prefix notation to ../../data.nosync/QED_sqamplitudes_TreeLevel_2to3_simplified_shortened_hybridprefix.txt
batch:23
started at:2022-09-26 11:07:24.581226
finished at:2022-09-26 11:08:32.266707
batch_start_index:23000
batch_end_index:24000
batch_size:1000
----------------------
Appended amplitudes to ../../data.nosync/QED_amplitudes_TreeLevel_2to3.txt
Appended simplified sqamplitudes to ../../data.nosync/QED_sqamplitudes_TreeLevel_2to3.txt
Appended simplified sqamplitudes in prefix notation to ../../data.nosync/QED_sqamplitudes_TreeLevel_2to3_simplified_shortened_hybridprefix.txt
batch:24
started at:2022-09-26 11:08:32.268054
finished at:2022-09-26 11:09:20.702237
batch_start_index:24000
batch_end_index:25000
batch_size:1000
----------------------
Appended amplitudes to ../../data.nosync/QED_amplitudes_TreeLevel_2to3.txt
Appended simplified sqamplitudes to ../../data.nosync/QED_sqamplitudes_TreeLevel_2to3.txt
Appended simplified sqamplitudes in prefix notation to ../../data.nosync/QED_sqamplitudes_TreeLevel_2to3_simplified_shortened_hybridprefix.txt
batch:25
started at:2022-09-26 11:09:20.703560
finished at:2022-09-26 11:14:10.066169
batch_start_index:25000
batch_end_index:26000
batch_size:1000
----------------------
Appended amplitudes to ../../data.nosync/QED_amplitudes_TreeLevel_2to3.txt
Appended simplified sqamplitudes to ../../data.nosync/QED_sqamplitudes_TreeLevel_2to3.txt
Appended simplified sqamplitudes in prefix notation to ../../data.nosync/QED_sqamplitudes_TreeLevel_2to3_simplified_shortened_hybridprefix.txt
batch:26
started at:2022-09-26 11:14:10.067596
finished at:2022-09-26 11:19:02.062198
batch_start_index:26000
batch_end_index:27000
batch_size:1000
----------------------
Appended amplitudes to ../../data.nosync/QED_amplitudes_TreeLevel_2to3.txt
Appended simplified sqamplitudes to ../../data.nosync/QED_sqamplitudes_TreeLevel_2to3.txt
Appended simplified sqamplitudes in prefix notation to ../../data.nosync/QED_sqamplitudes_TreeLevel_2to3_simplified_shortened_hybridprefix.txt
batch:27
started at:2022-09-26 11:19:02.063510
finished at:2022-09-26 11:19:56.171945
batch_start_index:27000
batch_end_index:28000
batch_size:1000
----------------------
Appended amplitudes to ../../data.nosync/QED_amplitudes_TreeLevel_2to3.txt
Appended simplified sqamplitudes to ../../data.nosync/QED_sqamplitudes_TreeLevel_2to3.txt
Appended simplified sqamplitudes in prefix notation to ../../data.nosync/QED_sqamplitudes_TreeLevel_2to3_simplified_shortened_hybridprefix.txt
batch:28
started at:2022-09-26 11:19:56.173257
finished at:2022-09-26 11:24:59.841585
batch_start_index:28000
batch_end_index:29000
batch_size:1000
----------------------
Appended amplitudes to ../../data.nosync/QED_amplitudes_TreeLevel_2to3.txt
Appended simplified sqamplitudes to ../../data.nosync/QED_sqamplitudes_TreeLevel_2to3.txt
Appended simplified sqamplitudes in prefix notation to ../../data.nosync/QED_sqamplitudes_TreeLevel_2to3_simplified_shortened_hybridprefix.txt
batch:29
started at:2022-09-26 11:24:59.842950
finished at:2022-09-26 11:26:44.035872
batch_start_index:29000
batch_end_index:30000
batch_size:1000
----------------------
Appended amplitudes to ../../data.nosync/QED_amplitudes_TreeLevel_2to3.txt
Appended simplified sqamplitudes to ../../data.nosync/QED_sqamplitudes_TreeLevel_2to3.txt
Appended simplified sqamplitudes in prefix notation to ../../data.nosync/QED_sqamplitudes_TreeLevel_2to3_simplified_shortened_hybridprefix.txt
batch:30
started at:2022-09-26 11:26:44.037218
finished at:2022-09-26 11:31:30.685849
batch_start_index:30000
batch_end_index:31000
batch_size:1000
----------------------
Appended amplitudes to ../../data.nosync/QED_amplitudes_TreeLevel_2to3.txt
Appended simplified sqamplitudes to ../../data.nosync/QED_sqamplitudes_TreeLevel_2to3.txt
Appended simplified sqamplitudes in prefix notation to ../../data.nosync/QED_sqamplitudes_TreeLevel_2to3_simplified_shortened_hybridprefix.txt
batch:31
started at:2022-09-26 11:31:30.687229
finished at:2022-09-26 11:32:31.538741
batch_start_index:31000
batch_end_index:32000
batch_size:1000
----------------------
Appended amplitudes to ../../data.nosync/QED_amplitudes_TreeLevel_2to3.txt
Appended simplified sqamplitudes to ../../data.nosync/QED_sqamplitudes_TreeLevel_2to3.txt
Appended simplified sqamplitudes in prefix notation to ../../data.nosync/QED_sqamplitudes_TreeLevel_2to3_simplified_shortened_hybridprefix.txt
batch:32
started at:2022-09-26 11:32:31.540200
finished at:2022-09-26 11:33:35.822038
batch_start_index:32000
batch_end_index:33000
batch_size:1000
----------------------
Appended amplitudes to ../../data.nosync/QED_amplitudes_TreeLevel_2to3.txt
Appended simplified sqamplitudes to ../../data.nosync/QED_sqamplitudes_TreeLevel_2to3.txt
Appended simplified sqamplitudes in prefix notation to ../../data.nosync/QED_sqamplitudes_TreeLevel_2to3_simplified_shortened_hybridprefix.txt
batch:33
started at:2022-09-26 11:33:35.823439
finished at:2022-09-26 11:34:41.673736
batch_start_index:33000
batch_end_index:34000
batch_size:1000
----------------------
Appended amplitudes to ../../data.nosync/QED_amplitudes_TreeLevel_2to3.txt
Appended simplified sqamplitudes to ../../data.nosync/QED_sqamplitudes_TreeLevel_2to3.txt
Appended simplified sqamplitudes in prefix notation to ../../data.nosync/QED_sqamplitudes_TreeLevel_2to3_simplified_shortened_hybridprefix.txt
batch:34
started at:2022-09-26 11:34:41.675155
finished at:2022-09-26 11:35:39.804087
batch_start_index:34000
batch_end_index:35000
batch_size:1000
----------------------
Appended amplitudes to ../../data.nosync/QED_amplitudes_TreeLevel_2to3.txt
Appended simplified sqamplitudes to ../../data.nosync/QED_sqamplitudes_TreeLevel_2to3.txt
Appended simplified sqamplitudes in prefix notation to ../../data.nosync/QED_sqamplitudes_TreeLevel_2to3_simplified_shortened_hybridprefix.txt
batch:35
started at:2022-09-26 11:35:39.805492
finished at:2022-09-26 11:39:10.002332
batch_start_index:35000
batch_end_index:36000
batch_size:1000
----------------------
Appended amplitudes to ../../data.nosync/QED_amplitudes_TreeLevel_2to3.txt
Appended simplified sqamplitudes to ../../data.nosync/QED_sqamplitudes_TreeLevel_2to3.txt
Appended simplified sqamplitudes in prefix notation to ../../data.nosync/QED_sqamplitudes_TreeLevel_2to3_simplified_shortened_hybridprefix.txt
batch:36
started at:2022-09-26 11:39:10.003673
finished at:2022-09-26 11:40:03.556507
batch_start_index:36000
batch_end_index:37000
batch_size:1000
----------------------
Appended amplitudes to ../../data.nosync/QED_amplitudes_TreeLevel_2to3.txt
Appended simplified sqamplitudes to ../../data.nosync/QED_sqamplitudes_TreeLevel_2to3.txt
Appended simplified sqamplitudes in prefix notation to ../../data.nosync/QED_sqamplitudes_TreeLevel_2to3_simplified_shortened_hybridprefix.txt
batch:37
started at:2022-09-26 11:40:03.557867
finished at:2022-09-26 11:41:11.019389
batch_start_index:37000
batch_end_index:38000
batch_size:1000
----------------------
Appended amplitudes to ../../data.nosync/QED_amplitudes_TreeLevel_2to3.txt
Appended simplified sqamplitudes to ../../data.nosync/QED_sqamplitudes_TreeLevel_2to3.txt
Appended simplified sqamplitudes in prefix notation to ../../data.nosync/QED_sqamplitudes_TreeLevel_2to3_simplified_shortened_hybridprefix.txt
batch:38
started at:2022-09-26 11:41:11.020784
finished at:2022-09-26 11:42:15.650202
batch_start_index:38000
batch_end_index:39000
batch_size:1000
----------------------
Appended amplitudes to ../../data.nosync/QED_amplitudes_TreeLevel_2to3.txt
Appended simplified sqamplitudes to ../../data.nosync/QED_sqamplitudes_TreeLevel_2to3.txt
Appended simplified sqamplitudes in prefix notation to ../../data.nosync/QED_sqamplitudes_TreeLevel_2to3_simplified_shortened_hybridprefix.txt
batch:39
started at:2022-09-26 11:42:15.651541
finished at:2022-09-26 11:46:53.987565
batch_start_index:39000
batch_end_index:40000
batch_size:1000
----------------------
Appended amplitudes to ../../data.nosync/QED_amplitudes_TreeLevel_2to3.txt
Appended simplified sqamplitudes to ../../data.nosync/QED_sqamplitudes_TreeLevel_2to3.txt
Appended simplified sqamplitudes in prefix notation to ../../data.nosync/QED_sqamplitudes_TreeLevel_2to3_simplified_shortened_hybridprefix.txt
batch:40
started at:2022-09-26 11:46:53.988858
finished at:2022-09-26 11:51:27.046830
batch_start_index:40000
batch_end_index:41000
batch_size:1000
----------------------
Appended amplitudes to ../../data.nosync/QED_amplitudes_TreeLevel_2to3.txt
Appended simplified sqamplitudes to ../../data.nosync/QED_sqamplitudes_TreeLevel_2to3.txt
Appended simplified sqamplitudes in prefix notation to ../../data.nosync/QED_sqamplitudes_TreeLevel_2to3_simplified_shortened_hybridprefix.txt
batch:41
started at:2022-09-26 11:51:27.048187
finished at:2022-09-26 11:56:05.342047
batch_start_index:41000
batch_end_index:42000
batch_size:1000
----------------------
Appended amplitudes to ../../data.nosync/QED_amplitudes_TreeLevel_2to3.txt
Appended simplified sqamplitudes to ../../data.nosync/QED_sqamplitudes_TreeLevel_2to3.txt
Appended simplified sqamplitudes in prefix notation to ../../data.nosync/QED_sqamplitudes_TreeLevel_2to3_simplified_shortened_hybridprefix.txt
batch:42
started at:2022-09-26 11:56:05.343566
finished at:2022-09-26 11:57:20.453619
batch_start_index:42000
batch_end_index:43000
batch_size:1000
----------------------
Appended amplitudes to ../../data.nosync/QED_amplitudes_TreeLevel_2to3.txt
Appended simplified sqamplitudes to ../../data.nosync/QED_sqamplitudes_TreeLevel_2to3.txt
Appended simplified sqamplitudes in prefix notation to ../../data.nosync/QED_sqamplitudes_TreeLevel_2to3_simplified_shortened_hybridprefix.txt
batch:43
started at:2022-09-26 11:57:20.454967
finished at:2022-09-26 11:58:28.801073
batch_start_index:43000
batch_end_index:44000
batch_size:1000
----------------------
Appended amplitudes to ../../data.nosync/QED_amplitudes_TreeLevel_2to3.txt
Appended simplified sqamplitudes to ../../data.nosync/QED_sqamplitudes_TreeLevel_2to3.txt
Appended simplified sqamplitudes in prefix notation to ../../data.nosync/QED_sqamplitudes_TreeLevel_2to3_simplified_shortened_hybridprefix.txt
batch:44
started at:2022-09-26 11:58:28.802521
finished at:2022-09-26 12:03:00.580502
batch_start_index:44000
batch_end_index:45000
batch_size:1000
----------------------
Appended amplitudes to ../../data.nosync/QED_amplitudes_TreeLevel_2to3.txt
Appended simplified sqamplitudes to ../../data.nosync/QED_sqamplitudes_TreeLevel_2to3.txt
Appended simplified sqamplitudes in prefix notation to ../../data.nosync/QED_sqamplitudes_TreeLevel_2to3_simplified_shortened_hybridprefix.txt
batch:45
started at:2022-09-26 12:03:00.581947
finished at:2022-09-26 12:03:58.926477
batch_start_index:45000
batch_end_index:46000
batch_size:1000
----------------------
Appended amplitudes to ../../data.nosync/QED_amplitudes_TreeLevel_2to3.txt
Appended simplified sqamplitudes to ../../data.nosync/QED_sqamplitudes_TreeLevel_2to3.txt
Appended simplified sqamplitudes in prefix notation to ../../data.nosync/QED_sqamplitudes_TreeLevel_2to3_simplified_shortened_hybridprefix.txt
batch:46
started at:2022-09-26 12:03:58.927948
finished at:2022-09-26 12:05:07.146296
batch_start_index:46000
batch_end_index:47000
batch_size:1000
----------------------
Appended amplitudes to ../../data.nosync/QED_amplitudes_TreeLevel_2to3.txt
Appended simplified sqamplitudes to ../../data.nosync/QED_sqamplitudes_TreeLevel_2to3.txt
Appended simplified sqamplitudes in prefix notation to ../../data.nosync/QED_sqamplitudes_TreeLevel_2to3_simplified_shortened_hybridprefix.txt
batch:47
started at:2022-09-26 12:05:07.147784
finished at:2022-09-26 12:09:58.172587
batch_start_index:47000
batch_end_index:48000
batch_size:1000
----------------------
Appended amplitudes to ../../data.nosync/QED_amplitudes_TreeLevel_2to3.txt
Appended simplified sqamplitudes to ../../data.nosync/QED_sqamplitudes_TreeLevel_2to3.txt
Appended simplified sqamplitudes in prefix notation to ../../data.nosync/QED_sqamplitudes_TreeLevel_2to3_simplified_shortened_hybridprefix.txt
batch:48
started at:2022-09-26 12:09:58.173970
finished at:2022-09-26 12:14:31.845397
batch_start_index:48000
batch_end_index:49000
batch_size:1000
----------------------
Appended amplitudes to ../../data.nosync/QED_amplitudes_TreeLevel_2to3.txt
Appended simplified sqamplitudes to ../../data.nosync/QED_sqamplitudes_TreeLevel_2to3.txt
Appended simplified sqamplitudes in prefix notation to ../../data.nosync/QED_sqamplitudes_TreeLevel_2to3_simplified_shortened_hybridprefix.txt
batch:49
started at:2022-09-26 12:14:31.846715
finished at:2022-09-26 12:15:35.103293
batch_start_index:49000
batch_end_index:50000
batch_size:1000
----------------------
Appended amplitudes to ../../data.nosync/QED_amplitudes_TreeLevel_2to3.txt
Appended simplified sqamplitudes to ../../data.nosync/QED_sqamplitudes_TreeLevel_2to3.txt
Appended simplified sqamplitudes in prefix notation to ../../data.nosync/QED_sqamplitudes_TreeLevel_2to3_simplified_shortened_hybridprefix.txt
batch:50
started at:2022-09-26 12:15:35.104745
finished at:2022-09-26 12:20:17.625433
batch_start_index:50000
batch_end_index:51000
batch_size:1000
----------------------
Appended amplitudes to ../../data.nosync/QED_amplitudes_TreeLevel_2to3.txt
Appended simplified sqamplitudes to ../../data.nosync/QED_sqamplitudes_TreeLevel_2to3.txt
Appended simplified sqamplitudes in prefix notation to ../../data.nosync/QED_sqamplitudes_TreeLevel_2to3_simplified_shortened_hybridprefix.txt
batch:51
started at:2022-09-26 12:58:50.658241
finished at:2022-09-26 13:04:21.925371
batch_start_index:51000
batch_end_index:52000
batch_size:1000
----------------------
Appended amplitudes to ../../data.nosync/QED_amplitudes_TreeLevel_2to3.txt
Appended simplified sqamplitudes to ../../data.nosync/QED_sqamplitudes_TreeLevel_2to3.txt
Appended simplified sqamplitudes in prefix notation to ../../data.nosync/QED_sqamplitudes_TreeLevel_2to3_simplified_shortened_hybridprefix.txt
batch:52
started at:2022-09-26 13:04:21.926880
finished at:2022-09-26 13:05:30.768086
batch_start_index:52000
batch_end_index:53000
batch_size:1000
----------------------
Appended amplitudes to ../../data.nosync/QED_amplitudes_TreeLevel_2to3.txt
Appended simplified sqamplitudes to ../../data.nosync/QED_sqamplitudes_TreeLevel_2to3.txt
Appended simplified sqamplitudes in prefix notation to ../../data.nosync/QED_sqamplitudes_TreeLevel_2to3_simplified_shortened_hybridprefix.txt
batch:53
started at:2022-09-26 13:05:30.769556
finished at:2022-09-26 13:06:35.932149
batch_start_index:53000
batch_end_index:54000
batch_size:1000
----------------------
Appended amplitudes to ../../data.nosync/QED_amplitudes_TreeLevel_2to3.txt
Appended simplified sqamplitudes to ../../data.nosync/QED_sqamplitudes_TreeLevel_2to3.txt
Appended simplified sqamplitudes in prefix notation to ../../data.nosync/QED_sqamplitudes_TreeLevel_2to3_simplified_shortened_hybridprefix.txt
batch:54
started at:2022-09-26 13:06:35.933499
finished at:2022-09-26 13:11:29.283810
batch_start_index:54000
batch_end_index:55000
batch_size:1000
----------------------
Appended amplitudes to ../../data.nosync/QED_amplitudes_TreeLevel_2to3.txt
Appended simplified sqamplitudes to ../../data.nosync/QED_sqamplitudes_TreeLevel_2to3.txt
Appended simplified sqamplitudes in prefix notation to ../../data.nosync/QED_sqamplitudes_TreeLevel_2to3_simplified_shortened_hybridprefix.txt
batch:55
started at:2022-09-26 13:11:29.285185
finished at:2022-09-26 13:16:30.312403
batch_start_index:55000
batch_end_index:56000
batch_size:1000
----------------------
Appended amplitudes to ../../data.nosync/QED_amplitudes_TreeLevel_2to3.txt
Appended simplified sqamplitudes to ../../data.nosync/QED_sqamplitudes_TreeLevel_2to3.txt
Appended simplified sqamplitudes in prefix notation to ../../data.nosync/QED_sqamplitudes_TreeLevel_2to3_simplified_shortened_hybridprefix.txt
batch:56
started at:2022-09-26 13:16:30.313775
finished at:2022-09-26 13:20:34.318789
batch_start_index:56000
batch_end_index:57000
batch_size:1000
----------------------
Appended amplitudes to ../../data.nosync/QED_amplitudes_TreeLevel_2to3.txt
Appended simplified sqamplitudes to ../../data.nosync/QED_sqamplitudes_TreeLevel_2to3.txt
Appended simplified sqamplitudes in prefix notation to ../../data.nosync/QED_sqamplitudes_TreeLevel_2to3_simplified_shortened_hybridprefix.txt
batch:57
started at:2022-09-26 13:20:34.320352
finished at:2022-09-26 13:25:03.845420
batch_start_index:57000
batch_end_index:58000
batch_size:1000
----------------------
Appended amplitudes to ../../data.nosync/QED_amplitudes_TreeLevel_2to3.txt
Appended simplified sqamplitudes to ../../data.nosync/QED_sqamplitudes_TreeLevel_2to3.txt
Appended simplified sqamplitudes in prefix notation to ../../data.nosync/QED_sqamplitudes_TreeLevel_2to3_simplified_shortened_hybridprefix.txt
batch:58
started at:2022-09-26 13:25:03.846908
finished at:2022-09-26 13:26:11.272605
batch_start_index:58000
batch_end_index:59000
batch_size:1000
----------------------
Appended amplitudes to ../../data.nosync/QED_amplitudes_TreeLevel_2to3.txt
Appended simplified sqamplitudes to ../../data.nosync/QED_sqamplitudes_TreeLevel_2to3.txt
Appended simplified sqamplitudes in prefix notation to ../../data.nosync/QED_sqamplitudes_TreeLevel_2to3_simplified_shortened_hybridprefix.txt
batch:59
started at:2022-09-26 13:26:11.274107
finished at:2022-09-26 13:31:10.770194
batch_start_index:59000
batch_end_index:60000
batch_size:1000
----------------------
Appended amplitudes to ../../data.nosync/QED_amplitudes_TreeLevel_2to3.txt
Appended simplified sqamplitudes to ../../data.nosync/QED_sqamplitudes_TreeLevel_2to3.txt
Appended simplified sqamplitudes in prefix notation to ../../data.nosync/QED_sqamplitudes_TreeLevel_2to3_simplified_shortened_hybridprefix.txt
batch:60
started at:2022-09-26 13:31:10.771673
finished at:2022-09-26 13:35:15.094198
batch_start_index:60000
batch_end_index:61000
batch_size:1000
----------------------
Appended amplitudes to ../../data.nosync/QED_amplitudes_TreeLevel_2to3.txt
Appended simplified sqamplitudes to ../../data.nosync/QED_sqamplitudes_TreeLevel_2to3.txt
Appended simplified sqamplitudes in prefix notation to ../../data.nosync/QED_sqamplitudes_TreeLevel_2to3_simplified_shortened_hybridprefix.txt
batch:61
started at:2022-09-26 13:35:15.095721
finished at:2022-09-26 13:36:23.657873
batch_start_index:61000
batch_end_index:62000
batch_size:1000
----------------------
Appended amplitudes to ../../data.nosync/QED_amplitudes_TreeLevel_2to3.txt
Appended simplified sqamplitudes to ../../data.nosync/QED_sqamplitudes_TreeLevel_2to3.txt
Appended simplified sqamplitudes in prefix notation to ../../data.nosync/QED_sqamplitudes_TreeLevel_2to3_simplified_shortened_hybridprefix.txt
batch:62
started at:2022-09-26 13:36:23.659549
finished at:2022-09-26 13:41:29.642929
batch_start_index:62000
batch_end_index:63000
batch_size:1000
----------------------
Appended amplitudes to ../../data.nosync/QED_amplitudes_TreeLevel_2to3.txt
Appended simplified sqamplitudes to ../../data.nosync/QED_sqamplitudes_TreeLevel_2to3.txt
Appended simplified sqamplitudes in prefix notation to ../../data.nosync/QED_sqamplitudes_TreeLevel_2to3_simplified_shortened_hybridprefix.txt
batch:63
started at:2022-09-26 13:41:29.644435
finished at:2022-09-26 13:45:10.584572
batch_start_index:63000
batch_end_index:64000
batch_size:1000
----------------------
Appended amplitudes to ../../data.nosync/QED_amplitudes_TreeLevel_2to3.txt
Appended simplified sqamplitudes to ../../data.nosync/QED_sqamplitudes_TreeLevel_2to3.txt
Appended simplified sqamplitudes in prefix notation to ../../data.nosync/QED_sqamplitudes_TreeLevel_2to3_simplified_shortened_hybridprefix.txt
batch:64
started at:2022-09-26 13:45:10.586017
finished at:2022-09-26 13:50:07.152560
batch_start_index:64000
batch_end_index:65000
batch_size:1000
----------------------
Appended amplitudes to ../../data.nosync/QED_amplitudes_TreeLevel_2to3.txt
Appended simplified sqamplitudes to ../../data.nosync/QED_sqamplitudes_TreeLevel_2to3.txt
Appended simplified sqamplitudes in prefix notation to ../../data.nosync/QED_sqamplitudes_TreeLevel_2to3_simplified_shortened_hybridprefix.txt
batch:65
started at:2022-09-26 13:50:07.154002
finished at:2022-09-26 13:51:18.224015
batch_start_index:65000
batch_end_index:66000
batch_size:1000
----------------------
Appended amplitudes to ../../data.nosync/QED_amplitudes_TreeLevel_2to3.txt
Appended simplified sqamplitudes to ../../data.nosync/QED_sqamplitudes_TreeLevel_2to3.txt
Appended simplified sqamplitudes in prefix notation to ../../data.nosync/QED_sqamplitudes_TreeLevel_2to3_simplified_shortened_hybridprefix.txt
batch:66
started at:2022-09-26 13:51:18.225416
finished at:2022-09-26 13:56:00.873766
batch_start_index:66000
batch_end_index:67000
batch_size:1000
----------------------
Appended amplitudes to ../../data.nosync/QED_amplitudes_TreeLevel_2to3.txt
Appended simplified sqamplitudes to ../../data.nosync/QED_sqamplitudes_TreeLevel_2to3.txt
Appended simplified sqamplitudes in prefix notation to ../../data.nosync/QED_sqamplitudes_TreeLevel_2to3_simplified_shortened_hybridprefix.txt
batch:67
started at:2022-09-26 13:56:00.875233
finished at:2022-09-26 14:01:06.911229
batch_start_index:67000
batch_end_index:68000
batch_size:1000
----------------------
Appended amplitudes to ../../data.nosync/QED_amplitudes_TreeLevel_2to3.txt
Appended simplified sqamplitudes to ../../data.nosync/QED_sqamplitudes_TreeLevel_2to3.txt
Appended simplified sqamplitudes in prefix notation to ../../data.nosync/QED_sqamplitudes_TreeLevel_2to3_simplified_shortened_hybridprefix.txt
batch:68
started at:2022-09-26 14:01:06.912672
finished at:2022-09-26 14:02:14.268605
batch_start_index:68000
batch_end_index:69000
batch_size:1000
----------------------
Appended amplitudes to ../../data.nosync/QED_amplitudes_TreeLevel_2to3.txt
Appended simplified sqamplitudes to ../../data.nosync/QED_sqamplitudes_TreeLevel_2to3.txt
Appended simplified sqamplitudes in prefix notation to ../../data.nosync/QED_sqamplitudes_TreeLevel_2to3_simplified_shortened_hybridprefix.txt
batch:69
started at:2022-09-26 14:02:14.270245
finished at:2022-09-26 14:03:24.001481
batch_start_index:69000
batch_end_index:70000
batch_size:1000
----------------------
Appended amplitudes to ../../data.nosync/QED_amplitudes_TreeLevel_2to3.txt
Appended simplified sqamplitudes to ../../data.nosync/QED_sqamplitudes_TreeLevel_2to3.txt
Appended simplified sqamplitudes in prefix notation to ../../data.nosync/QED_sqamplitudes_TreeLevel_2to3_simplified_shortened_hybridprefix.txt
batch:70
started at:2022-09-26 14:03:24.003133
finished at:2022-09-26 14:08:35.559480
batch_start_index:70000
batch_end_index:71000
batch_size:1000
----------------------
Appended amplitudes to ../../data.nosync/QED_amplitudes_TreeLevel_2to3.txt
Appended simplified sqamplitudes to ../../data.nosync/QED_sqamplitudes_TreeLevel_2to3.txt
Appended simplified sqamplitudes in prefix notation to ../../data.nosync/QED_sqamplitudes_TreeLevel_2to3_simplified_shortened_hybridprefix.txt
batch:71
started at:2022-09-26 14:08:35.560999
finished at:2022-09-26 14:09:39.852114
batch_start_index:71000
batch_end_index:72000
batch_size:1000
----------------------
Appended amplitudes to ../../data.nosync/QED_amplitudes_TreeLevel_2to3.txt
Appended simplified sqamplitudes to ../../data.nosync/QED_sqamplitudes_TreeLevel_2to3.txt
Appended simplified sqamplitudes in prefix notation to ../../data.nosync/QED_sqamplitudes_TreeLevel_2to3_simplified_shortened_hybridprefix.txt
batch:72
started at:2022-09-26 14:09:39.853607
finished at:2022-09-26 14:14:22.950827
batch_start_index:72000
batch_end_index:73000
batch_size:1000
----------------------
Appended amplitudes to ../../data.nosync/QED_amplitudes_TreeLevel_2to3.txt
Appended simplified sqamplitudes to ../../data.nosync/QED_sqamplitudes_TreeLevel_2to3.txt
Appended simplified sqamplitudes in prefix notation to ../../data.nosync/QED_sqamplitudes_TreeLevel_2to3_simplified_shortened_hybridprefix.txt
batch:73
started at:2022-09-26 14:14:22.952241
finished at:2022-09-26 14:15:26.353576
batch_start_index:73000
batch_end_index:74000
batch_size:1000
----------------------
Appended amplitudes to ../../data.nosync/QED_amplitudes_TreeLevel_2to3.txt
Appended simplified sqamplitudes to ../../data.nosync/QED_sqamplitudes_TreeLevel_2to3.txt
Appended simplified sqamplitudes in prefix notation to ../../data.nosync/QED_sqamplitudes_TreeLevel_2to3_simplified_shortened_hybridprefix.txt
batch:74
started at:2022-09-26 14:15:26.354962
finished at:2022-09-26 14:16:28.144844
batch_start_index:74000
batch_end_index:75000
batch_size:1000
----------------------
Appended amplitudes to ../../data.nosync/QED_amplitudes_TreeLevel_2to3.txt
Appended simplified sqamplitudes to ../../data.nosync/QED_sqamplitudes_TreeLevel_2to3.txt
Appended simplified sqamplitudes in prefix notation to ../../data.nosync/QED_sqamplitudes_TreeLevel_2to3_simplified_shortened_hybridprefix.txt
batch:75
started at:2022-09-26 14:16:28.146329
finished at:2022-09-26 14:21:34.808905
batch_start_index:75000
batch_end_index:76000
batch_size:1000
----------------------
Appended amplitudes to ../../data.nosync/QED_amplitudes_TreeLevel_2to3.txt
Appended simplified sqamplitudes to ../../data.nosync/QED_sqamplitudes_TreeLevel_2to3.txt
Appended simplified sqamplitudes in prefix notation to ../../data.nosync/QED_sqamplitudes_TreeLevel_2to3_simplified_shortened_hybridprefix.txt
batch:76
started at:2022-09-26 14:21:34.810327
finished at:2022-09-26 14:26:13.546174
batch_start_index:76000
batch_end_index:77000
batch_size:1000
----------------------
Appended amplitudes to ../../data.nosync/QED_amplitudes_TreeLevel_2to3.txt
Appended simplified sqamplitudes to ../../data.nosync/QED_sqamplitudes_TreeLevel_2to3.txt
Appended simplified sqamplitudes in prefix notation to ../../data.nosync/QED_sqamplitudes_TreeLevel_2to3_simplified_shortened_hybridprefix.txt
batch:77
started at:2022-09-26 14:26:13.547696
finished at:2022-09-26 14:30:10.927858
batch_start_index:77000
batch_end_index:78000
batch_size:1000
----------------------
Appended amplitudes to ../../data.nosync/QED_amplitudes_TreeLevel_2to3.txt
Appended simplified sqamplitudes to ../../data.nosync/QED_sqamplitudes_TreeLevel_2to3.txt
Appended simplified sqamplitudes in prefix notation to ../../data.nosync/QED_sqamplitudes_TreeLevel_2to3_simplified_shortened_hybridprefix.txt
batch:78
started at:2022-09-26 14:30:10.929374
finished at:2022-09-26 14:34:14.007344
batch_start_index:78000
batch_end_index:79000
batch_size:1000
----------------------
Appended amplitudes to ../../data.nosync/QED_amplitudes_TreeLevel_2to3.txt
Appended simplified sqamplitudes to ../../data.nosync/QED_sqamplitudes_TreeLevel_2to3.txt
Appended simplified sqamplitudes in prefix notation to ../../data.nosync/QED_sqamplitudes_TreeLevel_2to3_simplified_shortened_hybridprefix.txt
batch:79
started at:2022-09-26 14:34:14.008874
finished at:2022-09-26 14:38:42.901763
batch_start_index:79000
batch_end_index:80000
batch_size:1000
----------------------
Appended amplitudes to ../../data.nosync/QED_amplitudes_TreeLevel_2to3.txt
Appended simplified sqamplitudes to ../../data.nosync/QED_sqamplitudes_TreeLevel_2to3.txt
Appended simplified sqamplitudes in prefix notation to ../../data.nosync/QED_sqamplitudes_TreeLevel_2to3_simplified_shortened_hybridprefix.txt
batch:80
started at:2022-09-26 14:38:42.903229
finished at:2022-09-26 14:39:50.583519
batch_start_index:80000
batch_end_index:81000
batch_size:1000
----------------------
Appended amplitudes to ../../data.nosync/QED_amplitudes_TreeLevel_2to3.txt
Appended simplified sqamplitudes to ../../data.nosync/QED_sqamplitudes_TreeLevel_2to3.txt
Appended simplified sqamplitudes in prefix notation to ../../data.nosync/QED_sqamplitudes_TreeLevel_2to3_simplified_shortened_hybridprefix.txt
batch:81
started at:2022-09-26 14:39:50.584898
finished at:2022-09-26 14:40:55.283726
batch_start_index:81000
batch_end_index:82000
batch_size:1000
----------------------
Appended amplitudes to ../../data.nosync/QED_amplitudes_TreeLevel_2to3.txt
Appended simplified sqamplitudes to ../../data.nosync/QED_sqamplitudes_TreeLevel_2to3.txt
Appended simplified sqamplitudes in prefix notation to ../../data.nosync/QED_sqamplitudes_TreeLevel_2to3_simplified_shortened_hybridprefix.txt
batch:82
started at:2022-09-26 14:40:55.285120
finished at:2022-09-26 14:46:10.040373
batch_start_index:82000
batch_end_index:83000
batch_size:1000
----------------------
Appended amplitudes to ../../data.nosync/QED_amplitudes_TreeLevel_2to3.txt
Appended simplified sqamplitudes to ../../data.nosync/QED_sqamplitudes_TreeLevel_2to3.txt
Appended simplified sqamplitudes in prefix notation to ../../data.nosync/QED_sqamplitudes_TreeLevel_2to3_simplified_shortened_hybridprefix.txt
batch:83
started at:2022-09-26 14:46:10.041895
finished at:2022-09-26 14:47:19.391217
batch_start_index:83000
batch_end_index:84000
batch_size:1000
----------------------
Appended amplitudes to ../../data.nosync/QED_amplitudes_TreeLevel_2to3.txt
Appended simplified sqamplitudes to ../../data.nosync/QED_sqamplitudes_TreeLevel_2to3.txt
Appended simplified sqamplitudes in prefix notation to ../../data.nosync/QED_sqamplitudes_TreeLevel_2to3_simplified_shortened_hybridprefix.txt
batch:84
started at:2022-09-26 14:47:19.392736
finished at:2022-09-26 14:51:34.800718
batch_start_index:84000
batch_end_index:85000
batch_size:1000
----------------------
Appended amplitudes to ../../data.nosync/QED_amplitudes_TreeLevel_2to3.txt
Appended simplified sqamplitudes to ../../data.nosync/QED_sqamplitudes_TreeLevel_2to3.txt
Appended simplified sqamplitudes in prefix notation to ../../data.nosync/QED_sqamplitudes_TreeLevel_2to3_simplified_shortened_hybridprefix.txt
batch:85
started at:2022-09-26 14:51:34.802116
finished at:2022-09-26 14:56:27.308914
batch_start_index:85000
batch_end_index:86000
batch_size:1000
----------------------
Appended amplitudes to ../../data.nosync/QED_amplitudes_TreeLevel_2to3.txt
Appended simplified sqamplitudes to ../../data.nosync/QED_sqamplitudes_TreeLevel_2to3.txt
Appended simplified sqamplitudes in prefix notation to ../../data.nosync/QED_sqamplitudes_TreeLevel_2to3_simplified_shortened_hybridprefix.txt
batch:86
started at:2022-09-26 14:56:27.310373
finished at:2022-09-26 14:57:28.167817
batch_start_index:86000
batch_end_index:87000
batch_size:1000
----------------------
Appended amplitudes to ../../data.nosync/QED_amplitudes_TreeLevel_2to3.txt
Appended simplified sqamplitudes to ../../data.nosync/QED_sqamplitudes_TreeLevel_2to3.txt
Appended simplified sqamplitudes in prefix notation to ../../data.nosync/QED_sqamplitudes_TreeLevel_2to3_simplified_shortened_hybridprefix.txt
batch:87
started at:2022-09-26 14:57:28.169189
finished at:2022-09-26 15:02:21.774217
batch_start_index:87000
batch_end_index:88000
batch_size:1000
----------------------
Appended amplitudes to ../../data.nosync/QED_amplitudes_TreeLevel_2to3.txt
Appended simplified sqamplitudes to ../../data.nosync/QED_sqamplitudes_TreeLevel_2to3.txt
Appended simplified sqamplitudes in prefix notation to ../../data.nosync/QED_sqamplitudes_TreeLevel_2to3_simplified_shortened_hybridprefix.txt
batch:88
started at:2022-09-26 15:02:21.775621
finished at:2022-09-26 15:07:00.719278
batch_start_index:88000
batch_end_index:89000
batch_size:1000
----------------------
Appended amplitudes to ../../data.nosync/QED_amplitudes_TreeLevel_2to3.txt
Appended simplified sqamplitudes to ../../data.nosync/QED_sqamplitudes_TreeLevel_2to3.txt
Appended simplified sqamplitudes in prefix notation to ../../data.nosync/QED_sqamplitudes_TreeLevel_2to3_simplified_shortened_hybridprefix.txt
batch:89
started at:2022-09-26 15:23:35.437015
finished at:2022-09-26 15:29:47.673027
batch_start_index:89000
batch_end_index:90000
batch_size:1000
----------------------
Appended amplitudes to ../../data.nosync/QED_amplitudes_TreeLevel_2to3.txt
Appended simplified sqamplitudes to ../../data.nosync/QED_sqamplitudes_TreeLevel_2to3.txt
Appended simplified sqamplitudes in prefix notation to ../../data.nosync/QED_sqamplitudes_TreeLevel_2to3_simplified_shortened_hybridprefix.txt
batch:90
started at:2022-09-26 15:29:47.674374
finished at:2022-09-26 15:34:33.993311
batch_start_index:90000
batch_end_index:91000
batch_size:1000
----------------------
Appended amplitudes to ../../data.nosync/QED_amplitudes_TreeLevel_2to3.txt
Appended simplified sqamplitudes to ../../data.nosync/QED_sqamplitudes_TreeLevel_2to3.txt
Appended simplified sqamplitudes in prefix notation to ../../data.nosync/QED_sqamplitudes_TreeLevel_2to3_simplified_shortened_hybridprefix.txt
batch:91
started at:2022-09-26 15:34:33.994811
finished at:2022-09-26 15:35:38.483199
batch_start_index:91000
batch_end_index:92000
batch_size:1000
----------------------
Appended amplitudes to ../../data.nosync/QED_amplitudes_TreeLevel_2to3.txt
Appended simplified sqamplitudes to ../../data.nosync/QED_sqamplitudes_TreeLevel_2to3.txt
Appended simplified sqamplitudes in prefix notation to ../../data.nosync/QED_sqamplitudes_TreeLevel_2to3_simplified_shortened_hybridprefix.txt
batch:92
started at:2022-09-26 15:35:38.484597
finished at:2022-09-26 15:40:43.081649
batch_start_index:92000
batch_end_index:93000
batch_size:1000
----------------------
Appended amplitudes to ../../data.nosync/QED_amplitudes_TreeLevel_2to3.txt
Appended simplified sqamplitudes to ../../data.nosync/QED_sqamplitudes_TreeLevel_2to3.txt
Appended simplified sqamplitudes in prefix notation to ../../data.nosync/QED_sqamplitudes_TreeLevel_2to3_simplified_shortened_hybridprefix.txt
batch:93
started at:2022-09-26 15:40:43.083004
finished at:2022-09-26 15:41:45.943964
batch_start_index:93000
batch_end_index:94000
batch_size:1000
----------------------
Appended amplitudes to ../../data.nosync/QED_amplitudes_TreeLevel_2to3.txt
Appended simplified sqamplitudes to ../../data.nosync/QED_sqamplitudes_TreeLevel_2to3.txt
Appended simplified sqamplitudes in prefix notation to ../../data.nosync/QED_sqamplitudes_TreeLevel_2to3_simplified_shortened_hybridprefix.txt
batch:94
started at:2022-09-26 15:41:45.945734
finished at:2022-09-26 15:42:50.917024
batch_start_index:94000
batch_end_index:95000
batch_size:1000
----------------------
Appended amplitudes to ../../data.nosync/QED_amplitudes_TreeLevel_2to3.txt
Appended simplified sqamplitudes to ../../data.nosync/QED_sqamplitudes_TreeLevel_2to3.txt
Appended simplified sqamplitudes in prefix notation to ../../data.nosync/QED_sqamplitudes_TreeLevel_2to3_simplified_shortened_hybridprefix.txt
batch:95
started at:2022-09-26 15:42:50.918449
finished at:2022-09-26 15:43:57.845683
batch_start_index:95000
batch_end_index:96000
batch_size:1000
----------------------
Appended amplitudes to ../../data.nosync/QED_amplitudes_TreeLevel_2to3.txt
Appended simplified sqamplitudes to ../../data.nosync/QED_sqamplitudes_TreeLevel_2to3.txt
Appended simplified sqamplitudes in prefix notation to ../../data.nosync/QED_sqamplitudes_TreeLevel_2to3_simplified_shortened_hybridprefix.txt
batch:96
started at:2022-09-26 15:43:57.847085
finished at:2022-09-26 15:45:11.308802
batch_start_index:96000
batch_end_index:97000
batch_size:1000
----------------------
Appended amplitudes to ../../data.nosync/QED_amplitudes_TreeLevel_2to3.txt
Appended simplified sqamplitudes to ../../data.nosync/QED_sqamplitudes_TreeLevel_2to3.txt
Appended simplified sqamplitudes in prefix notation to ../../data.nosync/QED_sqamplitudes_TreeLevel_2to3_simplified_shortened_hybridprefix.txt
batch:97
started at:2022-09-26 16:06:09.056847
finished at:2022-09-26 16:08:50.653502
batch_start_index:97000
batch_end_index:98000
batch_size:1000
----------------------
Appended amplitudes to ../../data.nosync/QED_amplitudes_TreeLevel_2to3.txt
Appended simplified sqamplitudes to ../../data.nosync/QED_sqamplitudes_TreeLevel_2to3.txt
Appended simplified sqamplitudes in prefix notation to ../../data.nosync/QED_sqamplitudes_TreeLevel_2to3_simplified_shortened_hybridprefix.txt
batch:98
started at:2022-09-26 16:08:50.654950
finished at:2022-09-26 16:13:01.251300
batch_start_index:98000
batch_end_index:99000
batch_size:1000
----------------------
Appended amplitudes to ../../data.nosync/QED_amplitudes_TreeLevel_2to3.txt
Appended simplified sqamplitudes to ../../data.nosync/QED_sqamplitudes_TreeLevel_2to3.txt
Appended simplified sqamplitudes in prefix notation to ../../data.nosync/QED_sqamplitudes_TreeLevel_2to3_simplified_shortened_hybridprefix.txt
batch:99
started at:2022-09-26 16:13:01.252787
finished at:2022-09-26 16:18:06.391167
batch_start_index:99000
batch_end_index:100000
batch_size:1000
----------------------
Appended amplitudes to ../../data.nosync/QED_amplitudes_TreeLevel_2to3.txt
Appended simplified sqamplitudes to ../../data.nosync/QED_sqamplitudes_TreeLevel_2to3.txt
Appended simplified sqamplitudes in prefix notation to ../../data.nosync/QED_sqamplitudes_TreeLevel_2to3_simplified_shortened_hybridprefix.txt
batch:100
started at:2022-09-26 16:18:06.392537
finished at:2022-09-26 16:36:12.818273
batch_start_index:100000
batch_end_index:101000
batch_size:1000
----------------------
Appended amplitudes to ../../data.nosync/QED_amplitudes_TreeLevel_2to3.txt
Appended simplified sqamplitudes to ../../data.nosync/QED_sqamplitudes_TreeLevel_2to3.txt
Appended simplified sqamplitudes in prefix notation to ../../data.nosync/QED_sqamplitudes_TreeLevel_2to3_simplified_shortened_hybridprefix.txt
batch:101
started at:2022-09-26 16:36:12.819655
finished at:2022-09-26 16:40:50.308190
batch_start_index:101000
batch_end_index:102000
batch_size:1000
----------------------
Appended amplitudes to ../../data.nosync/QED_amplitudes_TreeLevel_2to3.txt
Appended simplified sqamplitudes to ../../data.nosync/QED_sqamplitudes_TreeLevel_2to3.txt
Appended simplified sqamplitudes in prefix notation to ../../data.nosync/QED_sqamplitudes_TreeLevel_2to3_simplified_shortened_hybridprefix.txt
batch:102
started at:2022-09-26 16:40:50.309629
finished at:2022-09-26 16:41:57.951752
batch_start_index:102000
batch_end_index:103000
batch_size:1000
----------------------
Appended amplitudes to ../../data.nosync/QED_amplitudes_TreeLevel_2to3.txt
Appended simplified sqamplitudes to ../../data.nosync/QED_sqamplitudes_TreeLevel_2to3.txt
Appended simplified sqamplitudes in prefix notation to ../../data.nosync/QED_sqamplitudes_TreeLevel_2to3_simplified_shortened_hybridprefix.txt
batch:103
started at:2022-09-26 19:16:07.890768
finished at:2022-09-26 19:22:22.323373
batch_start_index:103000
batch_end_index:104000
batch_size:1000
----------------------
Appended amplitudes to ../../data.nosync/QED_amplitudes_TreeLevel_2to3.txt
Appended simplified sqamplitudes to ../../data.nosync/QED_sqamplitudes_TreeLevel_2to3.txt
Appended simplified sqamplitudes in prefix notation to ../../data.nosync/QED_sqamplitudes_TreeLevel_2to3_simplified_shortened_hybridprefix.txt
batch:104
started at:2022-09-26 19:22:22.324833
finished at:2022-09-26 19:23:34.419139
batch_start_index:104000
batch_end_index:105000
batch_size:1000
----------------------
Appended amplitudes to ../../data.nosync/QED_amplitudes_TreeLevel_2to3.txt
Appended simplified sqamplitudes to ../../data.nosync/QED_sqamplitudes_TreeLevel_2to3.txt
Appended simplified sqamplitudes in prefix notation to ../../data.nosync/QED_sqamplitudes_TreeLevel_2to3_simplified_shortened_hybridprefix.txt
batch:105
started at:2022-09-26 19:23:34.420679
finished at:2022-09-26 19:24:42.639505
batch_start_index:105000
batch_end_index:106000
batch_size:1000
----------------------
Appended amplitudes to ../../data.nosync/QED_amplitudes_TreeLevel_2to3.txt
Appended simplified sqamplitudes to ../../data.nosync/QED_sqamplitudes_TreeLevel_2to3.txt
Appended simplified sqamplitudes in prefix notation to ../../data.nosync/QED_sqamplitudes_TreeLevel_2to3_simplified_shortened_hybridprefix.txt
batch:106
started at:2022-09-26 19:24:42.641039
finished at:2022-09-26 19:26:39.552565
batch_start_index:106000
batch_end_index:107000
batch_size:1000
----------------------
Appended amplitudes to ../../data.nosync/QED_amplitudes_TreeLevel_2to3.txt
Appended simplified sqamplitudes to ../../data.nosync/QED_sqamplitudes_TreeLevel_2to3.txt
Appended simplified sqamplitudes in prefix notation to ../../data.nosync/QED_sqamplitudes_TreeLevel_2to3_simplified_shortened_hybridprefix.txt
batch:107
started at:2022-09-26 19:26:39.554100
finished at:2022-09-26 19:28:06.021139
batch_start_index:107000
batch_end_index:108000
batch_size:1000
----------------------
Appended amplitudes to ../../data.nosync/QED_amplitudes_TreeLevel_2to3.txt
Appended simplified sqamplitudes to ../../data.nosync/QED_sqamplitudes_TreeLevel_2to3.txt
Appended simplified sqamplitudes in prefix notation to ../../data.nosync/QED_sqamplitudes_TreeLevel_2to3_simplified_shortened_hybridprefix.txt
batch:108
started at:2022-09-26 19:28:06.022664
finished at:2022-09-26 19:33:06.439123
batch_start_index:108000
batch_end_index:109000
batch_size:1000
----------------------
Appended amplitudes to ../../data.nosync/QED_amplitudes_TreeLevel_2to3.txt
Appended simplified sqamplitudes to ../../data.nosync/QED_sqamplitudes_TreeLevel_2to3.txt
Appended simplified sqamplitudes in prefix notation to ../../data.nosync/QED_sqamplitudes_TreeLevel_2to3_simplified_shortened_hybridprefix.txt
batch:109
started at:2022-09-26 19:33:06.440700
finished at:2022-09-26 19:34:16.527616
batch_start_index:109000
batch_end_index:110000
batch_size:1000
----------------------
Appended amplitudes to ../../data.nosync/QED_amplitudes_TreeLevel_2to3.txt
Appended simplified sqamplitudes to ../../data.nosync/QED_sqamplitudes_TreeLevel_2to3.txt
Appended simplified sqamplitudes in prefix notation to ../../data.nosync/QED_sqamplitudes_TreeLevel_2to3_simplified_shortened_hybridprefix.txt
batch:110
started at:2022-09-26 19:34:16.529072
finished at:2022-09-26 19:35:22.189059
batch_start_index:110000
batch_end_index:111000
batch_size:1000
----------------------
Appended amplitudes to ../../data.nosync/QED_amplitudes_TreeLevel_2to3.txt
Appended simplified sqamplitudes to ../../data.nosync/QED_sqamplitudes_TreeLevel_2to3.txt
Appended simplified sqamplitudes in prefix notation to ../../data.nosync/QED_sqamplitudes_TreeLevel_2to3_simplified_shortened_hybridprefix.txt
batch:111
started at:2022-09-26 19:35:22.190459
finished at:2022-09-26 19:40:13.514960
batch_start_index:111000
batch_end_index:112000
batch_size:1000
----------------------
Appended amplitudes to ../../data.nosync/QED_amplitudes_TreeLevel_2to3.txt
Appended simplified sqamplitudes to ../../data.nosync/QED_sqamplitudes_TreeLevel_2to3.txt
Appended simplified sqamplitudes in prefix notation to ../../data.nosync/QED_sqamplitudes_TreeLevel_2to3_simplified_shortened_hybridprefix.txt
batch:112
started at:2022-09-26 19:40:13.516428
finished at:2022-09-26 19:41:16.015041
batch_start_index:112000
batch_end_index:113000
batch_size:1000
----------------------
Appended amplitudes to ../../data.nosync/QED_amplitudes_TreeLevel_2to3.txt
Appended simplified sqamplitudes to ../../data.nosync/QED_sqamplitudes_TreeLevel_2to3.txt
Appended simplified sqamplitudes in prefix notation to ../../data.nosync/QED_sqamplitudes_TreeLevel_2to3_simplified_shortened_hybridprefix.txt
batch:113
started at:2022-09-26 19:41:16.016412
finished at:2022-09-26 19:46:11.572928
batch_start_index:113000
batch_end_index:114000
batch_size:1000
----------------------
Appended amplitudes to ../../data.nosync/QED_amplitudes_TreeLevel_2to3.txt
Appended simplified sqamplitudes to ../../data.nosync/QED_sqamplitudes_TreeLevel_2to3.txt
Appended simplified sqamplitudes in prefix notation to ../../data.nosync/QED_sqamplitudes_TreeLevel_2to3_simplified_shortened_hybridprefix.txt
batch:114
started at:2022-09-26 20:35:28.487932
finished at:2022-09-26 20:40:02.233897
batch_start_index:114000
batch_end_index:115000
batch_size:1000
----------------------
Appended amplitudes to ../../data.nosync/QED_amplitudes_TreeLevel_2to3.txt
Appended simplified sqamplitudes to ../../data.nosync/QED_sqamplitudes_TreeLevel_2to3.txt
Appended simplified sqamplitudes in prefix notation to ../../data.nosync/QED_sqamplitudes_TreeLevel_2to3_simplified_shortened_hybridprefix.txt
batch:115
started at:2022-09-26 20:40:02.235470
finished at:2022-09-26 20:41:01.418561
batch_start_index:115000
batch_end_index:116000
batch_size:1000
----------------------
Appended amplitudes to ../../data.nosync/QED_amplitudes_TreeLevel_2to3.txt
Appended simplified sqamplitudes to ../../data.nosync/QED_sqamplitudes_TreeLevel_2to3.txt
Appended simplified sqamplitudes in prefix notation to ../../data.nosync/QED_sqamplitudes_TreeLevel_2to3_simplified_shortened_hybridprefix.txt
batch:116
started at:2022-09-26 20:41:01.420100
finished at:2022-09-26 20:42:19.831428
batch_start_index:116000
batch_end_index:117000
batch_size:1000
----------------------
Appended amplitudes to ../../data.nosync/QED_amplitudes_TreeLevel_2to3.txt
Appended simplified sqamplitudes to ../../data.nosync/QED_sqamplitudes_TreeLevel_2to3.txt
Appended simplified sqamplitudes in prefix notation to ../../data.nosync/QED_sqamplitudes_TreeLevel_2to3_simplified_shortened_hybridprefix.txt
batch:117
started at:2022-09-27 01:11:32.341782
finished at:2022-09-27 01:13:57.333767
batch_start_index:117000
batch_end_index:118000
batch_size:1000
----------------------
Appended amplitudes to ../../data.nosync/QED_amplitudes_TreeLevel_2to3.txt
Appended simplified sqamplitudes to ../../data.nosync/QED_sqamplitudes_TreeLevel_2to3.txt
Appended simplified sqamplitudes in prefix notation to ../../data.nosync/QED_sqamplitudes_TreeLevel_2to3_simplified_shortened_hybridprefix.txt
batch:118
started at:2022-09-27 01:13:57.335316
finished at:2022-09-27 01:18:39.039078
batch_start_index:118000
batch_end_index:119000
batch_size:1000
----------------------
Appended amplitudes to ../../data.nosync/QED_amplitudes_TreeLevel_2to3.txt
Appended simplified sqamplitudes to ../../data.nosync/QED_sqamplitudes_TreeLevel_2to3.txt
Appended simplified sqamplitudes in prefix notation to ../../data.nosync/QED_sqamplitudes_TreeLevel_2to3_simplified_shortened_hybridprefix.txt
batch:119
started at:2022-09-27 01:18:39.040548
finished at:2022-09-27 01:23:20.692160
batch_start_index:119000
batch_end_index:120000
batch_size:1000
----------------------
Appended amplitudes to ../../data.nosync/QED_amplitudes_TreeLevel_2to3.txt
Appended simplified sqamplitudes to ../../data.nosync/QED_sqamplitudes_TreeLevel_2to3.txt
Appended simplified sqamplitudes in prefix notation to ../../data.nosync/QED_sqamplitudes_TreeLevel_2to3_simplified_shortened_hybridprefix.txt
batch:120
started at:2022-09-27 01:23:20.693615
finished at:2022-09-27 01:28:15.069455
batch_start_index:120000
batch_end_index:121000
batch_size:1000
----------------------
Appended amplitudes to ../../data.nosync/QED_amplitudes_TreeLevel_2to3.txt
Appended simplified sqamplitudes to ../../data.nosync/QED_sqamplitudes_TreeLevel_2to3.txt
Appended simplified sqamplitudes in prefix notation to ../../data.nosync/QED_sqamplitudes_TreeLevel_2to3_simplified_shortened_hybridprefix.txt
batch:121
started at:2022-09-27 01:28:15.070851
finished at:2022-09-27 01:29:15.811596
batch_start_index:121000
batch_end_index:122000
batch_size:1000
----------------------
Appended amplitudes to ../../data.nosync/QED_amplitudes_TreeLevel_2to3.txt
Appended simplified sqamplitudes to ../../data.nosync/QED_sqamplitudes_TreeLevel_2to3.txt
Appended simplified sqamplitudes in prefix notation to ../../data.nosync/QED_sqamplitudes_TreeLevel_2to3_simplified_shortened_hybridprefix.txt
batch:122
started at:2022-09-27 01:29:15.813130
finished at:2022-09-27 01:30:23.267184
batch_start_index:122000
batch_end_index:123000
batch_size:1000
----------------------
Appended amplitudes to ../../data.nosync/QED_amplitudes_TreeLevel_2to3.txt
Appended simplified sqamplitudes to ../../data.nosync/QED_sqamplitudes_TreeLevel_2to3.txt
Appended simplified sqamplitudes in prefix notation to ../../data.nosync/QED_sqamplitudes_TreeLevel_2to3_simplified_shortened_hybridprefix.txt
batch:123
started at:2022-09-27 01:30:23.268731
finished at:2022-09-27 01:31:25.821533
batch_start_index:123000
batch_end_index:124000
batch_size:1000
----------------------
Appended amplitudes to ../../data.nosync/QED_amplitudes_TreeLevel_2to3.txt
Appended simplified sqamplitudes to ../../data.nosync/QED_sqamplitudes_TreeLevel_2to3.txt
Appended simplified sqamplitudes in prefix notation to ../../data.nosync/QED_sqamplitudes_TreeLevel_2to3_simplified_shortened_hybridprefix.txt
batch:124
started at:2022-09-27 01:31:25.822962
finished at:2022-09-27 01:32:26.655535
batch_start_index:124000
batch_end_index:125000
batch_size:1000
----------------------
Appended amplitudes to ../../data.nosync/QED_amplitudes_TreeLevel_2to3.txt
Appended simplified sqamplitudes to ../../data.nosync/QED_sqamplitudes_TreeLevel_2to3.txt
Appended simplified sqamplitudes in prefix notation to ../../data.nosync/QED_sqamplitudes_TreeLevel_2to3_simplified_shortened_hybridprefix.txt
batch:125
started at:2022-09-27 02:13:20.873558
finished at:2022-09-27 02:19:29.388721
batch_start_index:125000
batch_end_index:126000
batch_size:1000
----------------------
Appended amplitudes to ../../data.nosync/QED_amplitudes_TreeLevel_2to3.txt
Appended simplified sqamplitudes to ../../data.nosync/QED_sqamplitudes_TreeLevel_2to3.txt
Appended simplified sqamplitudes in prefix notation to ../../data.nosync/QED_sqamplitudes_TreeLevel_2to3_simplified_shortened_hybridprefix.txt
batch:126
started at:2022-09-27 02:19:29.390434
finished at:2022-09-27 02:21:15.601502
batch_start_index:126000
batch_end_index:127000
batch_size:1000
----------------------
Appended amplitudes to ../../data.nosync/QED_amplitudes_TreeLevel_2to3.txt
Appended simplified sqamplitudes to ../../data.nosync/QED_sqamplitudes_TreeLevel_2to3.txt
Appended simplified sqamplitudes in prefix notation to ../../data.nosync/QED_sqamplitudes_TreeLevel_2to3_simplified_shortened_hybridprefix.txt
batch:127
started at:2022-09-27 02:21:15.603210
finished at:2022-09-27 02:22:25.462587
batch_start_index:127000
batch_end_index:128000
batch_size:1000
----------------------
Appended amplitudes to ../../data.nosync/QED_amplitudes_TreeLevel_2to3.txt
Appended simplified sqamplitudes to ../../data.nosync/QED_sqamplitudes_TreeLevel_2to3.txt
Appended simplified sqamplitudes in prefix notation to ../../data.nosync/QED_sqamplitudes_TreeLevel_2to3_simplified_shortened_hybridprefix.txt
batch:128
started at:2022-09-27 02:22:25.464353
finished at:2022-09-27 02:23:30.245734
batch_start_index:128000
batch_end_index:129000
batch_size:1000
----------------------
Appended amplitudes to ../../data.nosync/QED_amplitudes_TreeLevel_2to3.txt
Appended simplified sqamplitudes to ../../data.nosync/QED_sqamplitudes_TreeLevel_2to3.txt
Appended simplified sqamplitudes in prefix notation to ../../data.nosync/QED_sqamplitudes_TreeLevel_2to3_simplified_shortened_hybridprefix.txt
batch:129
started at:2022-09-27 02:23:30.246529
finished at:2022-09-27 02:23:37.250776
batch_start_index:129000
batch_end_index:130000
batch_size:1000
----------------------
