Starting calculation at:2022-08-24 13:05:34.149392
Worked on folders:1to2/2to1/2to2/
batch_size:1000
lines:11808
num_batches:12
----------------------
----------------------
Appended amplitudes to ../data.nosync/QED_amplitudes_TreeLevel_UpTo2to2.txt
Appended simplified sqamplitudes to ../data.nosync/QED_sqamplitudes_TreeLevel_UpTo2to2_simplified.txt
Appended simplified sqamplitudes in prefix notation to ../data.nosync/QED_sqamplitudes_TreeLevel_UpTo2to2_simplified_shortened_hybridprefix.txt
batch:0
started at:2022-08-24 13:05:34.149535
finished at:2022-08-24 13:05:37.605035
batch_start_index:0
batch_end_index:1000
batch_size:1000
----------------------
Appended amplitudes to ../data.nosync/QED_amplitudes_TreeLevel_UpTo2to2.txt
Appended simplified sqamplitudes to ../data.nosync/QED_sqamplitudes_TreeLevel_UpTo2to2_simplified.txt
Appended simplified sqamplitudes in prefix notation to ../data.nosync/QED_sqamplitudes_TreeLevel_UpTo2to2_simplified_shortened_hybridprefix.txt
batch:1
started at:2022-08-24 13:05:37.605511
finished at:2022-08-24 13:05:44.204656
batch_start_index:1000
batch_end_index:2000
batch_size:1000
----------------------
Appended amplitudes to ../data.nosync/QED_amplitudes_TreeLevel_UpTo2to2.txt
Appended simplified sqamplitudes to ../data.nosync/QED_sqamplitudes_TreeLevel_UpTo2to2_simplified.txt
Appended simplified sqamplitudes in prefix notation to ../data.nosync/QED_sqamplitudes_TreeLevel_UpTo2to2_simplified_shortened_hybridprefix.txt
batch:2
started at:2022-08-24 13:05:44.205141
finished at:2022-08-24 13:05:50.957600
batch_start_index:2000
batch_end_index:3000
batch_size:1000
----------------------
Appended amplitudes to ../data.nosync/QED_amplitudes_TreeLevel_UpTo2to2.txt
Appended simplified sqamplitudes to ../data.nosync/QED_sqamplitudes_TreeLevel_UpTo2to2_simplified.txt
Appended simplified sqamplitudes in prefix notation to ../data.nosync/QED_sqamplitudes_TreeLevel_UpTo2to2_simplified_shortened_hybridprefix.txt
batch:3
started at:2022-08-24 13:05:50.958124
finished at:2022-08-24 13:05:57.928796
batch_start_index:3000
batch_end_index:4000
batch_size:1000
----------------------
Appended amplitudes to ../data.nosync/QED_amplitudes_TreeLevel_UpTo2to2.txt
Appended simplified sqamplitudes to ../data.nosync/QED_sqamplitudes_TreeLevel_UpTo2to2_simplified.txt
Appended simplified sqamplitudes in prefix notation to ../data.nosync/QED_sqamplitudes_TreeLevel_UpTo2to2_simplified_shortened_hybridprefix.txt
batch:4
started at:2022-08-24 13:05:57.929284
finished at:2022-08-24 13:06:04.595720
batch_start_index:4000
batch_end_index:5000
batch_size:1000
----------------------
Appended amplitudes to ../data.nosync/QED_amplitudes_TreeLevel_UpTo2to2.txt
Appended simplified sqamplitudes to ../data.nosync/QED_sqamplitudes_TreeLevel_UpTo2to2_simplified.txt
Appended simplified sqamplitudes in prefix notation to ../data.nosync/QED_sqamplitudes_TreeLevel_UpTo2to2_simplified_shortened_hybridprefix.txt
batch:5
started at:2022-08-24 13:06:04.596226
finished at:2022-08-24 13:06:11.924104
batch_start_index:5000
batch_end_index:6000
batch_size:1000
----------------------
Appended amplitudes to ../data.nosync/QED_amplitudes_TreeLevel_UpTo2to2.txt
Appended simplified sqamplitudes to ../data.nosync/QED_sqamplitudes_TreeLevel_UpTo2to2_simplified.txt
Appended simplified sqamplitudes in prefix notation to ../data.nosync/QED_sqamplitudes_TreeLevel_UpTo2to2_simplified_shortened_hybridprefix.txt
batch:6
started at:2022-08-24 13:06:11.924363
finished at:2022-08-24 13:06:19.043715
batch_start_index:6000
batch_end_index:7000
batch_size:1000
----------------------
Appended amplitudes to ../data.nosync/QED_amplitudes_TreeLevel_UpTo2to2.txt
Appended simplified sqamplitudes to ../data.nosync/QED_sqamplitudes_TreeLevel_UpTo2to2_simplified.txt
Appended simplified sqamplitudes in prefix notation to ../data.nosync/QED_sqamplitudes_TreeLevel_UpTo2to2_simplified_shortened_hybridprefix.txt
batch:7
started at:2022-08-24 13:06:19.044208
finished at:2022-08-24 13:06:26.307373
batch_start_index:7000
batch_end_index:8000
batch_size:1000
----------------------
Appended amplitudes to ../data.nosync/QED_amplitudes_TreeLevel_UpTo2to2.txt
Appended simplified sqamplitudes to ../data.nosync/QED_sqamplitudes_TreeLevel_UpTo2to2_simplified.txt
Appended simplified sqamplitudes in prefix notation to ../data.nosync/QED_sqamplitudes_TreeLevel_UpTo2to2_simplified_shortened_hybridprefix.txt
batch:8
started at:2022-08-24 13:06:26.307851
finished at:2022-08-24 13:06:33.228572
batch_start_index:8000
batch_end_index:9000
batch_size:1000
----------------------
Appended amplitudes to ../data.nosync/QED_amplitudes_TreeLevel_UpTo2to2.txt
Appended simplified sqamplitudes to ../data.nosync/QED_sqamplitudes_TreeLevel_UpTo2to2_simplified.txt
Appended simplified sqamplitudes in prefix notation to ../data.nosync/QED_sqamplitudes_TreeLevel_UpTo2to2_simplified_shortened_hybridprefix.txt
batch:9
started at:2022-08-24 13:06:33.229089
finished at:2022-08-24 13:06:40.664010
batch_start_index:9000
batch_end_index:10000
batch_size:1000
----------------------
Appended amplitudes to ../data.nosync/QED_amplitudes_TreeLevel_UpTo2to2.txt
Appended simplified sqamplitudes to ../data.nosync/QED_sqamplitudes_TreeLevel_UpTo2to2_simplified.txt
Appended simplified sqamplitudes in prefix notation to ../data.nosync/QED_sqamplitudes_TreeLevel_UpTo2to2_simplified_shortened_hybridprefix.txt
batch:10
started at:2022-08-24 13:06:40.664541
finished at:2022-08-24 13:06:48.488928
batch_start_index:10000
batch_end_index:11000
batch_size:1000
----------------------
Appended amplitudes to ../data.nosync/QED_amplitudes_TreeLevel_UpTo2to2.txt
Appended simplified sqamplitudes to ../data.nosync/QED_sqamplitudes_TreeLevel_UpTo2to2_simplified.txt
Appended simplified sqamplitudes in prefix notation to ../data.nosync/QED_sqamplitudes_TreeLevel_UpTo2to2_simplified_shortened_hybridprefix.txt
batch:11
started at:2022-08-24 13:06:48.489424
finished at:2022-08-24 13:06:55.207351
batch_start_index:11000
batch_end_index:12000
batch_size:1000
----------------------
