Starting calculation at:2022-10-04 12:03:29.203503
Worked on folders:2to2/
batch_size:1000
lines:10944
num_batches:11
----------------------
----------------------
Appended amplitudes to ../../data.nosync/QED_amplitudes_TreeLevel_2to2.txt
Appended simplified sqamplitudes to ../../data.nosync/QED_sqamplitudes_TreeLevel_2to2.txt
Appended simplified sqamplitudes in prefix notation to ../../data.nosync/QED_sqamplitudes_TreeLevel_2to2_simplified_shortened_hybridprefix.txt
batch:0
started at:2022-10-04 12:03:29.203662
finished at:2022-10-04 12:03:40.229992
batch_start_index:0
batch_end_index:1000
batch_size:1000
----------------------
Appended amplitudes to ../../data.nosync/QED_amplitudes_TreeLevel_2to2.txt
Appended simplified sqamplitudes to ../../data.nosync/QED_sqamplitudes_TreeLevel_2to2.txt
Appended simplified sqamplitudes in prefix notation to ../../data.nosync/QED_sqamplitudes_TreeLevel_2to2_simplified_shortened_hybridprefix.txt
batch:1
started at:2022-10-04 12:03:40.230635
finished at:2022-10-04 12:03:51.672643
batch_start_index:1000
batch_end_index:2000
batch_size:1000
----------------------
Appended amplitudes to ../../data.nosync/QED_amplitudes_TreeLevel_2to2.txt
Appended simplified sqamplitudes to ../../data.nosync/QED_sqamplitudes_TreeLevel_2to2.txt
Appended simplified sqamplitudes in prefix notation to ../../data.nosync/QED_sqamplitudes_TreeLevel_2to2_simplified_shortened_hybridprefix.txt
batch:2
started at:2022-10-04 12:03:51.673215
finished at:2022-10-04 12:04:03.235903
batch_start_index:2000
batch_end_index:3000
batch_size:1000
----------------------
Appended amplitudes to ../../data.nosync/QED_amplitudes_TreeLevel_2to2.txt
Appended simplified sqamplitudes to ../../data.nosync/QED_sqamplitudes_TreeLevel_2to2.txt
Appended simplified sqamplitudes in prefix notation to ../../data.nosync/QED_sqamplitudes_TreeLevel_2to2_simplified_shortened_hybridprefix.txt
batch:3
started at:2022-10-04 12:04:03.236461
finished at:2022-10-04 12:04:14.289105
batch_start_index:3000
batch_end_index:4000
batch_size:1000
----------------------
Appended amplitudes to ../../data.nosync/QED_amplitudes_TreeLevel_2to2.txt
Appended simplified sqamplitudes to ../../data.nosync/QED_sqamplitudes_TreeLevel_2to2.txt
Appended simplified sqamplitudes in prefix notation to ../../data.nosync/QED_sqamplitudes_TreeLevel_2to2_simplified_shortened_hybridprefix.txt
batch:4
started at:2022-10-04 12:04:14.289678
finished at:2022-10-04 12:04:26.170010
batch_start_index:4000
batch_end_index:5000
batch_size:1000
----------------------
Appended amplitudes to ../../data.nosync/QED_amplitudes_TreeLevel_2to2.txt
Appended simplified sqamplitudes to ../../data.nosync/QED_sqamplitudes_TreeLevel_2to2.txt
Appended simplified sqamplitudes in prefix notation to ../../data.nosync/QED_sqamplitudes_TreeLevel_2to2_simplified_shortened_hybridprefix.txt
batch:5
started at:2022-10-04 12:04:26.170612
finished at:2022-10-04 12:04:38.037358
batch_start_index:5000
batch_end_index:6000
batch_size:1000
----------------------
Appended amplitudes to ../../data.nosync/QED_amplitudes_TreeLevel_2to2.txt
Appended simplified sqamplitudes to ../../data.nosync/QED_sqamplitudes_TreeLevel_2to2.txt
Appended simplified sqamplitudes in prefix notation to ../../data.nosync/QED_sqamplitudes_TreeLevel_2to2_simplified_shortened_hybridprefix.txt
batch:6
started at:2022-10-04 12:04:38.037914
finished at:2022-10-04 12:04:49.743420
batch_start_index:6000
batch_end_index:7000
batch_size:1000
----------------------
Appended amplitudes to ../../data.nosync/QED_amplitudes_TreeLevel_2to2.txt
Appended simplified sqamplitudes to ../../data.nosync/QED_sqamplitudes_TreeLevel_2to2.txt
Appended simplified sqamplitudes in prefix notation to ../../data.nosync/QED_sqamplitudes_TreeLevel_2to2_simplified_shortened_hybridprefix.txt
batch:7
started at:2022-10-04 12:04:49.743960
finished at:2022-10-04 12:05:01.255077
batch_start_index:7000
batch_end_index:8000
batch_size:1000
----------------------
Appended amplitudes to ../../data.nosync/QED_amplitudes_TreeLevel_2to2.txt
Appended simplified sqamplitudes to ../../data.nosync/QED_sqamplitudes_TreeLevel_2to2.txt
Appended simplified sqamplitudes in prefix notation to ../../data.nosync/QED_sqamplitudes_TreeLevel_2to2_simplified_shortened_hybridprefix.txt
batch:8
started at:2022-10-04 12:05:01.255681
finished at:2022-10-04 12:05:13.121683
batch_start_index:8000
batch_end_index:9000
batch_size:1000
----------------------
Appended amplitudes to ../../data.nosync/QED_amplitudes_TreeLevel_2to2.txt
Appended simplified sqamplitudes to ../../data.nosync/QED_sqamplitudes_TreeLevel_2to2.txt
Appended simplified sqamplitudes in prefix notation to ../../data.nosync/QED_sqamplitudes_TreeLevel_2to2_simplified_shortened_hybridprefix.txt
batch:9
started at:2022-10-04 12:05:13.121992
finished at:2022-10-04 12:05:25.444539
batch_start_index:9000
batch_end_index:10000
batch_size:1000
----------------------
Appended amplitudes to ../../data.nosync/QED_amplitudes_TreeLevel_2to2.txt
Appended simplified sqamplitudes to ../../data.nosync/QED_sqamplitudes_TreeLevel_2to2.txt
Appended simplified sqamplitudes in prefix notation to ../../data.nosync/QED_sqamplitudes_TreeLevel_2to2_simplified_shortened_hybridprefix.txt
batch:10
started at:2022-10-04 12:05:25.445159
finished at:2022-10-04 12:05:37.572061
batch_start_index:10000
batch_end_index:11000
batch_size:1000
----------------------
